[0.256s] Invoking command in '/home/alfajer/ros2_ws/build/mecanum_nodes': CONDA_PROMPT_MODIFIER=(ros_env) PYTHONPATH=/home/alfajer/ros2_ws/build/mecanum_nodes/prefix_override:/usr/lib/python3/dist-packages/colcon_core/task/python/colcon_distutils_commands:/home/alfajer/ros2_ws/install/mecanum_nodes/lib/python3.10/site-packages:${PYTHONPATH} /usr/bin/python3 -W ignore:setup.py install is deprecated -W ignore:easy_install command is deprecated setup.py develop --editable --build-directory /home/alfajer/ros2_ws/build/mecanum_nodes/build --no-deps symlink_data
[0.360s] running develop
[0.414s] running egg_info
[0.414s] creating mecanum_nodes.egg-info
[0.414s] writing mecanum_nodes.egg-info/PKG-INFO
[0.414s] writing dependency_links to mecanum_nodes.egg-info/dependency_links.txt
[0.414s] writing entry points to mecanum_nodes.egg-info/entry_points.txt
[0.414s] writing requirements to mecanum_nodes.egg-info/requires.txt
[0.414s] writing top-level names to mecanum_nodes.egg-info/top_level.txt
[0.414s] writing manifest file 'mecanum_nodes.egg-info/SOURCES.txt'
[0.414s] reading manifest file 'mecanum_nodes.egg-info/SOURCES.txt'
[0.414s] writing manifest file 'mecanum_nodes.egg-info/SOURCES.txt'
[0.415s] running build_ext
[0.415s] Creating /home/alfajer/ros2_ws/install/mecanum_nodes/lib/python3.10/site-packages/mecanum-nodes.egg-link (link to .)
[0.416s] Installing controller script to /home/alfajer/ros2_ws/install/mecanum_nodes/lib/mecanum_nodes
[0.416s] Installing planner script to /home/alfajer/ros2_ws/install/mecanum_nodes/lib/mecanum_nodes
[0.416s] 
[0.416s] Installed /home/alfajer/ros2_ws/build/mecanum_nodes
[0.416s] running symlink_data
[0.416s] creating /home/alfajer/ros2_ws/install/mecanum_nodes/share/ament_index
[0.416s] creating /home/alfajer/ros2_ws/install/mecanum_nodes/share/ament_index/resource_index
[0.416s] creating /home/alfajer/ros2_ws/install/mecanum_nodes/share/ament_index/resource_index/packages
[0.416s] symbolically linking /home/alfajer/ros2_ws/build/mecanum_nodes/resource/mecanum_nodes -> /home/alfajer/ros2_ws/install/mecanum_nodes/share/ament_index/resource_index/packages
[0.416s] symbolically linking /home/alfajer/ros2_ws/build/mecanum_nodes/package.xml -> /home/alfajer/ros2_ws/install/mecanum_nodes/share/mecanum_nodes
[0.428s] Invoked command in '/home/alfajer/ros2_ws/build/mecanum_nodes' returned '0': CONDA_PROMPT_MODIFIER=(ros_env) PYTHONPATH=/home/alfajer/ros2_ws/build/mecanum_nodes/prefix_override:/usr/lib/python3/dist-packages/colcon_core/task/python/colcon_distutils_commands:/home/alfajer/ros2_ws/install/mecanum_nodes/lib/python3.10/site-packages:${PYTHONPATH} /usr/bin/python3 -W ignore:setup.py install is deprecated -W ignore:easy_install command is deprecated setup.py develop --editable --build-directory /home/alfajer/ros2_ws/build/mecanum_nodes/build --no-deps symlink_data
