running egg_info
writing ../../build/mecanum_nodes/mecanum_nodes.egg-info/PKG-INFO
writing dependency_links to ../../build/mecanum_nodes/mecanum_nodes.egg-info/dependency_links.txt
writing entry points to ../../build/mecanum_nodes/mecanum_nodes.egg-info/entry_points.txt
writing requirements to ../../build/mecanum_nodes/mecanum_nodes.egg-info/requires.txt
writing top-level names to ../../build/mecanum_nodes/mecanum_nodes.egg-info/top_level.txt
reading manifest file '../../build/mecanum_nodes/mecanum_nodes.egg-info/SOURCES.txt'
writing manifest file '../../build/mecanum_nodes/mecanum_nodes.egg-info/SOURCES.txt'
running build
running build_py
running install
running install_lib
running install_data
running install_egg_info
removing '/home/alfajer/ros2_ws/install/mecanum_nodes/lib/python3.10/site-packages/mecanum_nodes-0.0.1-py3.10.egg-info' (and everything under it)
Copying ../../build/mecanum_nodes/mecanum_nodes.egg-info to /home/alfajer/ros2_ws/install/mecanum_nodes/lib/python3.10/site-packages/mecanum_nodes-0.0.1-py3.10.egg-info
running install_scripts
Installing controller script to /home/alfajer/ros2_ws/install/mecanum_nodes/lib/mecanum_nodes
Installing planner script to /home/alfajer/ros2_ws/install/mecanum_nodes/lib/mecanum_nodes
writing list of installed files to '/home/alfajer/ros2_ws/build/mecanum_nodes/install.log'
