[0.371s] Invoking command in '/home/sheitej/sherlock_ros/sherlock_ros-main_Cpp/src/mecanum_nodes': PYTHONPATH=/home/sheitej/sherlock_ros/build/mecanum_nodes/prefix_override:/usr/lib/python3/dist-packages/colcon_core/task/python/colcon_distutils_commands:/home/sheitej/sherlock_ros/install/mecanum_nodes/lib/python3.10/site-packages:${PYTHONPATH} /usr/bin/python3 -W ignore:setup.py install is deprecated -W ignore:easy_install command is deprecated setup.py egg_info --egg-base ../../../build/mecanum_nodes build --build-base /home/sheitej/sherlock_ros/build/mecanum_nodes/build install --record /home/sheitej/sherlock_ros/build/mecanum_nodes/install.log --single-version-externally-managed install_data
[0.497s] running egg_info
[0.497s] creating ../../../build/mecanum_nodes/mecanum_nodes.egg-info
[0.497s] writing ../../../build/mecanum_nodes/mecanum_nodes.egg-info/PKG-INFO
[0.497s] writing dependency_links to ../../../build/mecanum_nodes/mecanum_nodes.egg-info/dependency_links.txt
[0.497s] writing entry points to ../../../build/mecanum_nodes/mecanum_nodes.egg-info/entry_points.txt
[0.497s] writing requirements to ../../../build/mecanum_nodes/mecanum_nodes.egg-info/requires.txt
[0.497s] writing top-level names to ../../../build/mecanum_nodes/mecanum_nodes.egg-info/top_level.txt
[0.497s] writing manifest file '../../../build/mecanum_nodes/mecanum_nodes.egg-info/SOURCES.txt'
[0.498s] reading manifest file '../../../build/mecanum_nodes/mecanum_nodes.egg-info/SOURCES.txt'
[0.498s] writing manifest file '../../../build/mecanum_nodes/mecanum_nodes.egg-info/SOURCES.txt'
[0.499s] running build
[0.499s] running build_py
[0.499s] creating /home/sheitej/sherlock_ros/build/mecanum_nodes/build
[0.499s] creating /home/sheitej/sherlock_ros/build/mecanum_nodes/build/lib
[0.499s] creating /home/sheitej/sherlock_ros/build/mecanum_nodes/build/lib/mecanum_nodes
[0.499s] copying mecanum_nodes/planner_node.py -> /home/sheitej/sherlock_ros/build/mecanum_nodes/build/lib/mecanum_nodes
[0.499s] copying mecanum_nodes/main.py -> /home/sheitej/sherlock_ros/build/mecanum_nodes/build/lib/mecanum_nodes
[0.499s] copying mecanum_nodes/serial_publisher.py -> /home/sheitej/sherlock_ros/build/mecanum_nodes/build/lib/mecanum_nodes
[0.499s] copying mecanum_nodes/data_packet.py -> /home/sheitej/sherlock_ros/build/mecanum_nodes/build/lib/mecanum_nodes
[0.499s] copying mecanum_nodes/publisher.py -> /home/sheitej/sherlock_ros/build/mecanum_nodes/build/lib/mecanum_nodes
[0.499s] copying mecanum_nodes/poly_utils.py -> /home/sheitej/sherlock_ros/build/mecanum_nodes/build/lib/mecanum_nodes
[0.499s] copying mecanum_nodes/mecanum_kinematics.py -> /home/sheitej/sherlock_ros/build/mecanum_nodes/build/lib/mecanum_nodes
[0.499s] copying mecanum_nodes/data_manager.py -> /home/sheitej/sherlock_ros/build/mecanum_nodes/build/lib/mecanum_nodes
[0.499s] copying mecanum_nodes/controller_node.py -> /home/sheitej/sherlock_ros/build/mecanum_nodes/build/lib/mecanum_nodes
[0.499s] copying mecanum_nodes/serial_test.py -> /home/sheitej/sherlock_ros/build/mecanum_nodes/build/lib/mecanum_nodes
[0.499s] copying mecanum_nodes/serial_subscriber.py -> /home/sheitej/sherlock_ros/build/mecanum_nodes/build/lib/mecanum_nodes
[0.499s] copying mecanum_nodes/__init__.py -> /home/sheitej/sherlock_ros/build/mecanum_nodes/build/lib/mecanum_nodes
[0.499s] copying mecanum_nodes/serial_subscriber_old.py -> /home/sheitej/sherlock_ros/build/mecanum_nodes/build/lib/mecanum_nodes
[0.499s] running install
[0.499s] running install_lib
[0.500s] creating /home/sheitej/sherlock_ros/install/mecanum_nodes/lib/python3.10/site-packages/mecanum_nodes
[0.500s] copying /home/sheitej/sherlock_ros/build/mecanum_nodes/build/lib/mecanum_nodes/planner_node.py -> /home/sheitej/sherlock_ros/install/mecanum_nodes/lib/python3.10/site-packages/mecanum_nodes
[0.500s] copying /home/sheitej/sherlock_ros/build/mecanum_nodes/build/lib/mecanum_nodes/main.py -> /home/sheitej/sherlock_ros/install/mecanum_nodes/lib/python3.10/site-packages/mecanum_nodes
[0.500s] copying /home/sheitej/sherlock_ros/build/mecanum_nodes/build/lib/mecanum_nodes/serial_publisher.py -> /home/sheitej/sherlock_ros/install/mecanum_nodes/lib/python3.10/site-packages/mecanum_nodes
[0.500s] copying /home/sheitej/sherlock_ros/build/mecanum_nodes/build/lib/mecanum_nodes/data_packet.py -> /home/sheitej/sherlock_ros/install/mecanum_nodes/lib/python3.10/site-packages/mecanum_nodes
[0.500s] copying /home/sheitej/sherlock_ros/build/mecanum_nodes/build/lib/mecanum_nodes/publisher.py -> /home/sheitej/sherlock_ros/install/mecanum_nodes/lib/python3.10/site-packages/mecanum_nodes
[0.500s] copying /home/sheitej/sherlock_ros/build/mecanum_nodes/build/lib/mecanum_nodes/poly_utils.py -> /home/sheitej/sherlock_ros/install/mecanum_nodes/lib/python3.10/site-packages/mecanum_nodes
[0.500s] copying /home/sheitej/sherlock_ros/build/mecanum_nodes/build/lib/mecanum_nodes/mecanum_kinematics.py -> /home/sheitej/sherlock_ros/install/mecanum_nodes/lib/python3.10/site-packages/mecanum_nodes
[0.500s] copying /home/sheitej/sherlock_ros/build/mecanum_nodes/build/lib/mecanum_nodes/data_manager.py -> /home/sheitej/sherlock_ros/install/mecanum_nodes/lib/python3.10/site-packages/mecanum_nodes
[0.500s] copying /home/sheitej/sherlock_ros/build/mecanum_nodes/build/lib/mecanum_nodes/controller_node.py -> /home/sheitej/sherlock_ros/install/mecanum_nodes/lib/python3.10/site-packages/mecanum_nodes
[0.500s] copying /home/sheitej/sherlock_ros/build/mecanum_nodes/build/lib/mecanum_nodes/serial_test.py -> /home/sheitej/sherlock_ros/install/mecanum_nodes/lib/python3.10/site-packages/mecanum_nodes
[0.500s] copying /home/sheitej/sherlock_ros/build/mecanum_nodes/build/lib/mecanum_nodes/serial_subscriber.py -> /home/sheitej/sherlock_ros/install/mecanum_nodes/lib/python3.10/site-packages/mecanum_nodes
[0.500s] copying /home/sheitej/sherlock_ros/build/mecanum_nodes/build/lib/mecanum_nodes/__init__.py -> /home/sheitej/sherlock_ros/install/mecanum_nodes/lib/python3.10/site-packages/mecanum_nodes
[0.500s] copying /home/sheitej/sherlock_ros/build/mecanum_nodes/build/lib/mecanum_nodes/serial_subscriber_old.py -> /home/sheitej/sherlock_ros/install/mecanum_nodes/lib/python3.10/site-packages/mecanum_nodes
[0.500s] byte-compiling /home/sheitej/sherlock_ros/install/mecanum_nodes/lib/python3.10/site-packages/mecanum_nodes/planner_node.py to planner_node.cpython-310.pyc
[0.501s] byte-compiling /home/sheitej/sherlock_ros/install/mecanum_nodes/lib/python3.10/site-packages/mecanum_nodes/main.py to main.cpython-310.pyc
[0.501s] byte-compiling /home/sheitej/sherlock_ros/install/mecanum_nodes/lib/python3.10/site-packages/mecanum_nodes/serial_publisher.py to serial_publisher.cpython-310.pyc
[0.501s] byte-compiling /home/sheitej/sherlock_ros/install/mecanum_nodes/lib/python3.10/site-packages/mecanum_nodes/data_packet.py to data_packet.cpython-310.pyc
[0.501s] byte-compiling /home/sheitej/sherlock_ros/install/mecanum_nodes/lib/python3.10/site-packages/mecanum_nodes/publisher.py to publisher.cpython-310.pyc
[0.502s] byte-compiling /home/sheitej/sherlock_ros/install/mecanum_nodes/lib/python3.10/site-packages/mecanum_nodes/poly_utils.py to poly_utils.cpython-310.pyc
[0.502s] byte-compiling /home/sheitej/sherlock_ros/install/mecanum_nodes/lib/python3.10/site-packages/mecanum_nodes/mecanum_kinematics.py to mecanum_kinematics.cpython-310.pyc
[0.504s] byte-compiling /home/sheitej/sherlock_ros/install/mecanum_nodes/lib/python3.10/site-packages/mecanum_nodes/data_manager.py to data_manager.cpython-310.pyc
[0.504s] byte-compiling /home/sheitej/sherlock_ros/install/mecanum_nodes/lib/python3.10/site-packages/mecanum_nodes/controller_node.py to controller_node.cpython-310.pyc
[0.504s] byte-compiling /home/sheitej/sherlock_ros/install/mecanum_nodes/lib/python3.10/site-packages/mecanum_nodes/serial_test.py to serial_test.cpython-310.pyc
[0.505s] byte-compiling /home/sheitej/sherlock_ros/install/mecanum_nodes/lib/python3.10/site-packages/mecanum_nodes/serial_subscriber.py to serial_subscriber.cpython-310.pyc
[0.505s] byte-compiling /home/sheitej/sherlock_ros/install/mecanum_nodes/lib/python3.10/site-packages/mecanum_nodes/__init__.py to __init__.cpython-310.pyc
[0.505s] byte-compiling /home/sheitej/sherlock_ros/install/mecanum_nodes/lib/python3.10/site-packages/mecanum_nodes/serial_subscriber_old.py to serial_subscriber_old.cpython-310.pyc
[0.505s] running install_data
[0.505s] creating /home/sheitej/sherlock_ros/install/mecanum_nodes/share/ament_index
[0.505s] creating /home/sheitej/sherlock_ros/install/mecanum_nodes/share/ament_index/resource_index
[0.505s] creating /home/sheitej/sherlock_ros/install/mecanum_nodes/share/ament_index/resource_index/packages
[0.505s] copying resource/mecanum_nodes -> /home/sheitej/sherlock_ros/install/mecanum_nodes/share/ament_index/resource_index/packages
[0.505s] copying package.xml -> /home/sheitej/sherlock_ros/install/mecanum_nodes/share/mecanum_nodes
[0.505s] running install_egg_info
[0.506s] Copying ../../../build/mecanum_nodes/mecanum_nodes.egg-info to /home/sheitej/sherlock_ros/install/mecanum_nodes/lib/python3.10/site-packages/mecanum_nodes-0.0.1-py3.10.egg-info
[0.506s] running install_scripts
[0.517s] Installing controller script to /home/sheitej/sherlock_ros/install/mecanum_nodes/lib/mecanum_nodes
[0.517s] Installing planner script to /home/sheitej/sherlock_ros/install/mecanum_nodes/lib/mecanum_nodes
[0.517s] Installing serial_sub script to /home/sheitej/sherlock_ros/install/mecanum_nodes/lib/mecanum_nodes
[0.517s] Installing stepper_pub script to /home/sheitej/sherlock_ros/install/mecanum_nodes/lib/mecanum_nodes
[0.517s] writing list of installed files to '/home/sheitej/sherlock_ros/build/mecanum_nodes/install.log'
[0.530s] Invoked command in '/home/sheitej/sherlock_ros/sherlock_ros-main_Cpp/src/mecanum_nodes' returned '0': PYTHONPATH=/home/sheitej/sherlock_ros/build/mecanum_nodes/prefix_override:/usr/lib/python3/dist-packages/colcon_core/task/python/colcon_distutils_commands:/home/sheitej/sherlock_ros/install/mecanum_nodes/lib/python3.10/site-packages:${PYTHONPATH} /usr/bin/python3 -W ignore:setup.py install is deprecated -W ignore:easy_install command is deprecated setup.py egg_info --egg-base ../../../build/mecanum_nodes build --build-base /home/sheitej/sherlock_ros/build/mecanum_nodes/build install --record /home/sheitej/sherlock_ros/build/mecanum_nodes/install.log --single-version-externally-managed install_data
