running egg_info
writing ../../build/mecanum_nodes/mecanum_nodes.egg-info/PKG-INFO
writing dependency_links to ../../build/mecanum_nodes/mecanum_nodes.egg-info/dependency_links.txt
writing entry points to ../../build/mecanum_nodes/mecanum_nodes.egg-info/entry_points.txt
writing requirements to ../../build/mecanum_nodes/mecanum_nodes.egg-info/requires.txt
writing top-level names to ../../build/mecanum_nodes/mecanum_nodes.egg-info/top_level.txt
reading manifest file '../../build/mecanum_nodes/mecanum_nodes.egg-info/SOURCES.txt'
writing manifest file '../../build/mecanum_nodes/mecanum_nodes.egg-info/SOURCES.txt'
running build
running build_py
copying mecanum_nodes/mecanum2.py -> /home/alfajer/ros2_ws/build/mecanum_nodes/build/lib/mecanum_nodes
copying mecanum_nodes/poly_utils.py -> /home/alfajer/ros2_ws/build/mecanum_nodes/build/lib/mecanum_nodes
copying mecanum_nodes/controller_node.py -> /home/alfajer/ros2_ws/build/mecanum_nodes/build/lib/mecanum_nodes
running install
running install_lib
copying /home/alfajer/ros2_ws/build/mecanum_nodes/build/lib/mecanum_nodes/mecanum2.py -> /home/alfajer/ros2_ws/install/mecanum_nodes/lib/python3.10/site-packages/mecanum_nodes
copying /home/alfajer/ros2_ws/build/mecanum_nodes/build/lib/mecanum_nodes/poly_utils.py -> /home/alfajer/ros2_ws/install/mecanum_nodes/lib/python3.10/site-packages/mecanum_nodes
copying /home/alfajer/ros2_ws/build/mecanum_nodes/build/lib/mecanum_nodes/controller_node.py -> /home/alfajer/ros2_ws/install/mecanum_nodes/lib/python3.10/site-packages/mecanum_nodes
byte-compiling /home/alfajer/ros2_ws/install/mecanum_nodes/lib/python3.10/site-packages/mecanum_nodes/mecanum2.py to mecanum2.cpython-310.pyc
byte-compiling /home/alfajer/ros2_ws/install/mecanum_nodes/lib/python3.10/site-packages/mecanum_nodes/poly_utils.py to poly_utils.cpython-310.pyc
byte-compiling /home/alfajer/ros2_ws/install/mecanum_nodes/lib/python3.10/site-packages/mecanum_nodes/controller_node.py to controller_node.cpython-310.pyc
running install_data
error: can't copy 'resource/mecanum_nodes': doesn't exist or not a regular file
