[1.153s] Invoking command in '/home/tariq/sherlock_ros/build/my_bot': PYTHONPATH=/home/tariq/sherlock_ros/build/my_bot/prefix_override:/usr/lib/python3/dist-packages/colcon_core/task/python/colcon_distutils_commands:/home/tariq/sherlock_ros/install/my_bot/lib/python3.10/site-packages:${PYTHONPATH} /usr/bin/python3 -W ignore:setup.py install is deprecated -W ignore:easy_install command is deprecated setup.py develop --editable --build-directory /home/tariq/sherlock_ros/build/my_bot/build --no-deps symlink_data
[1.504s] running develop
[1.628s] running egg_info
[1.628s] creating my_bot.egg-info
[1.629s] writing my_bot.egg-info/PKG-INFO
[1.629s] writing dependency_links to my_bot.egg-info/dependency_links.txt
[1.629s] writing entry points to my_bot.egg-info/entry_points.txt
[1.629s] writing requirements to my_bot.egg-info/requires.txt
[1.629s] writing top-level names to my_bot.egg-info/top_level.txt
[1.629s] writing manifest file 'my_bot.egg-info/SOURCES.txt'
[1.630s] reading manifest file 'my_bot.egg-info/SOURCES.txt'
[1.631s] writing manifest file 'my_bot.egg-info/SOURCES.txt'
[1.633s] running build_ext
[1.633s] Creating /home/tariq/sherlock_ros/install/my_bot/lib/python3.10/site-packages/my-bot.egg-link (link to .)
[1.634s] Installing filtered_path_publisher_node script to /home/tariq/sherlock_ros/install/my_bot/lib/my_bot
[1.634s] Installing goal_publisher_node script to /home/tariq/sherlock_ros/install/my_bot/lib/my_bot
[1.634s] 
[1.634s] Installed /home/tariq/sherlock_ros/build/my_bot
[1.635s] running symlink_data
[1.635s] creating /home/tariq/sherlock_ros/install/my_bot/share/ament_index
[1.635s] creating /home/tariq/sherlock_ros/install/my_bot/share/ament_index/resource_index
[1.636s] creating /home/tariq/sherlock_ros/install/my_bot/share/ament_index/resource_index/packages
[1.636s] symbolically linking /home/tariq/sherlock_ros/build/my_bot/resource/my_bot -> /home/tariq/sherlock_ros/install/my_bot/share/ament_index/resource_index/packages
[1.636s] symbolically linking /home/tariq/sherlock_ros/build/my_bot/package.xml -> /home/tariq/sherlock_ros/install/my_bot/share/my_bot
[1.636s] creating /home/tariq/sherlock_ros/install/my_bot/share/my_bot/launch
[1.636s] symbolically linking /home/tariq/sherlock_ros/build/my_bot/launch/localization_only.launch.py -> /home/tariq/sherlock_ros/install/my_bot/share/my_bot/launch
[1.636s] symbolically linking /home/tariq/sherlock_ros/build/my_bot/launch/localization_launch.py -> /home/tariq/sherlock_ros/install/my_bot/share/my_bot/launch
[1.637s] symbolically linking /home/tariq/sherlock_ros/build/my_bot/launch/navigation_launch.py -> /home/tariq/sherlock_ros/install/my_bot/share/my_bot/launch
[1.637s] symbolically linking /home/tariq/sherlock_ros/build/my_bot/launch/global_planner_launcher.launch.py -> /home/tariq/sherlock_ros/install/my_bot/share/my_bot/launch
[1.637s] symbolically linking /home/tariq/sherlock_ros/build/my_bot/launch/online_async_launch.py -> /home/tariq/sherlock_ros/install/my_bot/share/my_bot/launch
[1.637s] symbolically linking /home/tariq/sherlock_ros/build/my_bot/launch/rsp.launch.py -> /home/tariq/sherlock_ros/install/my_bot/share/my_bot/launch
[1.637s] symbolically linking /home/tariq/sherlock_ros/build/my_bot/launch/minimal_gazebo_launch.py -> /home/tariq/sherlock_ros/install/my_bot/share/my_bot/launch
[1.637s] symbolically linking /home/tariq/sherlock_ros/build/my_bot/launch/bringup.launch.py -> /home/tariq/sherlock_ros/install/my_bot/share/my_bot/launch
[1.637s] symbolically linking /home/tariq/sherlock_ros/build/my_bot/launch/global_planner_only.launch.py -> /home/tariq/sherlock_ros/install/my_bot/share/my_bot/launch
[1.638s] symbolically linking /home/tariq/sherlock_ros/build/my_bot/launch/launch_sim.launch.py -> /home/tariq/sherlock_ros/install/my_bot/share/my_bot/launch
[1.638s] creating /home/tariq/sherlock_ros/install/my_bot/share/my_bot/config
[1.638s] symbolically linking /home/tariq/sherlock_ros/build/my_bot/config/mapper_params_online_async.yaml -> /home/tariq/sherlock_ros/install/my_bot/share/my_bot/config
[1.638s] symbolically linking /home/tariq/sherlock_ros/build/my_bot/config/map1.yaml -> /home/tariq/sherlock_ros/install/my_bot/share/my_bot/config
[1.638s] symbolically linking /home/tariq/sherlock_ros/build/my_bot/config/nav2_params.yaml -> /home/tariq/sherlock_ros/install/my_bot/share/my_bot/config
[1.638s] creating /home/tariq/sherlock_ros/install/my_bot/share/my_bot/description
[1.639s] symbolically linking /home/tariq/sherlock_ros/build/my_bot/description/robot.urdf.xacro -> /home/tariq/sherlock_ros/install/my_bot/share/my_bot/description
[1.639s] symbolically linking /home/tariq/sherlock_ros/build/my_bot/description/robot_core.xacro -> /home/tariq/sherlock_ros/install/my_bot/share/my_bot/description
[1.639s] symbolically linking /home/tariq/sherlock_ros/build/my_bot/description/lidar.xacro -> /home/tariq/sherlock_ros/install/my_bot/share/my_bot/description
[1.639s] symbolically linking /home/tariq/sherlock_ros/build/my_bot/description/depth_camera.xacro -> /home/tariq/sherlock_ros/install/my_bot/share/my_bot/description
[1.639s] symbolically linking /home/tariq/sherlock_ros/build/my_bot/description/inertial_macros.xacro -> /home/tariq/sherlock_ros/install/my_bot/share/my_bot/description
[1.639s] symbolically linking /home/tariq/sherlock_ros/build/my_bot/description/gazebo_control.xacro -> /home/tariq/sherlock_ros/install/my_bot/share/my_bot/description
[1.639s] symbolically linking /home/tariq/sherlock_ros/build/my_bot/description/camera.xacro -> /home/tariq/sherlock_ros/install/my_bot/share/my_bot/description
[1.640s] creating /home/tariq/sherlock_ros/install/my_bot/share/my_bot/worlds
[1.640s] symbolically linking /home/tariq/sherlock_ros/build/my_bot/worlds/empty.world -> /home/tariq/sherlock_ros/install/my_bot/share/my_bot/worlds
[1.640s] symbolically linking /home/tariq/sherlock_ros/build/my_bot/worlds/obstacle_square.world -> /home/tariq/sherlock_ros/install/my_bot/share/my_bot/worlds
[1.640s] creating /home/tariq/sherlock_ros/install/my_bot/share/my_bot/maps
[1.666s] Invoked command in '/home/tariq/sherlock_ros/build/my_bot' returned '0': PYTHONPATH=/home/tariq/sherlock_ros/build/my_bot/prefix_override:/usr/lib/python3/dist-packages/colcon_core/task/python/colcon_distutils_commands:/home/tariq/sherlock_ros/install/my_bot/lib/python3.10/site-packages:${PYTHONPATH} /usr/bin/python3 -W ignore:setup.py install is deprecated -W ignore:easy_install command is deprecated setup.py develop --editable --build-directory /home/tariq/sherlock_ros/build/my_bot/build --no-deps symlink_data
