running develop
Removing /home/alfajer/ros2_ws/install/mecanum_nodes/lib/python3.10/site-packages/mecanum-nodes.egg-link (link to .)
running egg_info
writing ../../build/mecanum_nodes/mecanum_nodes.egg-info/PKG-INFO
writing dependency_links to ../../build/mecanum_nodes/mecanum_nodes.egg-info/dependency_links.txt
writing entry points to ../../build/mecanum_nodes/mecanum_nodes.egg-info/entry_points.txt
writing requirements to ../../build/mecanum_nodes/mecanum_nodes.egg-info/requires.txt
writing top-level names to ../../build/mecanum_nodes/mecanum_nodes.egg-info/top_level.txt
reading manifest file '../../build/mecanum_nodes/mecanum_nodes.egg-info/SOURCES.txt'
writing manifest file '../../build/mecanum_nodes/mecanum_nodes.egg-info/SOURCES.txt'
running build
running build_py
creating /home/alfajer/ros2_ws/build/mecanum_nodes/build
creating /home/alfajer/ros2_ws/build/mecanum_nodes/build/lib
creating /home/alfajer/ros2_ws/build/mecanum_nodes/build/lib/mecanum_nodes
copying mecanum_nodes/__init__.py -> /home/alfajer/ros2_ws/build/mecanum_nodes/build/lib/mecanum_nodes
copying mecanum_nodes/mecanum2.py -> /home/alfajer/ros2_ws/build/mecanum_nodes/build/lib/mecanum_nodes
copying mecanum_nodes/poly_utils.py -> /home/alfajer/ros2_ws/build/mecanum_nodes/build/lib/mecanum_nodes
copying mecanum_nodes/planner.py -> /home/alfajer/ros2_ws/build/mecanum_nodes/build/lib/mecanum_nodes
copying mecanum_nodes/controller.py -> /home/alfajer/ros2_ws/build/mecanum_nodes/build/lib/mecanum_nodes
copying mecanum_nodes/main.py -> /home/alfajer/ros2_ws/build/mecanum_nodes/build/lib/mecanum_nodes
running install
running install_lib
creating /home/alfajer/ros2_ws/install/mecanum_nodes/lib/python3.10/site-packages/mecanum_nodes
copying /home/alfajer/ros2_ws/build/mecanum_nodes/build/lib/mecanum_nodes/__init__.py -> /home/alfajer/ros2_ws/install/mecanum_nodes/lib/python3.10/site-packages/mecanum_nodes
copying /home/alfajer/ros2_ws/build/mecanum_nodes/build/lib/mecanum_nodes/mecanum2.py -> /home/alfajer/ros2_ws/install/mecanum_nodes/lib/python3.10/site-packages/mecanum_nodes
copying /home/alfajer/ros2_ws/build/mecanum_nodes/build/lib/mecanum_nodes/poly_utils.py -> /home/alfajer/ros2_ws/install/mecanum_nodes/lib/python3.10/site-packages/mecanum_nodes
copying /home/alfajer/ros2_ws/build/mecanum_nodes/build/lib/mecanum_nodes/planner.py -> /home/alfajer/ros2_ws/install/mecanum_nodes/lib/python3.10/site-packages/mecanum_nodes
copying /home/alfajer/ros2_ws/build/mecanum_nodes/build/lib/mecanum_nodes/controller.py -> /home/alfajer/ros2_ws/install/mecanum_nodes/lib/python3.10/site-packages/mecanum_nodes
copying /home/alfajer/ros2_ws/build/mecanum_nodes/build/lib/mecanum_nodes/main.py -> /home/alfajer/ros2_ws/install/mecanum_nodes/lib/python3.10/site-packages/mecanum_nodes
byte-compiling /home/alfajer/ros2_ws/install/mecanum_nodes/lib/python3.10/site-packages/mecanum_nodes/__init__.py to __init__.cpython-310.pyc
byte-compiling /home/alfajer/ros2_ws/install/mecanum_nodes/lib/python3.10/site-packages/mecanum_nodes/mecanum2.py to mecanum2.cpython-310.pyc
byte-compiling /home/alfajer/ros2_ws/install/mecanum_nodes/lib/python3.10/site-packages/mecanum_nodes/poly_utils.py to poly_utils.cpython-310.pyc
byte-compiling /home/alfajer/ros2_ws/install/mecanum_nodes/lib/python3.10/site-packages/mecanum_nodes/planner.py to planner.cpython-310.pyc
byte-compiling /home/alfajer/ros2_ws/install/mecanum_nodes/lib/python3.10/site-packages/mecanum_nodes/controller.py to controller.cpython-310.pyc
byte-compiling /home/alfajer/ros2_ws/install/mecanum_nodes/lib/python3.10/site-packages/mecanum_nodes/main.py to main.cpython-310.pyc
running install_data
copying resource/mecanum_nodes -> /home/alfajer/ros2_ws/install/mecanum_nodes/share/ament_index/resource_index/packages
copying package.xml -> /home/alfajer/ros2_ws/install/mecanum_nodes/share/mecanum_nodes
running install_egg_info
Copying ../../build/mecanum_nodes/mecanum_nodes.egg-info to /home/alfajer/ros2_ws/install/mecanum_nodes/lib/python3.10/site-packages/mecanum_nodes-0.0.1-py3.10.egg-info
running install_scripts
Installing controller script to /home/alfajer/ros2_ws/install/mecanum_nodes/lib/mecanum_nodes
Installing planner script to /home/alfajer/ros2_ws/install/mecanum_nodes/lib/mecanum_nodes
writing list of installed files to '/home/alfajer/ros2_ws/build/mecanum_nodes/install.log'
