[0.236s] Invoking command in '/home/alfajer/ros2_ws/build/mecanum_nodes': CONDA_PROMPT_MODIFIER=(ros_env) PYTHONPATH=/home/alfajer/ros2_ws/build/mecanum_nodes/prefix_override:/usr/lib/python3/dist-packages/colcon_core/task/python/colcon_distutils_commands:/home/alfajer/ros2_ws/install/mecanum_nodes/lib/python3.10/site-packages:${PYTHONPATH} /usr/bin/python3 -W ignore:setup.py install is deprecated -W ignore:easy_install command is deprecated setup.py develop --uninstall --editable --build-directory /home/alfajer/ros2_ws/build/mecanum_nodes/build
[0.335s] running develop
[0.389s] Removing /home/alfajer/ros2_ws/install/mecanum_nodes/lib/python3.10/site-packages/mecanum-nodes.egg-link (link to .)
[0.400s] Invoked command in '/home/alfajer/ros2_ws/build/mecanum_nodes' returned '0': CONDA_PROMPT_MODIFIER=(ros_env) PYTHONPATH=/home/alfajer/ros2_ws/build/mecanum_nodes/prefix_override:/usr/lib/python3/dist-packages/colcon_core/task/python/colcon_distutils_commands:/home/alfajer/ros2_ws/install/mecanum_nodes/lib/python3.10/site-packages:${PYTHONPATH} /usr/bin/python3 -W ignore:setup.py install is deprecated -W ignore:easy_install command is deprecated setup.py develop --uninstall --editable --build-directory /home/alfajer/ros2_ws/build/mecanum_nodes/build
[0.401s] Invoking command in '/home/alfajer/ros2_ws/src/mecanum_nodes': CONDA_PROMPT_MODIFIER=(ros_env) PYTHONPATH=/home/alfajer/ros2_ws/build/mecanum_nodes/prefix_override:/usr/lib/python3/dist-packages/colcon_core/task/python/colcon_distutils_commands:/home/alfajer/ros2_ws/install/mecanum_nodes/lib/python3.10/site-packages:${PYTHONPATH} /usr/bin/python3 -W ignore:setup.py install is deprecated -W ignore:easy_install command is deprecated setup.py egg_info --egg-base ../../build/mecanum_nodes build --build-base /home/alfajer/ros2_ws/build/mecanum_nodes/build install --record /home/alfajer/ros2_ws/build/mecanum_nodes/install.log --single-version-externally-managed install_data --force
[0.501s] running egg_info
[0.501s] writing ../../build/mecanum_nodes/mecanum_nodes.egg-info/PKG-INFO
[0.501s] writing dependency_links to ../../build/mecanum_nodes/mecanum_nodes.egg-info/dependency_links.txt
[0.501s] writing entry points to ../../build/mecanum_nodes/mecanum_nodes.egg-info/entry_points.txt
[0.501s] writing requirements to ../../build/mecanum_nodes/mecanum_nodes.egg-info/requires.txt
[0.501s] writing top-level names to ../../build/mecanum_nodes/mecanum_nodes.egg-info/top_level.txt
[0.502s] reading manifest file '../../build/mecanum_nodes/mecanum_nodes.egg-info/SOURCES.txt'
[0.502s] writing manifest file '../../build/mecanum_nodes/mecanum_nodes.egg-info/SOURCES.txt'
[0.502s] running build
[0.502s] running build_py
[0.502s] creating /home/alfajer/ros2_ws/build/mecanum_nodes/build
[0.502s] creating /home/alfajer/ros2_ws/build/mecanum_nodes/build/lib
[0.502s] creating /home/alfajer/ros2_ws/build/mecanum_nodes/build/lib/mecanum_nodes
[0.502s] copying mecanum_nodes/__init__.py -> /home/alfajer/ros2_ws/build/mecanum_nodes/build/lib/mecanum_nodes
[0.502s] copying mecanum_nodes/mecanum2.py -> /home/alfajer/ros2_ws/build/mecanum_nodes/build/lib/mecanum_nodes
[0.502s] copying mecanum_nodes/poly_utils.py -> /home/alfajer/ros2_ws/build/mecanum_nodes/build/lib/mecanum_nodes
[0.502s] copying mecanum_nodes/planner.py -> /home/alfajer/ros2_ws/build/mecanum_nodes/build/lib/mecanum_nodes
[0.502s] copying mecanum_nodes/controller.py -> /home/alfajer/ros2_ws/build/mecanum_nodes/build/lib/mecanum_nodes
[0.503s] copying mecanum_nodes/main.py -> /home/alfajer/ros2_ws/build/mecanum_nodes/build/lib/mecanum_nodes
[0.503s] running install
[0.503s] running install_lib
[0.503s] creating /home/alfajer/ros2_ws/install/mecanum_nodes/lib/python3.10/site-packages/mecanum_nodes
[0.503s] copying /home/alfajer/ros2_ws/build/mecanum_nodes/build/lib/mecanum_nodes/__init__.py -> /home/alfajer/ros2_ws/install/mecanum_nodes/lib/python3.10/site-packages/mecanum_nodes
[0.503s] copying /home/alfajer/ros2_ws/build/mecanum_nodes/build/lib/mecanum_nodes/mecanum2.py -> /home/alfajer/ros2_ws/install/mecanum_nodes/lib/python3.10/site-packages/mecanum_nodes
[0.503s] copying /home/alfajer/ros2_ws/build/mecanum_nodes/build/lib/mecanum_nodes/poly_utils.py -> /home/alfajer/ros2_ws/install/mecanum_nodes/lib/python3.10/site-packages/mecanum_nodes
[0.503s] copying /home/alfajer/ros2_ws/build/mecanum_nodes/build/lib/mecanum_nodes/planner.py -> /home/alfajer/ros2_ws/install/mecanum_nodes/lib/python3.10/site-packages/mecanum_nodes
[0.503s] copying /home/alfajer/ros2_ws/build/mecanum_nodes/build/lib/mecanum_nodes/controller.py -> /home/alfajer/ros2_ws/install/mecanum_nodes/lib/python3.10/site-packages/mecanum_nodes
[0.503s] copying /home/alfajer/ros2_ws/build/mecanum_nodes/build/lib/mecanum_nodes/main.py -> /home/alfajer/ros2_ws/install/mecanum_nodes/lib/python3.10/site-packages/mecanum_nodes
[0.503s] byte-compiling /home/alfajer/ros2_ws/install/mecanum_nodes/lib/python3.10/site-packages/mecanum_nodes/__init__.py to __init__.cpython-310.pyc
[0.503s] byte-compiling /home/alfajer/ros2_ws/install/mecanum_nodes/lib/python3.10/site-packages/mecanum_nodes/mecanum2.py to mecanum2.cpython-310.pyc
[0.505s] byte-compiling /home/alfajer/ros2_ws/install/mecanum_nodes/lib/python3.10/site-packages/mecanum_nodes/poly_utils.py to poly_utils.cpython-310.pyc
[0.505s] byte-compiling /home/alfajer/ros2_ws/install/mecanum_nodes/lib/python3.10/site-packages/mecanum_nodes/planner.py to planner.cpython-310.pyc
[0.506s] byte-compiling /home/alfajer/ros2_ws/install/mecanum_nodes/lib/python3.10/site-packages/mecanum_nodes/controller.py to controller.cpython-310.pyc
[0.506s] byte-compiling /home/alfajer/ros2_ws/install/mecanum_nodes/lib/python3.10/site-packages/mecanum_nodes/main.py to main.cpython-310.pyc
[0.506s] running install_data
[0.506s] copying resource/mecanum_nodes -> /home/alfajer/ros2_ws/install/mecanum_nodes/share/ament_index/resource_index/packages
[0.506s] copying package.xml -> /home/alfajer/ros2_ws/install/mecanum_nodes/share/mecanum_nodes
[0.506s] running install_egg_info
[0.507s] Copying ../../build/mecanum_nodes/mecanum_nodes.egg-info to /home/alfajer/ros2_ws/install/mecanum_nodes/lib/python3.10/site-packages/mecanum_nodes-0.0.1-py3.10.egg-info
[0.507s] running install_scripts
[0.515s] Installing controller script to /home/alfajer/ros2_ws/install/mecanum_nodes/lib/mecanum_nodes
[0.516s] Installing planner script to /home/alfajer/ros2_ws/install/mecanum_nodes/lib/mecanum_nodes
[0.516s] writing list of installed files to '/home/alfajer/ros2_ws/build/mecanum_nodes/install.log'
[0.524s] Invoked command in '/home/alfajer/ros2_ws/src/mecanum_nodes' returned '0': CONDA_PROMPT_MODIFIER=(ros_env) PYTHONPATH=/home/alfajer/ros2_ws/build/mecanum_nodes/prefix_override:/usr/lib/python3/dist-packages/colcon_core/task/python/colcon_distutils_commands:/home/alfajer/ros2_ws/install/mecanum_nodes/lib/python3.10/site-packages:${PYTHONPATH} /usr/bin/python3 -W ignore:setup.py install is deprecated -W ignore:easy_install command is deprecated setup.py egg_info --egg-base ../../build/mecanum_nodes build --build-base /home/alfajer/ros2_ws/build/mecanum_nodes/build install --record /home/alfajer/ros2_ws/build/mecanum_nodes/install.log --single-version-externally-managed install_data --force
