[1.935s] Invoking command in '/home/tariq/sherlock_ros/build/mecanum_nodes': PYTHONPATH=/home/tariq/sherlock_ros/build/mecanum_nodes/prefix_override:/usr/lib/python3/dist-packages/colcon_core/task/python/colcon_distutils_commands:/home/tariq/sherlock_ros/install/mecanum_nodes/lib/python3.10/site-packages:${PYTHONPATH} /usr/bin/python3 -W ignore:setup.py install is deprecated -W ignore:easy_install command is deprecated setup.py develop --editable --build-directory /home/tariq/sherlock_ros/build/mecanum_nodes/build --no-deps symlink_data
[2.563s] running develop
[3.019s] running egg_info
[3.019s] writing mecanum_nodes.egg-info/PKG-INFO
[3.020s] writing dependency_links to mecanum_nodes.egg-info/dependency_links.txt
[3.020s] writing entry points to mecanum_nodes.egg-info/entry_points.txt
[3.021s] writing requirements to mecanum_nodes.egg-info/requires.txt
[3.021s] writing top-level names to mecanum_nodes.egg-info/top_level.txt
[3.024s] reading manifest file 'mecanum_nodes.egg-info/SOURCES.txt'
[3.026s] writing manifest file 'mecanum_nodes.egg-info/SOURCES.txt'
[3.029s] running build_ext
[3.029s] Creating /home/tariq/sherlock_ros/install/mecanum_nodes/lib/python3.10/site-packages/mecanum-nodes.egg-link (link to .)
[3.031s] Installing controller script to /home/tariq/sherlock_ros/install/mecanum_nodes/lib/mecanum_nodes
[3.032s] Installing planner script to /home/tariq/sherlock_ros/install/mecanum_nodes/lib/mecanum_nodes
[3.032s] Installing serial_sub script to /home/tariq/sherlock_ros/install/mecanum_nodes/lib/mecanum_nodes
[3.033s] Installing stepper_pub script to /home/tariq/sherlock_ros/install/mecanum_nodes/lib/mecanum_nodes
[3.033s] 
[3.033s] Installed /home/tariq/sherlock_ros/build/mecanum_nodes
[3.033s] running symlink_data
[3.090s] Invoked command in '/home/tariq/sherlock_ros/build/mecanum_nodes' returned '0': PYTHONPATH=/home/tariq/sherlock_ros/build/mecanum_nodes/prefix_override:/usr/lib/python3/dist-packages/colcon_core/task/python/colcon_distutils_commands:/home/tariq/sherlock_ros/install/mecanum_nodes/lib/python3.10/site-packages:${PYTHONPATH} /usr/bin/python3 -W ignore:setup.py install is deprecated -W ignore:easy_install command is deprecated setup.py develop --editable --build-directory /home/tariq/sherlock_ros/build/mecanum_nodes/build --no-deps symlink_data
