[1.940s] Invoking command in '/home/tariq/sherlock_ros/build/mecanum_nodes': PYTHONPATH=/home/tariq/sherlock_ros/build/mecanum_nodes/prefix_override:/usr/lib/python3/dist-packages/colcon_core/task/python/colcon_distutils_commands:/home/tariq/sherlock_ros/install/mecanum_nodes/lib/python3.10/site-packages:${PYTHONPATH} /usr/bin/python3 -W ignore:setup.py install is deprecated -W ignore:easy_install command is deprecated setup.py develop --editable --build-directory /home/tariq/sherlock_ros/build/mecanum_nodes/build --no-deps symlink_data
[2.557s] running develop
[3.007s] running egg_info
[3.007s] writing mecanum_nodes.egg-info/PKG-INFO
[3.007s] writing dependency_links to mecanum_nodes.egg-info/dependency_links.txt
[3.008s] writing entry points to mecanum_nodes.egg-info/entry_points.txt
[3.008s] writing requirements to mecanum_nodes.egg-info/requires.txt
[3.008s] writing top-level names to mecanum_nodes.egg-info/top_level.txt
[3.012s] reading manifest file 'mecanum_nodes.egg-info/SOURCES.txt'
[3.014s] writing manifest file 'mecanum_nodes.egg-info/SOURCES.txt'
[3.017s] running build_ext
[3.017s] Creating /home/tariq/sherlock_ros/install/mecanum_nodes/lib/python3.10/site-packages/mecanum-nodes.egg-link (link to .)
[3.020s] Installing controller script to /home/tariq/sherlock_ros/install/mecanum_nodes/lib/mecanum_nodes
[3.020s] Installing planner script to /home/tariq/sherlock_ros/install/mecanum_nodes/lib/mecanum_nodes
[3.020s] Installing serial_sub script to /home/tariq/sherlock_ros/install/mecanum_nodes/lib/mecanum_nodes
[3.020s] Installing stepper_pub script to /home/tariq/sherlock_ros/install/mecanum_nodes/lib/mecanum_nodes
[3.020s] 
[3.021s] Installed /home/tariq/sherlock_ros/build/mecanum_nodes
[3.021s] running symlink_data
[3.128s] Invoked command in '/home/tariq/sherlock_ros/build/mecanum_nodes' returned '0': PYTHONPATH=/home/tariq/sherlock_ros/build/mecanum_nodes/prefix_override:/usr/lib/python3/dist-packages/colcon_core/task/python/colcon_distutils_commands:/home/tariq/sherlock_ros/install/mecanum_nodes/lib/python3.10/site-packages:${PYTHONPATH} /usr/bin/python3 -W ignore:setup.py install is deprecated -W ignore:easy_install command is deprecated setup.py develop --editable --build-directory /home/tariq/sherlock_ros/build/mecanum_nodes/build --no-deps symlink_data
