[0.126s] Invoking command in '/home/sheitej/Workspaces/sherlock_ros-main_Cpp/build/mecanum_nodes_cpp': CMAKE_PREFIX_PATH=/home/sheitej/Workspaces/sherlock_ros-main_C++/install/mecanum_nodes:/opt/ros/humble /usr/bin/cmake /home/sheitej/Workspaces/sherlock_ros-main_Cpp/src/mecanum_nodes_cpp -DCMAKE_INSTALL_PREFIX=/home/sheitej/Workspaces/sherlock_ros-main_Cpp/install/mecanum_nodes_cpp
[0.163s] -- The C compiler identification is GNU 11.4.0
[0.197s] -- The CXX compiler identification is GNU 11.4.0
[0.201s] -- Detecting C compiler ABI info
[0.246s] -- Detecting C compiler ABI info - done
[0.251s] -- Check for working C compiler: /usr/bin/cc - skipped
[0.251s] -- Detecting C compile features
[0.251s] -- Detecting C compile features - done
[0.253s] -- Detecting CXX compiler ABI info
[0.299s] -- Detecting CXX compiler ABI info - done
[0.303s] -- Check for working CXX compiler: /usr/bin/c++ - skipped
[0.303s] -- Detecting CXX compile features
[0.303s] -- Detecting CXX compile features - done
[0.304s] -- Found ament_cmake: 1.3.11 (/opt/ros/humble/share/ament_cmake/cmake)
[0.394s] -- Found Python3: /usr/bin/python3 (found version "3.10.12") found components: Interpreter 
[0.438s] -- Found rclcpp: 16.0.11 (/opt/ros/humble/share/rclcpp/cmake)
[0.458s] -- Found rosidl_generator_c: 3.1.6 (/opt/ros/humble/share/rosidl_generator_c/cmake)
[0.460s] -- Found rosidl_adapter: 3.1.6 (/opt/ros/humble/share/rosidl_adapter/cmake)
[0.465s] -- Found rosidl_generator_cpp: 3.1.6 (/opt/ros/humble/share/rosidl_generator_cpp/cmake)
[0.470s] -- Using all available rosidl_typesupport_c: rosidl_typesupport_fastrtps_c;rosidl_typesupport_introspection_c
[0.478s] -- Using all available rosidl_typesupport_cpp: rosidl_typesupport_fastrtps_cpp;rosidl_typesupport_introspection_cpp
[0.499s] -- Found rmw_implementation_cmake: 6.1.2 (/opt/ros/humble/share/rmw_implementation_cmake/cmake)
[0.500s] -- Found rmw_fastrtps_cpp: 6.2.7 (/opt/ros/humble/share/rmw_fastrtps_cpp/cmake)
[0.561s] -- Found OpenSSL: /usr/lib/x86_64-linux-gnu/libcrypto.so (found version "3.0.2")  
[0.593s] -- Found FastRTPS: /opt/ros/humble/include  
[0.633s] -- Using RMW implementation 'rmw_fastrtps_cpp' as default
[0.637s] -- Looking for pthread.h
[0.716s] -- Looking for pthread.h - found
[0.717s] -- Performing Test CMAKE_HAVE_LIBC_PTHREAD
[0.806s] -- Performing Test CMAKE_HAVE_LIBC_PTHREAD - Success
[0.808s] -- Found Threads: TRUE  
[0.843s] -- Found ament_lint_auto: 0.12.11 (/opt/ros/humble/share/ament_lint_auto/cmake)
[0.882s] -- Added test 'cppcheck' to perform static code analysis on C / C++ code
[0.882s] -- Configured cppcheck include dirs: 
[0.882s] -- Configured cppcheck exclude dirs and/or files: 
[0.882s] -- Added test 'lint_cmake' to check CMake code style
[0.883s] -- Added test 'uncrustify' to check C / C++ code style
[0.883s] -- Configured uncrustify additional arguments: 
[0.883s] -- Added test 'xmllint' to check XML markup files
[0.883s] -- Configuring done
[0.896s] -- Generating done
[0.897s] -- Build files have been written to: /home/sheitej/Workspaces/sherlock_ros-main_Cpp/build/mecanum_nodes_cpp
[0.902s] Invoked command in '/home/sheitej/Workspaces/sherlock_ros-main_Cpp/build/mecanum_nodes_cpp' returned '0': CMAKE_PREFIX_PATH=/home/sheitej/Workspaces/sherlock_ros-main_C++/install/mecanum_nodes:/opt/ros/humble /usr/bin/cmake /home/sheitej/Workspaces/sherlock_ros-main_Cpp/src/mecanum_nodes_cpp -DCMAKE_INSTALL_PREFIX=/home/sheitej/Workspaces/sherlock_ros-main_Cpp/install/mecanum_nodes_cpp
[0.903s] Invoking command in '/home/sheitej/Workspaces/sherlock_ros-main_Cpp/build/mecanum_nodes_cpp': CMAKE_PREFIX_PATH=/home/sheitej/Workspaces/sherlock_ros-main_C++/install/mecanum_nodes:/opt/ros/humble /usr/bin/cmake --build /home/sheitej/Workspaces/sherlock_ros-main_Cpp/build/mecanum_nodes_cpp -- -j16 -l16
[0.947s] [ 50%] [32mBuilding CXX object CMakeFiles/stepper_publisher.dir/src/stepper_publisher.cpp.o[0m
[3.148s] [100%] [32m[1mLinking CXX executable stepper_publisher[0m
[3.278s] [100%] Built target stepper_publisher
[3.287s] Invoked command in '/home/sheitej/Workspaces/sherlock_ros-main_Cpp/build/mecanum_nodes_cpp' returned '0': CMAKE_PREFIX_PATH=/home/sheitej/Workspaces/sherlock_ros-main_C++/install/mecanum_nodes:/opt/ros/humble /usr/bin/cmake --build /home/sheitej/Workspaces/sherlock_ros-main_Cpp/build/mecanum_nodes_cpp -- -j16 -l16
[3.294s] Invoking command in '/home/sheitej/Workspaces/sherlock_ros-main_Cpp/build/mecanum_nodes_cpp': CMAKE_PREFIX_PATH=/home/sheitej/Workspaces/sherlock_ros-main_C++/install/mecanum_nodes:/opt/ros/humble /usr/bin/cmake --install /home/sheitej/Workspaces/sherlock_ros-main_Cpp/build/mecanum_nodes_cpp
[3.300s] -- Install configuration: ""
[3.300s] -- Installing: /home/sheitej/Workspaces/sherlock_ros-main_Cpp/install/mecanum_nodes_cpp/lib/mecanum_nodes_cpp/stepper_publisher
[3.301s] -- Set runtime path of "/home/sheitej/Workspaces/sherlock_ros-main_Cpp/install/mecanum_nodes_cpp/lib/mecanum_nodes_cpp/stepper_publisher" to ""
[3.301s] -- Installing: /home/sheitej/Workspaces/sherlock_ros-main_Cpp/install/mecanum_nodes_cpp/share/ament_index/resource_index/package_run_dependencies/mecanum_nodes_cpp
[3.301s] -- Installing: /home/sheitej/Workspaces/sherlock_ros-main_Cpp/install/mecanum_nodes_cpp/share/ament_index/resource_index/parent_prefix_path/mecanum_nodes_cpp
[3.301s] -- Installing: /home/sheitej/Workspaces/sherlock_ros-main_Cpp/install/mecanum_nodes_cpp/share/mecanum_nodes_cpp/environment/ament_prefix_path.sh
[3.301s] -- Installing: /home/sheitej/Workspaces/sherlock_ros-main_Cpp/install/mecanum_nodes_cpp/share/mecanum_nodes_cpp/environment/ament_prefix_path.dsv
[3.301s] -- Installing: /home/sheitej/Workspaces/sherlock_ros-main_Cpp/install/mecanum_nodes_cpp/share/mecanum_nodes_cpp/environment/path.sh
[3.301s] -- Installing: /home/sheitej/Workspaces/sherlock_ros-main_Cpp/install/mecanum_nodes_cpp/share/mecanum_nodes_cpp/environment/path.dsv
[3.301s] -- Installing: /home/sheitej/Workspaces/sherlock_ros-main_Cpp/install/mecanum_nodes_cpp/share/mecanum_nodes_cpp/local_setup.bash
[3.302s] -- Installing: /home/sheitej/Workspaces/sherlock_ros-main_Cpp/install/mecanum_nodes_cpp/share/mecanum_nodes_cpp/local_setup.sh
[3.302s] -- Installing: /home/sheitej/Workspaces/sherlock_ros-main_Cpp/install/mecanum_nodes_cpp/share/mecanum_nodes_cpp/local_setup.zsh
[3.302s] -- Installing: /home/sheitej/Workspaces/sherlock_ros-main_Cpp/install/mecanum_nodes_cpp/share/mecanum_nodes_cpp/local_setup.dsv
[3.302s] -- Installing: /home/sheitej/Workspaces/sherlock_ros-main_Cpp/install/mecanum_nodes_cpp/share/mecanum_nodes_cpp/package.dsv
[3.302s] -- Installing: /home/sheitej/Workspaces/sherlock_ros-main_Cpp/install/mecanum_nodes_cpp/share/ament_index/resource_index/packages/mecanum_nodes_cpp
[3.302s] -- Installing: /home/sheitej/Workspaces/sherlock_ros-main_Cpp/install/mecanum_nodes_cpp/share/mecanum_nodes_cpp/cmake/mecanum_nodes_cppConfig.cmake
[3.302s] -- Installing: /home/sheitej/Workspaces/sherlock_ros-main_Cpp/install/mecanum_nodes_cpp/share/mecanum_nodes_cpp/cmake/mecanum_nodes_cppConfig-version.cmake
[3.302s] -- Installing: /home/sheitej/Workspaces/sherlock_ros-main_Cpp/install/mecanum_nodes_cpp/share/mecanum_nodes_cpp/package.xml
[3.303s] Invoked command in '/home/sheitej/Workspaces/sherlock_ros-main_Cpp/build/mecanum_nodes_cpp' returned '0': CMAKE_PREFIX_PATH=/home/sheitej/Workspaces/sherlock_ros-main_C++/install/mecanum_nodes:/opt/ros/humble /usr/bin/cmake --install /home/sheitej/Workspaces/sherlock_ros-main_Cpp/build/mecanum_nodes_cpp
