[0.135s] Invoking command in '/home/sheitej/sherlock_ros/sherlock_ros-main_Cpp/build/mecanum_nodes_cpp': CMAKE_PREFIX_PATH=${CMAKE_PREFIX_PATH}:/home/sheitej/sherlock_ros/install/mecanum_nodes:/opt/ros/humble /usr/bin/cmake --build /home/sheitej/sherlock_ros/sherlock_ros-main_Cpp/build/mecanum_nodes_cpp -- -j16 -l16
[0.140s] [0mCMake Error: The current CMakeCache.txt directory /home/sheitej/sherlock_ros/sherlock_ros-main_Cpp/build/mecanum_nodes_cpp/CMakeCache.txt is different than the directory /home/sheitej/Workspaces/sherlock_ros-main_Cpp/build/mecanum_nodes_cpp where CMakeCache.txt was created. This may result in binaries being created in the wrong place. If you are not sure, reedit the CMakeCache.txt[0m
[0.153s] -- Found ament_cmake: 1.3.11 (/opt/ros/humble/share/ament_cmake/cmake)
[0.221s] -- Found rclcpp: 16.0.11 (/opt/ros/humble/share/rclcpp/cmake)
[0.236s] -- Found rosidl_generator_c: 3.1.6 (/opt/ros/humble/share/rosidl_generator_c/cmake)
[0.237s] -- Found rosidl_adapter: 3.1.6 (/opt/ros/humble/share/rosidl_adapter/cmake)
[0.240s] -- Found rosidl_generator_cpp: 3.1.6 (/opt/ros/humble/share/rosidl_generator_cpp/cmake)
[0.245s] -- Using all available rosidl_typesupport_c: rosidl_typesupport_fastrtps_c;rosidl_typesupport_introspection_c
[0.252s] -- Using all available rosidl_typesupport_cpp: rosidl_typesupport_fastrtps_cpp;rosidl_typesupport_introspection_cpp
[0.268s] -- Found rmw_implementation_cmake: 6.1.2 (/opt/ros/humble/share/rmw_implementation_cmake/cmake)
[0.269s] -- Found rmw_fastrtps_cpp: 6.2.7 (/opt/ros/humble/share/rmw_fastrtps_cpp/cmake)
[0.332s] -- Using RMW implementation 'rmw_fastrtps_cpp' as default
[0.357s] -- Found ament_lint_auto: 0.12.11 (/opt/ros/humble/share/ament_lint_auto/cmake)
[0.394s] -- Added test 'cppcheck' to perform static code analysis on C / C++ code
[0.394s] -- Configured cppcheck include dirs: 
[0.394s] -- Configured cppcheck exclude dirs and/or files: 
[0.394s] -- Added test 'lint_cmake' to check CMake code style
[0.394s] -- Added test 'uncrustify' to check C / C++ code style
[0.395s] -- Configured uncrustify additional arguments: 
[0.395s] -- Added test 'xmllint' to check XML markup files
[0.395s] -- Configuring done
[0.399s] -- Generating done
[0.401s] -- Build files have been written to: /home/sheitej/Workspaces/sherlock_ros-main_Cpp/build/mecanum_nodes_cpp
[0.418s] [35m[1mConsolidate compiler generated dependencies of target stepper_publisher[0m
[0.427s] [100%] Built target stepper_publisher
[0.433s] Invoked command in '/home/sheitej/sherlock_ros/sherlock_ros-main_Cpp/build/mecanum_nodes_cpp' returned '0': CMAKE_PREFIX_PATH=${CMAKE_PREFIX_PATH}:/home/sheitej/sherlock_ros/install/mecanum_nodes:/opt/ros/humble /usr/bin/cmake --build /home/sheitej/sherlock_ros/sherlock_ros-main_Cpp/build/mecanum_nodes_cpp -- -j16 -l16
[0.441s] Invoking command in '/home/sheitej/sherlock_ros/sherlock_ros-main_Cpp/build/mecanum_nodes_cpp': CMAKE_PREFIX_PATH=${CMAKE_PREFIX_PATH}:/home/sheitej/sherlock_ros/install/mecanum_nodes:/opt/ros/humble /usr/bin/cmake --install /home/sheitej/sherlock_ros/sherlock_ros-main_Cpp/build/mecanum_nodes_cpp
[0.445s] -- Install configuration: ""
[0.445s] -- Up-to-date: /home/sheitej/Workspaces/sherlock_ros-main_Cpp/install/mecanum_nodes_cpp/lib/mecanum_nodes_cpp/stepper_publisher
[0.445s] -- Up-to-date: /home/sheitej/Workspaces/sherlock_ros-main_Cpp/install/mecanum_nodes_cpp/share/ament_index/resource_index/package_run_dependencies/mecanum_nodes_cpp
[0.445s] -- Installing: /home/sheitej/Workspaces/sherlock_ros-main_Cpp/install/mecanum_nodes_cpp/share/ament_index/resource_index/parent_prefix_path/mecanum_nodes_cpp
[0.446s] -- Up-to-date: /home/sheitej/Workspaces/sherlock_ros-main_Cpp/install/mecanum_nodes_cpp/share/mecanum_nodes_cpp/environment/ament_prefix_path.sh
[0.446s] -- Installing: /home/sheitej/Workspaces/sherlock_ros-main_Cpp/install/mecanum_nodes_cpp/share/mecanum_nodes_cpp/environment/ament_prefix_path.dsv
[0.446s] -- Up-to-date: /home/sheitej/Workspaces/sherlock_ros-main_Cpp/install/mecanum_nodes_cpp/share/mecanum_nodes_cpp/environment/path.sh
[0.446s] -- Installing: /home/sheitej/Workspaces/sherlock_ros-main_Cpp/install/mecanum_nodes_cpp/share/mecanum_nodes_cpp/environment/path.dsv
[0.446s] -- Up-to-date: /home/sheitej/Workspaces/sherlock_ros-main_Cpp/install/mecanum_nodes_cpp/share/mecanum_nodes_cpp/local_setup.bash
[0.446s] -- Up-to-date: /home/sheitej/Workspaces/sherlock_ros-main_Cpp/install/mecanum_nodes_cpp/share/mecanum_nodes_cpp/local_setup.sh
[0.446s] -- Up-to-date: /home/sheitej/Workspaces/sherlock_ros-main_Cpp/install/mecanum_nodes_cpp/share/mecanum_nodes_cpp/local_setup.zsh
[0.446s] -- Installing: /home/sheitej/Workspaces/sherlock_ros-main_Cpp/install/mecanum_nodes_cpp/share/mecanum_nodes_cpp/local_setup.dsv
[0.446s] -- Installing: /home/sheitej/Workspaces/sherlock_ros-main_Cpp/install/mecanum_nodes_cpp/share/mecanum_nodes_cpp/package.dsv
[0.446s] -- Up-to-date: /home/sheitej/Workspaces/sherlock_ros-main_Cpp/install/mecanum_nodes_cpp/share/ament_index/resource_index/packages/mecanum_nodes_cpp
[0.446s] -- Up-to-date: /home/sheitej/Workspaces/sherlock_ros-main_Cpp/install/mecanum_nodes_cpp/share/mecanum_nodes_cpp/cmake/mecanum_nodes_cppConfig.cmake
[0.446s] -- Up-to-date: /home/sheitej/Workspaces/sherlock_ros-main_Cpp/install/mecanum_nodes_cpp/share/mecanum_nodes_cpp/cmake/mecanum_nodes_cppConfig-version.cmake
[0.446s] -- Up-to-date: /home/sheitej/Workspaces/sherlock_ros-main_Cpp/install/mecanum_nodes_cpp/share/mecanum_nodes_cpp/package.xml
[0.447s] Invoked command in '/home/sheitej/sherlock_ros/sherlock_ros-main_Cpp/build/mecanum_nodes_cpp' returned '0': CMAKE_PREFIX_PATH=${CMAKE_PREFIX_PATH}:/home/sheitej/sherlock_ros/install/mecanum_nodes:/opt/ros/humble /usr/bin/cmake --install /home/sheitej/sherlock_ros/sherlock_ros-main_Cpp/build/mecanum_nodes_cpp
