/home/sheitej/Workspaces/sherlock_ros-main_Cpp/install/mecanum_nodes/lib/python3.10/site-packages/mecanum_nodes/planner_node.py
/home/sheitej/Workspaces/sherlock_ros-main_Cpp/install/mecanum_nodes/lib/python3.10/site-packages/mecanum_nodes/main.py
/home/sheitej/Workspaces/sherlock_ros-main_Cpp/install/mecanum_nodes/lib/python3.10/site-packages/mecanum_nodes/serial_publisher.py
/home/sheitej/Workspaces/sherlock_ros-main_Cpp/install/mecanum_nodes/lib/python3.10/site-packages/mecanum_nodes/data_packet.py
/home/sheitej/Workspaces/sherlock_ros-main_Cpp/install/mecanum_nodes/lib/python3.10/site-packages/mecanum_nodes/publisher.py
/home/sheitej/Workspaces/sherlock_ros-main_Cpp/install/mecanum_nodes/lib/python3.10/site-packages/mecanum_nodes/poly_utils.py
/home/sheitej/Workspaces/sherlock_ros-main_Cpp/install/mecanum_nodes/lib/python3.10/site-packages/mecanum_nodes/mecanum_kinematics.py
/home/sheitej/Workspaces/sherlock_ros-main_Cpp/install/mecanum_nodes/lib/python3.10/site-packages/mecanum_nodes/data_manager.py
/home/sheitej/Workspaces/sherlock_ros-main_Cpp/install/mecanum_nodes/lib/python3.10/site-packages/mecanum_nodes/controller_node.py
/home/sheitej/Workspaces/sherlock_ros-main_Cpp/install/mecanum_nodes/lib/python3.10/site-packages/mecanum_nodes/serial_test.py
/home/sheitej/Workspaces/sherlock_ros-main_Cpp/install/mecanum_nodes/lib/python3.10/site-packages/mecanum_nodes/serial_subscriber.py
/home/sheitej/Workspaces/sherlock_ros-main_Cpp/install/mecanum_nodes/lib/python3.10/site-packages/mecanum_nodes/__init__.py
/home/sheitej/Workspaces/sherlock_ros-main_Cpp/install/mecanum_nodes/lib/python3.10/site-packages/mecanum_nodes/serial_subscriber_old.py
/home/sheitej/Workspaces/sherlock_ros-main_Cpp/install/mecanum_nodes/lib/python3.10/site-packages/mecanum_nodes/__pycache__/planner_node.cpython-310.pyc
/home/sheitej/Workspaces/sherlock_ros-main_Cpp/install/mecanum_nodes/lib/python3.10/site-packages/mecanum_nodes/__pycache__/main.cpython-310.pyc
/home/sheitej/Workspaces/sherlock_ros-main_Cpp/install/mecanum_nodes/lib/python3.10/site-packages/mecanum_nodes/__pycache__/serial_publisher.cpython-310.pyc
/home/sheitej/Workspaces/sherlock_ros-main_Cpp/install/mecanum_nodes/lib/python3.10/site-packages/mecanum_nodes/__pycache__/data_packet.cpython-310.pyc
/home/sheitej/Workspaces/sherlock_ros-main_Cpp/install/mecanum_nodes/lib/python3.10/site-packages/mecanum_nodes/__pycache__/publisher.cpython-310.pyc
/home/sheitej/Workspaces/sherlock_ros-main_Cpp/install/mecanum_nodes/lib/python3.10/site-packages/mecanum_nodes/__pycache__/poly_utils.cpython-310.pyc
/home/sheitej/Workspaces/sherlock_ros-main_Cpp/install/mecanum_nodes/lib/python3.10/site-packages/mecanum_nodes/__pycache__/mecanum_kinematics.cpython-310.pyc
/home/sheitej/Workspaces/sherlock_ros-main_Cpp/install/mecanum_nodes/lib/python3.10/site-packages/mecanum_nodes/__pycache__/data_manager.cpython-310.pyc
/home/sheitej/Workspaces/sherlock_ros-main_Cpp/install/mecanum_nodes/lib/python3.10/site-packages/mecanum_nodes/__pycache__/controller_node.cpython-310.pyc
/home/sheitej/Workspaces/sherlock_ros-main_Cpp/install/mecanum_nodes/lib/python3.10/site-packages/mecanum_nodes/__pycache__/serial_test.cpython-310.pyc
/home/sheitej/Workspaces/sherlock_ros-main_Cpp/install/mecanum_nodes/lib/python3.10/site-packages/mecanum_nodes/__pycache__/serial_subscriber.cpython-310.pyc
/home/sheitej/Workspaces/sherlock_ros-main_Cpp/install/mecanum_nodes/lib/python3.10/site-packages/mecanum_nodes/__pycache__/__init__.cpython-310.pyc
/home/sheitej/Workspaces/sherlock_ros-main_Cpp/install/mecanum_nodes/lib/python3.10/site-packages/mecanum_nodes/__pycache__/serial_subscriber_old.cpython-310.pyc
/home/sheitej/Workspaces/sherlock_ros-main_Cpp/install/mecanum_nodes/share/ament_index/resource_index/packages/mecanum_nodes
/home/sheitej/Workspaces/sherlock_ros-main_Cpp/install/mecanum_nodes/share/mecanum_nodes/package.xml
/home/sheitej/Workspaces/sherlock_ros-main_Cpp/install/mecanum_nodes/lib/python3.10/site-packages/mecanum_nodes-0.0.1-py3.10.egg-info/top_level.txt
/home/sheitej/Workspaces/sherlock_ros-main_Cpp/install/mecanum_nodes/lib/python3.10/site-packages/mecanum_nodes-0.0.1-py3.10.egg-info/zip-safe
/home/sheitej/Workspaces/sherlock_ros-main_Cpp/install/mecanum_nodes/lib/python3.10/site-packages/mecanum_nodes-0.0.1-py3.10.egg-info/PKG-INFO
/home/sheitej/Workspaces/sherlock_ros-main_Cpp/install/mecanum_nodes/lib/python3.10/site-packages/mecanum_nodes-0.0.1-py3.10.egg-info/entry_points.txt
/home/sheitej/Workspaces/sherlock_ros-main_Cpp/install/mecanum_nodes/lib/python3.10/site-packages/mecanum_nodes-0.0.1-py3.10.egg-info/SOURCES.txt
/home/sheitej/Workspaces/sherlock_ros-main_Cpp/install/mecanum_nodes/lib/python3.10/site-packages/mecanum_nodes-0.0.1-py3.10.egg-info/dependency_links.txt
/home/sheitej/Workspaces/sherlock_ros-main_Cpp/install/mecanum_nodes/lib/python3.10/site-packages/mecanum_nodes-0.0.1-py3.10.egg-info/requires.txt
/home/sheitej/Workspaces/sherlock_ros-main_Cpp/install/mecanum_nodes/lib/mecanum_nodes/controller
/home/sheitej/Workspaces/sherlock_ros-main_Cpp/install/mecanum_nodes/lib/mecanum_nodes/planner
/home/sheitej/Workspaces/sherlock_ros-main_Cpp/install/mecanum_nodes/lib/mecanum_nodes/serial_sub
/home/sheitej/Workspaces/sherlock_ros-main_Cpp/install/mecanum_nodes/lib/mecanum_nodes/stepper_pub
