[0.167s] Invoking command in '/home/sheitej/sherlock_ros/sherlock_ros-main_Cpp/build/mecanum_nodes_cpp': CMAKE_PREFIX_PATH=${CMAKE_PREFIX_PATH}:/home/sheitej/sherlock_ros/sherlock_ros-main_Cpp/install/mecanum_nodes:/home/sheitej/sherlock_ros/install/mecanum_nodes:/opt/ros/humble /usr/bin/cmake /home/sheitej/sherlock_ros/sherlock_ros-main_Cpp/src/mecanum_nodes_cpp -DCMAKE_INSTALL_PREFIX=/home/sheitej/sherlock_ros/sherlock_ros-main_Cpp/install/mecanum_nodes_cpp
[0.210s] -- The C compiler identification is GNU 11.4.0
[0.255s] -- The CXX compiler identification is GNU 11.4.0
[0.261s] -- Detecting C compiler ABI info
[0.316s] -- Detecting C compiler ABI info - done
[0.322s] -- Check for working C compiler: /usr/bin/cc - skipped
[0.322s] -- Detecting C compile features
[0.323s] -- Detecting C compile features - done
[0.325s] -- Detecting CXX compiler ABI info
[0.381s] -- Detecting CXX compiler ABI info - done
[0.387s] -- Check for working CXX compiler: /usr/bin/c++ - skipped
[0.387s] -- Detecting CXX compile features
[0.387s] -- Detecting CXX compile features - done
[0.388s] -- Found ament_cmake: 1.3.11 (/opt/ros/humble/share/ament_cmake/cmake)
[0.497s] -- Found Python3: /usr/bin/python3 (found version "3.10.12") found components: Interpreter 
[0.557s] -- Found rclcpp: 16.0.11 (/opt/ros/humble/share/rclcpp/cmake)
[0.582s] -- Found rosidl_generator_c: 3.1.6 (/opt/ros/humble/share/rosidl_generator_c/cmake)
[0.585s] -- Found rosidl_adapter: 3.1.6 (/opt/ros/humble/share/rosidl_adapter/cmake)
[0.591s] -- Found rosidl_generator_cpp: 3.1.6 (/opt/ros/humble/share/rosidl_generator_cpp/cmake)
[0.601s] -- Using all available rosidl_typesupport_c: rosidl_typesupport_fastrtps_c;rosidl_typesupport_introspection_c
[0.611s] -- Using all available rosidl_typesupport_cpp: rosidl_typesupport_fastrtps_cpp;rosidl_typesupport_introspection_cpp
[0.638s] -- Found rmw_implementation_cmake: 6.1.2 (/opt/ros/humble/share/rmw_implementation_cmake/cmake)
[0.640s] -- Found rmw_fastrtps_cpp: 6.2.7 (/opt/ros/humble/share/rmw_fastrtps_cpp/cmake)
[0.722s] -- Found OpenSSL: /usr/lib/x86_64-linux-gnu/libcrypto.so (found version "3.0.2")  
[0.760s] -- Found FastRTPS: /opt/ros/humble/include  
[0.792s] -- Using RMW implementation 'rmw_fastrtps_cpp' as default
[0.797s] -- Looking for pthread.h
[0.872s] -- Looking for pthread.h - found
[0.873s] -- Performing Test CMAKE_HAVE_LIBC_PTHREAD
[0.973s] -- Performing Test CMAKE_HAVE_LIBC_PTHREAD - Success
[0.975s] -- Found Threads: TRUE  
[1.015s] -- Found ament_lint_auto: 0.12.11 (/opt/ros/humble/share/ament_lint_auto/cmake)
[1.070s] -- Added test 'cppcheck' to perform static code analysis on C / C++ code
[1.070s] -- Configured cppcheck include dirs: 
[1.070s] -- Configured cppcheck exclude dirs and/or files: 
[1.070s] -- Added test 'lint_cmake' to check CMake code style
[1.071s] -- Added test 'uncrustify' to check C / C++ code style
[1.071s] -- Configured uncrustify additional arguments: 
[1.071s] -- Added test 'xmllint' to check XML markup files
[1.072s] -- Configuring done
[1.077s] -- Generating done
[1.079s] -- Build files have been written to: /home/sheitej/sherlock_ros/sherlock_ros-main_Cpp/build/mecanum_nodes_cpp
[1.087s] Invoked command in '/home/sheitej/sherlock_ros/sherlock_ros-main_Cpp/build/mecanum_nodes_cpp' returned '0': CMAKE_PREFIX_PATH=${CMAKE_PREFIX_PATH}:/home/sheitej/sherlock_ros/sherlock_ros-main_Cpp/install/mecanum_nodes:/home/sheitej/sherlock_ros/install/mecanum_nodes:/opt/ros/humble /usr/bin/cmake /home/sheitej/sherlock_ros/sherlock_ros-main_Cpp/src/mecanum_nodes_cpp -DCMAKE_INSTALL_PREFIX=/home/sheitej/sherlock_ros/sherlock_ros-main_Cpp/install/mecanum_nodes_cpp
[1.088s] Invoking command in '/home/sheitej/sherlock_ros/sherlock_ros-main_Cpp/build/mecanum_nodes_cpp': CMAKE_PREFIX_PATH=${CMAKE_PREFIX_PATH}:/home/sheitej/sherlock_ros/sherlock_ros-main_Cpp/install/mecanum_nodes:/home/sheitej/sherlock_ros/install/mecanum_nodes:/opt/ros/humble /usr/bin/cmake --build /home/sheitej/sherlock_ros/sherlock_ros-main_Cpp/build/mecanum_nodes_cpp -- -j16 -l16
[1.144s] [ 50%] [32mBuilding CXX object CMakeFiles/stepper_publisher.dir/src/stepper_publisher.cpp.o[0m
[3.740s] [100%] [32m[1mLinking CXX executable stepper_publisher[0m
[3.868s] [100%] Built target stepper_publisher
[3.879s] Invoked command in '/home/sheitej/sherlock_ros/sherlock_ros-main_Cpp/build/mecanum_nodes_cpp' returned '0': CMAKE_PREFIX_PATH=${CMAKE_PREFIX_PATH}:/home/sheitej/sherlock_ros/sherlock_ros-main_Cpp/install/mecanum_nodes:/home/sheitej/sherlock_ros/install/mecanum_nodes:/opt/ros/humble /usr/bin/cmake --build /home/sheitej/sherlock_ros/sherlock_ros-main_Cpp/build/mecanum_nodes_cpp -- -j16 -l16
[3.889s] Invoking command in '/home/sheitej/sherlock_ros/sherlock_ros-main_Cpp/build/mecanum_nodes_cpp': CMAKE_PREFIX_PATH=${CMAKE_PREFIX_PATH}:/home/sheitej/sherlock_ros/sherlock_ros-main_Cpp/install/mecanum_nodes:/home/sheitej/sherlock_ros/install/mecanum_nodes:/opt/ros/humble /usr/bin/cmake --install /home/sheitej/sherlock_ros/sherlock_ros-main_Cpp/build/mecanum_nodes_cpp
[3.897s] -- Install configuration: ""
[3.897s] -- Installing: /home/sheitej/sherlock_ros/sherlock_ros-main_Cpp/install/mecanum_nodes_cpp/lib/mecanum_nodes_cpp/stepper_publisher
[3.899s] -- Set runtime path of "/home/sheitej/sherlock_ros/sherlock_ros-main_Cpp/install/mecanum_nodes_cpp/lib/mecanum_nodes_cpp/stepper_publisher" to ""
[3.899s] -- Installing: /home/sheitej/sherlock_ros/sherlock_ros-main_Cpp/install/mecanum_nodes_cpp/share/ament_index/resource_index/package_run_dependencies/mecanum_nodes_cpp
[3.899s] -- Installing: /home/sheitej/sherlock_ros/sherlock_ros-main_Cpp/install/mecanum_nodes_cpp/share/ament_index/resource_index/parent_prefix_path/mecanum_nodes_cpp
[3.899s] -- Installing: /home/sheitej/sherlock_ros/sherlock_ros-main_Cpp/install/mecanum_nodes_cpp/share/mecanum_nodes_cpp/environment/ament_prefix_path.sh
[3.899s] -- Installing: /home/sheitej/sherlock_ros/sherlock_ros-main_Cpp/install/mecanum_nodes_cpp/share/mecanum_nodes_cpp/environment/ament_prefix_path.dsv
[3.899s] -- Installing: /home/sheitej/sherlock_ros/sherlock_ros-main_Cpp/install/mecanum_nodes_cpp/share/mecanum_nodes_cpp/environment/path.sh
[3.900s] -- Installing: /home/sheitej/sherlock_ros/sherlock_ros-main_Cpp/install/mecanum_nodes_cpp/share/mecanum_nodes_cpp/environment/path.dsv
[3.900s] -- Installing: /home/sheitej/sherlock_ros/sherlock_ros-main_Cpp/install/mecanum_nodes_cpp/share/mecanum_nodes_cpp/local_setup.bash
[3.900s] -- Installing: /home/sheitej/sherlock_ros/sherlock_ros-main_Cpp/install/mecanum_nodes_cpp/share/mecanum_nodes_cpp/local_setup.sh
[3.900s] -- Installing: /home/sheitej/sherlock_ros/sherlock_ros-main_Cpp/install/mecanum_nodes_cpp/share/mecanum_nodes_cpp/local_setup.zsh
[3.900s] -- Installing: /home/sheitej/sherlock_ros/sherlock_ros-main_Cpp/install/mecanum_nodes_cpp/share/mecanum_nodes_cpp/local_setup.dsv
[3.900s] -- Installing: /home/sheitej/sherlock_ros/sherlock_ros-main_Cpp/install/mecanum_nodes_cpp/share/mecanum_nodes_cpp/package.dsv
[3.900s] -- Installing: /home/sheitej/sherlock_ros/sherlock_ros-main_Cpp/install/mecanum_nodes_cpp/share/ament_index/resource_index/packages/mecanum_nodes_cpp
[3.900s] -- Installing: /home/sheitej/sherlock_ros/sherlock_ros-main_Cpp/install/mecanum_nodes_cpp/share/mecanum_nodes_cpp/cmake/mecanum_nodes_cppConfig.cmake
[3.900s] -- Installing: /home/sheitej/sherlock_ros/sherlock_ros-main_Cpp/install/mecanum_nodes_cpp/share/mecanum_nodes_cpp/cmake/mecanum_nodes_cppConfig-version.cmake
[3.900s] -- Installing: /home/sheitej/sherlock_ros/sherlock_ros-main_Cpp/install/mecanum_nodes_cpp/share/mecanum_nodes_cpp/package.xml
[3.902s] Invoked command in '/home/sheitej/sherlock_ros/sherlock_ros-main_Cpp/build/mecanum_nodes_cpp' returned '0': CMAKE_PREFIX_PATH=${CMAKE_PREFIX_PATH}:/home/sheitej/sherlock_ros/sherlock_ros-main_Cpp/install/mecanum_nodes:/home/sheitej/sherlock_ros/install/mecanum_nodes:/opt/ros/humble /usr/bin/cmake --install /home/sheitej/sherlock_ros/sherlock_ros-main_Cpp/build/mecanum_nodes_cpp
