[1.137s] Invoking command in '/home/tariq/sherlock_ros/build/mecanum_nodes': PYTHONPATH=/home/tariq/sherlock_ros/build/mecanum_nodes/prefix_override:/usr/lib/python3/dist-packages/colcon_core/task/python/colcon_distutils_commands:/home/tariq/sherlock_ros/install/mecanum_nodes/lib/python3.10/site-packages:${PYTHONPATH} /usr/bin/python3 -W ignore:setup.py install is deprecated -W ignore:easy_install command is deprecated setup.py develop --editable --build-directory /home/tariq/sherlock_ros/build/mecanum_nodes/build --no-deps symlink_data
[1.411s] running develop
[1.624s] running egg_info
[1.624s] creating mecanum_nodes.egg-info
[1.624s] writing mecanum_nodes.egg-info/PKG-INFO
[1.624s] writing dependency_links to mecanum_nodes.egg-info/dependency_links.txt
[1.625s] writing entry points to mecanum_nodes.egg-info/entry_points.txt
[1.625s] writing requirements to mecanum_nodes.egg-info/requires.txt
[1.625s] writing top-level names to mecanum_nodes.egg-info/top_level.txt
[1.625s] writing manifest file 'mecanum_nodes.egg-info/SOURCES.txt'
[1.627s] reading manifest file 'mecanum_nodes.egg-info/SOURCES.txt'
[1.627s] writing manifest file 'mecanum_nodes.egg-info/SOURCES.txt'
[1.629s] running build_ext
[1.629s] Creating /home/tariq/sherlock_ros/install/mecanum_nodes/lib/python3.10/site-packages/mecanum-nodes.egg-link (link to .)
[1.630s] Installing feedback_controller_node script to /home/tariq/sherlock_ros/install/mecanum_nodes/lib/mecanum_nodes
[1.630s] Installing planner script to /home/tariq/sherlock_ros/install/mecanum_nodes/lib/mecanum_nodes
[1.630s] Installing serial_sub script to /home/tariq/sherlock_ros/install/mecanum_nodes/lib/mecanum_nodes
[1.630s] Installing stepper_pub script to /home/tariq/sherlock_ros/install/mecanum_nodes/lib/mecanum_nodes
[1.631s] 
[1.631s] Installed /home/tariq/sherlock_ros/build/mecanum_nodes
[1.631s] running symlink_data
[1.631s] creating /home/tariq/sherlock_ros/install/mecanum_nodes/share/ament_index
[1.631s] creating /home/tariq/sherlock_ros/install/mecanum_nodes/share/ament_index/resource_index
[1.631s] creating /home/tariq/sherlock_ros/install/mecanum_nodes/share/ament_index/resource_index/packages
[1.631s] symbolically linking /home/tariq/sherlock_ros/build/mecanum_nodes/resource/mecanum_nodes -> /home/tariq/sherlock_ros/install/mecanum_nodes/share/ament_index/resource_index/packages
[1.631s] symbolically linking /home/tariq/sherlock_ros/build/mecanum_nodes/package.xml -> /home/tariq/sherlock_ros/install/mecanum_nodes/share/mecanum_nodes
[1.657s] Invoked command in '/home/tariq/sherlock_ros/build/mecanum_nodes' returned '0': PYTHONPATH=/home/tariq/sherlock_ros/build/mecanum_nodes/prefix_override:/usr/lib/python3/dist-packages/colcon_core/task/python/colcon_distutils_commands:/home/tariq/sherlock_ros/install/mecanum_nodes/lib/python3.10/site-packages:${PYTHONPATH} /usr/bin/python3 -W ignore:setup.py install is deprecated -W ignore:easy_install command is deprecated setup.py develop --editable --build-directory /home/tariq/sherlock_ros/build/mecanum_nodes/build --no-deps symlink_data
