[0.168s] DEBUG:colcon:Command line arguments: ['/usr/bin/colcon', 'build', '--symlink-install']
[0.168s] DEBUG:colcon:Parsed command line arguments: Namespace(log_base=None, log_level=None, verb_name='build', build_base='build', install_base='install', merge_install=False, symlink_install=True, test_result_base=None, continue_on_error=False, executor='parallel', parallel_workers=20, event_handlers=None, ignore_user_meta=False, metas=['./colcon.meta'], base_paths=['.'], packages_ignore=None, packages_ignore_regex=None, paths=None, packages_up_to=None, packages_up_to_regex=None, packages_above=None, packages_above_and_dependencies=None, packages_above_depth=None, packages_select_by_dep=None, packages_skip_by_dep=None, packages_skip_up_to=None, packages_select_build_failed=False, packages_skip_build_finished=False, packages_select_test_failures=False, packages_skip_test_passed=False, packages_select=None, packages_skip=None, packages_select_regex=None, packages_skip_regex=None, packages_start=None, packages_end=None, allow_overriding=[], cmake_args=None, cmake_target=None, cmake_target_skip_unavailable=False, cmake_clean_cache=False, cmake_clean_first=False, cmake_force_configure=False, ament_cmake_args=None, catkin_cmake_args=None, catkin_skip_building_tests=False, verb_parser=<colcon_defaults.argument_parser.defaults.DefaultArgumentsDecorator object at 0x743b954637c0>, verb_extension=<colcon_core.verb.build.BuildVerb object at 0x743b955a8e20>, main=<bound method BuildVerb.main of <colcon_core.verb.build.BuildVerb object at 0x743b955a8e20>>)
[0.473s] Level 1:colcon.colcon_core.package_discovery:discover_packages(colcon_meta) check parameters
[0.473s] Level 1:colcon.colcon_core.package_discovery:discover_packages(recursive) check parameters
[0.473s] Level 1:colcon.colcon_core.package_discovery:discover_packages(ignore) check parameters
[0.473s] Level 1:colcon.colcon_core.package_discovery:discover_packages(path) check parameters
[0.473s] Level 1:colcon.colcon_core.package_discovery:discover_packages(colcon_meta) discover
[0.474s] Level 1:colcon.colcon_core.package_discovery:discover_packages(recursive) discover
[0.474s] INFO:colcon.colcon_core.package_discovery:Crawling recursively for packages in '/home/tariq/sherlock_ros'
[0.474s] Level 1:colcon.colcon_core.package_identification:_identify(.) by extensions ['ignore', 'ignore_ament_install']
[0.474s] Level 1:colcon.colcon_core.package_identification:_identify(.) by extension 'ignore'
[0.474s] Level 1:colcon.colcon_core.package_identification:_identify(.) by extension 'ignore_ament_install'
[0.474s] Level 1:colcon.colcon_core.package_identification:_identify(.) by extensions ['colcon_pkg']
[0.474s] Level 1:colcon.colcon_core.package_identification:_identify(.) by extension 'colcon_pkg'
[0.474s] Level 1:colcon.colcon_core.package_identification:_identify(.) by extensions ['colcon_meta']
[0.474s] Level 1:colcon.colcon_core.package_identification:_identify(.) by extension 'colcon_meta'
[0.474s] Level 1:colcon.colcon_core.package_identification:_identify(.) by extensions ['ros']
[0.474s] Level 1:colcon.colcon_core.package_identification:_identify(.) by extension 'ros'
[0.493s] Level 1:colcon.colcon_core.package_identification:_identify(.) by extensions ['cmake', 'python']
[0.493s] Level 1:colcon.colcon_core.package_identification:_identify(.) by extension 'cmake'
[0.493s] Level 1:colcon.colcon_core.package_identification:_identify(.) by extension 'python'
[0.493s] Level 1:colcon.colcon_core.package_identification:_identify(.) by extensions ['python_setup_py']
[0.493s] Level 1:colcon.colcon_core.package_identification:_identify(.) by extension 'python_setup_py'
[0.493s] Level 1:colcon.colcon_core.package_identification:_identify(build) by extensions ['ignore', 'ignore_ament_install']
[0.493s] Level 1:colcon.colcon_core.package_identification:_identify(build) by extension 'ignore'
[0.494s] Level 1:colcon.colcon_core.package_identification:_identify(build) ignored
[0.494s] Level 1:colcon.colcon_core.package_identification:_identify(install) by extensions ['ignore', 'ignore_ament_install']
[0.494s] Level 1:colcon.colcon_core.package_identification:_identify(install) by extension 'ignore'
[0.494s] Level 1:colcon.colcon_core.package_identification:_identify(install) ignored
[0.494s] Level 1:colcon.colcon_core.package_identification:_identify(log) by extensions ['ignore', 'ignore_ament_install']
[0.494s] Level 1:colcon.colcon_core.package_identification:_identify(log) by extension 'ignore'
[0.495s] Level 1:colcon.colcon_core.package_identification:_identify(log) ignored
[0.495s] Level 1:colcon.colcon_core.package_identification:_identify(src) by extensions ['ignore', 'ignore_ament_install']
[0.495s] Level 1:colcon.colcon_core.package_identification:_identify(src) by extension 'ignore'
[0.495s] Level 1:colcon.colcon_core.package_identification:_identify(src) by extension 'ignore_ament_install'
[0.495s] Level 1:colcon.colcon_core.package_identification:_identify(src) by extensions ['colcon_pkg']
[0.495s] Level 1:colcon.colcon_core.package_identification:_identify(src) by extension 'colcon_pkg'
[0.495s] Level 1:colcon.colcon_core.package_identification:_identify(src) by extensions ['colcon_meta']
[0.495s] Level 1:colcon.colcon_core.package_identification:_identify(src) by extension 'colcon_meta'
[0.495s] Level 1:colcon.colcon_core.package_identification:_identify(src) by extensions ['ros']
[0.495s] Level 1:colcon.colcon_core.package_identification:_identify(src) by extension 'ros'
[0.496s] Level 1:colcon.colcon_core.package_identification:_identify(src) by extensions ['cmake', 'python']
[0.496s] Level 1:colcon.colcon_core.package_identification:_identify(src) by extension 'cmake'
[0.496s] Level 1:colcon.colcon_core.package_identification:_identify(src) by extension 'python'
[0.496s] Level 1:colcon.colcon_core.package_identification:_identify(src) by extensions ['python_setup_py']
[0.496s] Level 1:colcon.colcon_core.package_identification:_identify(src) by extension 'python_setup_py'
[0.496s] Level 1:colcon.colcon_core.package_identification:_identify(src/mecanum_nodes) by extensions ['ignore', 'ignore_ament_install']
[0.496s] Level 1:colcon.colcon_core.package_identification:_identify(src/mecanum_nodes) by extension 'ignore'
[0.496s] Level 1:colcon.colcon_core.package_identification:_identify(src/mecanum_nodes) by extension 'ignore_ament_install'
[0.496s] Level 1:colcon.colcon_core.package_identification:_identify(src/mecanum_nodes) by extensions ['colcon_pkg']
[0.496s] Level 1:colcon.colcon_core.package_identification:_identify(src/mecanum_nodes) by extension 'colcon_pkg'
[0.497s] Level 1:colcon.colcon_core.package_identification:_identify(src/mecanum_nodes) by extensions ['colcon_meta']
[0.497s] Level 1:colcon.colcon_core.package_identification:_identify(src/mecanum_nodes) by extension 'colcon_meta'
[0.497s] Level 1:colcon.colcon_core.package_identification:_identify(src/mecanum_nodes) by extensions ['ros']
[0.497s] Level 1:colcon.colcon_core.package_identification:_identify(src/mecanum_nodes) by extension 'ros'
[0.513s] DEBUG:colcon.colcon_core.package_identification:Package 'src/mecanum_nodes' with type 'ros.ament_python' and name 'mecanum_nodes'
[0.513s] Level 1:colcon.colcon_core.package_identification:_identify(src/my_bot) by extensions ['ignore', 'ignore_ament_install']
[0.513s] Level 1:colcon.colcon_core.package_identification:_identify(src/my_bot) by extension 'ignore'
[0.513s] Level 1:colcon.colcon_core.package_identification:_identify(src/my_bot) by extension 'ignore_ament_install'
[0.513s] Level 1:colcon.colcon_core.package_identification:_identify(src/my_bot) by extensions ['colcon_pkg']
[0.514s] Level 1:colcon.colcon_core.package_identification:_identify(src/my_bot) by extension 'colcon_pkg'
[0.514s] Level 1:colcon.colcon_core.package_identification:_identify(src/my_bot) by extensions ['colcon_meta']
[0.514s] Level 1:colcon.colcon_core.package_identification:_identify(src/my_bot) by extension 'colcon_meta'
[0.514s] Level 1:colcon.colcon_core.package_identification:_identify(src/my_bot) by extensions ['ros']
[0.514s] Level 1:colcon.colcon_core.package_identification:_identify(src/my_bot) by extension 'ros'
[0.515s] DEBUG:colcon.colcon_core.package_identification:Package 'src/my_bot' with type 'ros.ament_python' and name 'my_bot'
[0.515s] Level 1:colcon.colcon_core.package_identification:_identify(src/resource) by extensions ['ignore', 'ignore_ament_install']
[0.515s] Level 1:colcon.colcon_core.package_identification:_identify(src/resource) by extension 'ignore'
[0.515s] Level 1:colcon.colcon_core.package_identification:_identify(src/resource) by extension 'ignore_ament_install'
[0.515s] Level 1:colcon.colcon_core.package_identification:_identify(src/resource) by extensions ['colcon_pkg']
[0.515s] Level 1:colcon.colcon_core.package_identification:_identify(src/resource) by extension 'colcon_pkg'
[0.515s] Level 1:colcon.colcon_core.package_identification:_identify(src/resource) by extensions ['colcon_meta']
[0.516s] Level 1:colcon.colcon_core.package_identification:_identify(src/resource) by extension 'colcon_meta'
[0.516s] Level 1:colcon.colcon_core.package_identification:_identify(src/resource) by extensions ['ros']
[0.516s] Level 1:colcon.colcon_core.package_identification:_identify(src/resource) by extension 'ros'
[0.516s] Level 1:colcon.colcon_core.package_identification:_identify(src/resource) by extensions ['cmake', 'python']
[0.516s] Level 1:colcon.colcon_core.package_identification:_identify(src/resource) by extension 'cmake'
[0.516s] Level 1:colcon.colcon_core.package_identification:_identify(src/resource) by extension 'python'
[0.516s] Level 1:colcon.colcon_core.package_identification:_identify(src/resource) by extensions ['python_setup_py']
[0.516s] Level 1:colcon.colcon_core.package_identification:_identify(src/resource) by extension 'python_setup_py'
[0.516s] Level 1:colcon.colcon_core.package_identification:_identify(src/test) by extensions ['ignore', 'ignore_ament_install']
[0.516s] Level 1:colcon.colcon_core.package_identification:_identify(src/test) by extension 'ignore'
[0.516s] Level 1:colcon.colcon_core.package_identification:_identify(src/test) by extension 'ignore_ament_install'
[0.517s] Level 1:colcon.colcon_core.package_identification:_identify(src/test) by extensions ['colcon_pkg']
[0.517s] Level 1:colcon.colcon_core.package_identification:_identify(src/test) by extension 'colcon_pkg'
[0.517s] Level 1:colcon.colcon_core.package_identification:_identify(src/test) by extensions ['colcon_meta']
[0.517s] Level 1:colcon.colcon_core.package_identification:_identify(src/test) by extension 'colcon_meta'
[0.517s] Level 1:colcon.colcon_core.package_identification:_identify(src/test) by extensions ['ros']
[0.517s] Level 1:colcon.colcon_core.package_identification:_identify(src/test) by extension 'ros'
[0.517s] Level 1:colcon.colcon_core.package_identification:_identify(src/test) by extensions ['cmake', 'python']
[0.517s] Level 1:colcon.colcon_core.package_identification:_identify(src/test) by extension 'cmake'
[0.517s] Level 1:colcon.colcon_core.package_identification:_identify(src/test) by extension 'python'
[0.517s] Level 1:colcon.colcon_core.package_identification:_identify(src/test) by extensions ['python_setup_py']
[0.517s] Level 1:colcon.colcon_core.package_identification:_identify(src/test) by extension 'python_setup_py'
[0.517s] Level 1:colcon.colcon_core.package_discovery:discover_packages(recursive) using defaults
[0.517s] Level 1:colcon.colcon_core.package_discovery:discover_packages(ignore) discover
[0.517s] Level 1:colcon.colcon_core.package_discovery:discover_packages(ignore) using defaults
[0.517s] Level 1:colcon.colcon_core.package_discovery:discover_packages(path) discover
[0.518s] Level 1:colcon.colcon_core.package_discovery:discover_packages(path) using defaults
[0.552s] Level 1:colcon.colcon_core.package_discovery:discover_packages(prefix_path) check parameters
[0.552s] Level 1:colcon.colcon_core.package_discovery:discover_packages(prefix_path) discover
[0.555s] DEBUG:colcon.colcon_installed_package_information.package_discovery:Found 2 installed packages in /home/tariq/sherlock_ros/install
[0.556s] DEBUG:colcon.colcon_installed_package_information.package_discovery:Found 9 installed packages in /home/tariq/linorobot2_ws/install
[0.557s] DEBUG:colcon.colcon_installed_package_information.package_discovery:Found 1 installed packages in /home/tariq/my_mec_botpytest/install
[0.561s] DEBUG:colcon.colcon_installed_package_information.package_discovery:Found 429 installed packages in /opt/ros/humble
[0.566s] Level 1:colcon.colcon_core.package_discovery:discover_packages(prefix_path) using defaults
[0.649s] Level 5:colcon.colcon_core.verb:set package 'mecanum_nodes' build argument 'cmake_args' from command line to 'None'
[0.649s] Level 5:colcon.colcon_core.verb:set package 'mecanum_nodes' build argument 'cmake_target' from command line to 'None'
[0.649s] Level 5:colcon.colcon_core.verb:set package 'mecanum_nodes' build argument 'cmake_target_skip_unavailable' from command line to 'False'
[0.649s] Level 5:colcon.colcon_core.verb:set package 'mecanum_nodes' build argument 'cmake_clean_cache' from command line to 'False'
[0.649s] Level 5:colcon.colcon_core.verb:set package 'mecanum_nodes' build argument 'cmake_clean_first' from command line to 'False'
[0.649s] Level 5:colcon.colcon_core.verb:set package 'mecanum_nodes' build argument 'cmake_force_configure' from command line to 'False'
[0.649s] Level 5:colcon.colcon_core.verb:set package 'mecanum_nodes' build argument 'ament_cmake_args' from command line to 'None'
[0.649s] Level 5:colcon.colcon_core.verb:set package 'mecanum_nodes' build argument 'catkin_cmake_args' from command line to 'None'
[0.649s] Level 5:colcon.colcon_core.verb:set package 'mecanum_nodes' build argument 'catkin_skip_building_tests' from command line to 'False'
[0.649s] DEBUG:colcon.colcon_core.verb:Building package 'mecanum_nodes' with the following arguments: {'ament_cmake_args': None, 'build_base': '/home/tariq/sherlock_ros/build/mecanum_nodes', 'catkin_cmake_args': None, 'catkin_skip_building_tests': False, 'cmake_args': None, 'cmake_clean_cache': False, 'cmake_clean_first': False, 'cmake_force_configure': False, 'cmake_target': None, 'cmake_target_skip_unavailable': False, 'install_base': '/home/tariq/sherlock_ros/install/mecanum_nodes', 'merge_install': False, 'path': '/home/tariq/sherlock_ros/src/mecanum_nodes', 'symlink_install': True, 'test_result_base': None}
[0.650s] Level 5:colcon.colcon_core.verb:set package 'my_bot' build argument 'cmake_args' from command line to 'None'
[0.650s] Level 5:colcon.colcon_core.verb:set package 'my_bot' build argument 'cmake_target' from command line to 'None'
[0.650s] Level 5:colcon.colcon_core.verb:set package 'my_bot' build argument 'cmake_target_skip_unavailable' from command line to 'False'
[0.650s] Level 5:colcon.colcon_core.verb:set package 'my_bot' build argument 'cmake_clean_cache' from command line to 'False'
[0.650s] Level 5:colcon.colcon_core.verb:set package 'my_bot' build argument 'cmake_clean_first' from command line to 'False'
[0.650s] Level 5:colcon.colcon_core.verb:set package 'my_bot' build argument 'cmake_force_configure' from command line to 'False'
[0.650s] Level 5:colcon.colcon_core.verb:set package 'my_bot' build argument 'ament_cmake_args' from command line to 'None'
[0.650s] Level 5:colcon.colcon_core.verb:set package 'my_bot' build argument 'catkin_cmake_args' from command line to 'None'
[0.650s] Level 5:colcon.colcon_core.verb:set package 'my_bot' build argument 'catkin_skip_building_tests' from command line to 'False'
[0.650s] DEBUG:colcon.colcon_core.verb:Building package 'my_bot' with the following arguments: {'ament_cmake_args': None, 'build_base': '/home/tariq/sherlock_ros/build/my_bot', 'catkin_cmake_args': None, 'catkin_skip_building_tests': False, 'cmake_args': None, 'cmake_clean_cache': False, 'cmake_clean_first': False, 'cmake_force_configure': False, 'cmake_target': None, 'cmake_target_skip_unavailable': False, 'install_base': '/home/tariq/sherlock_ros/install/my_bot', 'merge_install': False, 'path': '/home/tariq/sherlock_ros/src/my_bot', 'symlink_install': True, 'test_result_base': None}
[0.650s] INFO:colcon.colcon_core.executor:Executing jobs using 'parallel' executor
[0.652s] DEBUG:colcon.colcon_parallel_executor.executor.parallel:run_until_complete
[0.652s] INFO:colcon.colcon_ros.task.ament_python.build:Building ROS package in '/home/tariq/sherlock_ros/src/mecanum_nodes' with build type 'ament_python'
[0.653s] Level 1:colcon.colcon_core.shell:create_environment_hook('mecanum_nodes', 'ament_prefix_path')
[0.656s] INFO:colcon.colcon_core.plugin_system:Skipping extension 'colcon_core.shell.bat': Not used on non-Windows systems
[0.657s] INFO:colcon.colcon_core.shell:Creating environment hook '/home/tariq/sherlock_ros/install/mecanum_nodes/share/mecanum_nodes/hook/ament_prefix_path.ps1'
[0.658s] INFO:colcon.colcon_core.shell:Creating environment descriptor '/home/tariq/sherlock_ros/install/mecanum_nodes/share/mecanum_nodes/hook/ament_prefix_path.dsv'
[0.659s] INFO:colcon.colcon_core.shell:Creating environment hook '/home/tariq/sherlock_ros/install/mecanum_nodes/share/mecanum_nodes/hook/ament_prefix_path.sh'
[0.660s] INFO:colcon.colcon_core.shell:Skip shell extension 'powershell' for command environment: Not usable outside of PowerShell
[0.660s] DEBUG:colcon.colcon_core.shell:Skip shell extension 'dsv' for command environment
[0.670s] INFO:colcon.colcon_ros.task.ament_python.build:Building ROS package in '/home/tariq/sherlock_ros/src/my_bot' with build type 'ament_python'
[0.670s] Level 1:colcon.colcon_core.shell:create_environment_hook('my_bot', 'ament_prefix_path')
[0.670s] INFO:colcon.colcon_core.shell:Creating environment hook '/home/tariq/sherlock_ros/install/my_bot/share/my_bot/hook/ament_prefix_path.ps1'
[0.671s] INFO:colcon.colcon_core.shell:Creating environment descriptor '/home/tariq/sherlock_ros/install/my_bot/share/my_bot/hook/ament_prefix_path.dsv'
[0.672s] INFO:colcon.colcon_core.shell:Creating environment hook '/home/tariq/sherlock_ros/install/my_bot/share/my_bot/hook/ament_prefix_path.sh'
[0.673s] INFO:colcon.colcon_core.shell:Skip shell extension 'powershell' for command environment: Not usable outside of PowerShell
[0.673s] DEBUG:colcon.colcon_core.shell:Skip shell extension 'dsv' for command environment
[1.153s] INFO:colcon.colcon_core.task.python.build:Building Python package in '/home/tariq/sherlock_ros/src/mecanum_nodes'
[1.154s] INFO:colcon.colcon_core.shell:Skip shell extension 'powershell' for command environment: Not usable outside of PowerShell
[1.154s] DEBUG:colcon.colcon_core.shell:Skip shell extension 'dsv' for command environment
[1.661s] INFO:colcon.colcon_core.task.python.build:Building Python package in '/home/tariq/sherlock_ros/src/my_bot'
[1.661s] INFO:colcon.colcon_core.shell:Skip shell extension 'powershell' for command environment: Not usable outside of PowerShell
[1.661s] DEBUG:colcon.colcon_core.shell:Skip shell extension 'dsv' for command environment
[2.474s] DEBUG:colcon.colcon_core.event_handler.log_command:Invoking command in '/home/tariq/sherlock_ros/build/mecanum_nodes': PYTHONPATH=/home/tariq/sherlock_ros/build/mecanum_nodes/prefix_override:/usr/lib/python3/dist-packages/colcon_core/task/python/colcon_distutils_commands:/home/tariq/sherlock_ros/install/mecanum_nodes/lib/python3.10/site-packages:${PYTHONPATH} /usr/bin/python3 -W ignore:setup.py install is deprecated -W ignore:easy_install command is deprecated setup.py develop --editable --build-directory /home/tariq/sherlock_ros/build/mecanum_nodes/build --no-deps symlink_data
[2.481s] DEBUG:colcon.colcon_core.event_handler.log_command:Invoking command in '/home/tariq/sherlock_ros/build/my_bot': PYTHONPATH=/home/tariq/sherlock_ros/build/my_bot/prefix_override:/usr/lib/python3/dist-packages/colcon_core/task/python/colcon_distutils_commands:/home/tariq/sherlock_ros/install/my_bot/lib/python3.10/site-packages:${PYTHONPATH} /usr/bin/python3 -W ignore:setup.py install is deprecated -W ignore:easy_install command is deprecated setup.py develop --editable --build-directory /home/tariq/sherlock_ros/build/my_bot/build --no-deps symlink_data
[3.471s] Level 1:colcon.colcon_core.shell:create_environment_hook('my_bot', 'pythonpath_develop')
[3.472s] INFO:colcon.colcon_core.shell:Creating environment hook '/home/tariq/sherlock_ros/build/my_bot/share/my_bot/hook/pythonpath_develop.ps1'
[3.473s] DEBUG:colcon.colcon_core.event_handler.log_command:Invoked command in '/home/tariq/sherlock_ros/build/my_bot' returned '0': PYTHONPATH=/home/tariq/sherlock_ros/build/my_bot/prefix_override:/usr/lib/python3/dist-packages/colcon_core/task/python/colcon_distutils_commands:/home/tariq/sherlock_ros/install/my_bot/lib/python3.10/site-packages:${PYTHONPATH} /usr/bin/python3 -W ignore:setup.py install is deprecated -W ignore:easy_install command is deprecated setup.py develop --editable --build-directory /home/tariq/sherlock_ros/build/my_bot/build --no-deps symlink_data
[3.474s] INFO:colcon.colcon_core.shell:Creating environment descriptor '/home/tariq/sherlock_ros/build/my_bot/share/my_bot/hook/pythonpath_develop.dsv'
[3.475s] INFO:colcon.colcon_core.shell:Creating environment hook '/home/tariq/sherlock_ros/build/my_bot/share/my_bot/hook/pythonpath_develop.sh'
[3.481s] Level 1:colcon.colcon_core.environment:checking '/home/tariq/sherlock_ros/install/my_bot' for CMake module files
[3.483s] Level 1:colcon.colcon_core.environment:checking '/home/tariq/sherlock_ros/install/my_bot' for CMake config files
[3.485s] Level 1:colcon.colcon_core.environment:checking '/home/tariq/sherlock_ros/install/my_bot/lib'
[3.485s] Level 1:colcon.colcon_core.environment:checking '/home/tariq/sherlock_ros/install/my_bot/bin'
[3.485s] Level 1:colcon.colcon_core.environment:checking '/home/tariq/sherlock_ros/install/my_bot/lib/pkgconfig/my_bot.pc'
[3.486s] Level 1:colcon.colcon_core.environment:checking '/home/tariq/sherlock_ros/install/my_bot/lib/python3.10/site-packages'
[3.486s] Level 1:colcon.colcon_core.shell:create_environment_hook('my_bot', 'pythonpath')
[3.487s] INFO:colcon.colcon_core.shell:Creating environment hook '/home/tariq/sherlock_ros/install/my_bot/share/my_bot/hook/pythonpath.ps1'
[3.488s] INFO:colcon.colcon_core.shell:Creating environment descriptor '/home/tariq/sherlock_ros/install/my_bot/share/my_bot/hook/pythonpath.dsv'
[3.489s] INFO:colcon.colcon_core.shell:Creating environment hook '/home/tariq/sherlock_ros/install/my_bot/share/my_bot/hook/pythonpath.sh'
[3.490s] Level 1:colcon.colcon_core.environment:checking '/home/tariq/sherlock_ros/install/my_bot/bin'
[3.490s] Level 1:colcon.colcon_core.environment:create_environment_scripts_only(my_bot)
[3.491s] INFO:colcon.colcon_core.shell:Creating package script '/home/tariq/sherlock_ros/install/my_bot/share/my_bot/package.ps1'
[3.493s] INFO:colcon.colcon_core.shell:Creating package descriptor '/home/tariq/sherlock_ros/install/my_bot/share/my_bot/package.dsv'
[3.494s] INFO:colcon.colcon_core.shell:Creating package script '/home/tariq/sherlock_ros/install/my_bot/share/my_bot/package.sh'
[3.496s] INFO:colcon.colcon_core.shell:Creating package script '/home/tariq/sherlock_ros/install/my_bot/share/my_bot/package.bash'
[3.498s] INFO:colcon.colcon_core.shell:Creating package script '/home/tariq/sherlock_ros/install/my_bot/share/my_bot/package.zsh'
[3.500s] Level 1:colcon.colcon_core.environment:create_file_with_runtime_dependencies(/home/tariq/sherlock_ros/install/my_bot/share/colcon-core/packages/my_bot)
[3.720s] Level 1:colcon.colcon_core.shell:create_environment_hook('mecanum_nodes', 'pythonpath_develop')
[3.721s] INFO:colcon.colcon_core.shell:Creating environment hook '/home/tariq/sherlock_ros/build/mecanum_nodes/share/mecanum_nodes/hook/pythonpath_develop.ps1'
[3.721s] DEBUG:colcon.colcon_core.event_handler.log_command:Invoked command in '/home/tariq/sherlock_ros/build/mecanum_nodes' returned '0': PYTHONPATH=/home/tariq/sherlock_ros/build/mecanum_nodes/prefix_override:/usr/lib/python3/dist-packages/colcon_core/task/python/colcon_distutils_commands:/home/tariq/sherlock_ros/install/mecanum_nodes/lib/python3.10/site-packages:${PYTHONPATH} /usr/bin/python3 -W ignore:setup.py install is deprecated -W ignore:easy_install command is deprecated setup.py develop --editable --build-directory /home/tariq/sherlock_ros/build/mecanum_nodes/build --no-deps symlink_data
[3.722s] INFO:colcon.colcon_core.shell:Creating environment descriptor '/home/tariq/sherlock_ros/build/mecanum_nodes/share/mecanum_nodes/hook/pythonpath_develop.dsv'
[3.723s] INFO:colcon.colcon_core.shell:Creating environment hook '/home/tariq/sherlock_ros/build/mecanum_nodes/share/mecanum_nodes/hook/pythonpath_develop.sh'
[3.725s] Level 1:colcon.colcon_core.environment:checking '/home/tariq/sherlock_ros/install/mecanum_nodes' for CMake module files
[3.726s] Level 1:colcon.colcon_core.environment:checking '/home/tariq/sherlock_ros/install/mecanum_nodes' for CMake config files
[3.727s] Level 1:colcon.colcon_core.environment:checking '/home/tariq/sherlock_ros/install/mecanum_nodes/lib'
[3.727s] Level 1:colcon.colcon_core.environment:checking '/home/tariq/sherlock_ros/install/mecanum_nodes/bin'
[3.727s] Level 1:colcon.colcon_core.environment:checking '/home/tariq/sherlock_ros/install/mecanum_nodes/lib/pkgconfig/mecanum_nodes.pc'
[3.728s] Level 1:colcon.colcon_core.environment:checking '/home/tariq/sherlock_ros/install/mecanum_nodes/lib/python3.10/site-packages'
[3.728s] Level 1:colcon.colcon_core.shell:create_environment_hook('mecanum_nodes', 'pythonpath')
[3.728s] INFO:colcon.colcon_core.shell:Creating environment hook '/home/tariq/sherlock_ros/install/mecanum_nodes/share/mecanum_nodes/hook/pythonpath.ps1'
[3.729s] INFO:colcon.colcon_core.shell:Creating environment descriptor '/home/tariq/sherlock_ros/install/mecanum_nodes/share/mecanum_nodes/hook/pythonpath.dsv'
[3.730s] INFO:colcon.colcon_core.shell:Creating environment hook '/home/tariq/sherlock_ros/install/mecanum_nodes/share/mecanum_nodes/hook/pythonpath.sh'
[3.732s] Level 1:colcon.colcon_core.environment:checking '/home/tariq/sherlock_ros/install/mecanum_nodes/bin'
[3.732s] Level 1:colcon.colcon_core.environment:create_environment_scripts_only(mecanum_nodes)
[3.733s] INFO:colcon.colcon_core.shell:Creating package script '/home/tariq/sherlock_ros/install/mecanum_nodes/share/mecanum_nodes/package.ps1'
[3.734s] INFO:colcon.colcon_core.shell:Creating package descriptor '/home/tariq/sherlock_ros/install/mecanum_nodes/share/mecanum_nodes/package.dsv'
[3.735s] INFO:colcon.colcon_core.shell:Creating package script '/home/tariq/sherlock_ros/install/mecanum_nodes/share/mecanum_nodes/package.sh'
[3.736s] INFO:colcon.colcon_core.shell:Creating package script '/home/tariq/sherlock_ros/install/mecanum_nodes/share/mecanum_nodes/package.bash'
[3.737s] INFO:colcon.colcon_core.shell:Creating package script '/home/tariq/sherlock_ros/install/mecanum_nodes/share/mecanum_nodes/package.zsh'
[3.738s] Level 1:colcon.colcon_core.environment:create_file_with_runtime_dependencies(/home/tariq/sherlock_ros/install/mecanum_nodes/share/colcon-core/packages/mecanum_nodes)
[3.739s] DEBUG:colcon.colcon_parallel_executor.executor.parallel:closing loop
[3.739s] DEBUG:colcon.colcon_parallel_executor.executor.parallel:loop closed
[3.739s] DEBUG:colcon.colcon_parallel_executor.executor.parallel:run_until_complete finished with '0'
[3.740s] DEBUG:colcon.colcon_core.event_reactor:joining thread
[3.750s] INFO:colcon.colcon_core.plugin_system:Skipping extension 'colcon_notification.desktop_notification.terminal_notifier': Not used on non-Darwin systems
[3.750s] INFO:colcon.colcon_core.plugin_system:Skipping extension 'colcon_notification.desktop_notification.win32': Not used on non-Windows systems
[3.750s] INFO:colcon.colcon_notification.desktop_notification:Sending desktop notification using 'notify2'
[3.777s] DEBUG:colcon.colcon_core.event_reactor:joined thread
[3.777s] INFO:colcon.colcon_core.shell:Creating prefix script '/home/tariq/sherlock_ros/install/local_setup.ps1'
[3.780s] INFO:colcon.colcon_core.shell:Creating prefix util module '/home/tariq/sherlock_ros/install/_local_setup_util_ps1.py'
[3.784s] INFO:colcon.colcon_core.shell:Creating prefix chain script '/home/tariq/sherlock_ros/install/setup.ps1'
[3.789s] INFO:colcon.colcon_core.shell:Creating prefix script '/home/tariq/sherlock_ros/install/local_setup.sh'
[3.790s] INFO:colcon.colcon_core.shell:Creating prefix util module '/home/tariq/sherlock_ros/install/_local_setup_util_sh.py'
[3.792s] INFO:colcon.colcon_core.shell:Creating prefix chain script '/home/tariq/sherlock_ros/install/setup.sh'
[3.798s] INFO:colcon.colcon_core.shell:Creating prefix script '/home/tariq/sherlock_ros/install/local_setup.bash'
[3.799s] INFO:colcon.colcon_core.shell:Creating prefix chain script '/home/tariq/sherlock_ros/install/setup.bash'
[3.803s] INFO:colcon.colcon_core.shell:Creating prefix script '/home/tariq/sherlock_ros/install/local_setup.zsh'
[3.804s] INFO:colcon.colcon_core.shell:Creating prefix chain script '/home/tariq/sherlock_ros/install/setup.zsh'
