[0.067s] DEBUG:colcon:Command line arguments: ['/usr/bin/colcon', 'build']
[0.067s] DEBUG:colcon:Parsed command line arguments: Namespace(log_base=None, log_level=None, verb_name='build', build_base='build', install_base='install', merge_install=False, symlink_install=False, test_result_base=None, continue_on_error=False, executor='parallel', parallel_workers=16, event_handlers=None, ignore_user_meta=False, metas=['./colcon.meta'], base_paths=['.'], packages_ignore=None, packages_ignore_regex=None, paths=None, packages_up_to=None, packages_up_to_regex=None, packages_above=None, packages_above_and_dependencies=None, packages_above_depth=None, packages_select_by_dep=None, packages_skip_by_dep=None, packages_skip_up_to=None, packages_select_build_failed=False, packages_skip_build_finished=False, packages_select_test_failures=False, packages_skip_test_passed=False, packages_select=None, packages_skip=None, packages_select_regex=None, packages_skip_regex=None, packages_start=None, packages_end=None, allow_overriding=[], cmake_args=None, cmake_target=None, cmake_target_skip_unavailable=False, cmake_clean_cache=False, cmake_clean_first=False, cmake_force_configure=False, ament_cmake_args=None, catkin_cmake_args=None, catkin_skip_building_tests=False, mixin_files=None, mixin=None, verb_parser=<colcon_mixin.mixin.mixin_argument.MixinArgumentDecorator object at 0x705b5801dcf0>, verb_extension=<colcon_core.verb.build.BuildVerb object at 0x705b5801d660>, main=<bound method BuildVerb.main of <colcon_core.verb.build.BuildVerb object at 0x705b5801d660>>, mixin_verb=('build',))
[0.148s] Level 1:colcon.colcon_core.package_discovery:discover_packages(colcon_meta) check parameters
[0.148s] Level 1:colcon.colcon_core.package_discovery:discover_packages(recursive) check parameters
[0.148s] Level 1:colcon.colcon_core.package_discovery:discover_packages(ignore) check parameters
[0.148s] Level 1:colcon.colcon_core.package_discovery:discover_packages(path) check parameters
[0.148s] Level 1:colcon.colcon_core.package_discovery:discover_packages(colcon_meta) discover
[0.148s] Level 1:colcon.colcon_core.package_discovery:discover_packages(recursive) discover
[0.148s] INFO:colcon.colcon_core.package_discovery:Crawling recursively for packages in '/home/sheitej/sherlock_ros'
[0.148s] Level 1:colcon.colcon_core.package_identification:_identify(.) by extensions ['ignore', 'ignore_ament_install']
[0.149s] Level 1:colcon.colcon_core.package_identification:_identify(.) by extension 'ignore'
[0.149s] Level 1:colcon.colcon_core.package_identification:_identify(.) by extension 'ignore_ament_install'
[0.149s] Level 1:colcon.colcon_core.package_identification:_identify(.) by extensions ['colcon_pkg']
[0.149s] Level 1:colcon.colcon_core.package_identification:_identify(.) by extension 'colcon_pkg'
[0.149s] Level 1:colcon.colcon_core.package_identification:_identify(.) by extensions ['colcon_meta']
[0.149s] Level 1:colcon.colcon_core.package_identification:_identify(.) by extension 'colcon_meta'
[0.149s] Level 1:colcon.colcon_core.package_identification:_identify(.) by extensions ['ros']
[0.149s] Level 1:colcon.colcon_core.package_identification:_identify(.) by extension 'ros'
[0.155s] Level 1:colcon.colcon_core.package_identification:_identify(.) by extensions ['cmake', 'python']
[0.155s] Level 1:colcon.colcon_core.package_identification:_identify(.) by extension 'cmake'
[0.155s] Level 1:colcon.colcon_core.package_identification:_identify(.) by extension 'python'
[0.155s] Level 1:colcon.colcon_core.package_identification:_identify(.) by extensions ['python_setup_py']
[0.155s] Level 1:colcon.colcon_core.package_identification:_identify(.) by extension 'python_setup_py'
[0.155s] Level 1:colcon.colcon_core.package_identification:_identify(build) by extensions ['ignore', 'ignore_ament_install']
[0.155s] Level 1:colcon.colcon_core.package_identification:_identify(build) by extension 'ignore'
[0.155s] Level 1:colcon.colcon_core.package_identification:_identify(build) ignored
[0.155s] Level 1:colcon.colcon_core.package_identification:_identify(install) by extensions ['ignore', 'ignore_ament_install']
[0.155s] Level 1:colcon.colcon_core.package_identification:_identify(install) by extension 'ignore'
[0.155s] Level 1:colcon.colcon_core.package_identification:_identify(install) ignored
[0.155s] Level 1:colcon.colcon_core.package_identification:_identify(log) by extensions ['ignore', 'ignore_ament_install']
[0.155s] Level 1:colcon.colcon_core.package_identification:_identify(log) by extension 'ignore'
[0.155s] Level 1:colcon.colcon_core.package_identification:_identify(log) ignored
[0.155s] Level 1:colcon.colcon_core.package_identification:_identify(sherlock_ros-main_Cpp) by extensions ['ignore', 'ignore_ament_install']
[0.156s] Level 1:colcon.colcon_core.package_identification:_identify(sherlock_ros-main_Cpp) by extension 'ignore'
[0.156s] Level 1:colcon.colcon_core.package_identification:_identify(sherlock_ros-main_Cpp) by extension 'ignore_ament_install'
[0.156s] Level 1:colcon.colcon_core.package_identification:_identify(sherlock_ros-main_Cpp) by extensions ['colcon_pkg']
[0.156s] Level 1:colcon.colcon_core.package_identification:_identify(sherlock_ros-main_Cpp) by extension 'colcon_pkg'
[0.156s] Level 1:colcon.colcon_core.package_identification:_identify(sherlock_ros-main_Cpp) by extensions ['colcon_meta']
[0.156s] Level 1:colcon.colcon_core.package_identification:_identify(sherlock_ros-main_Cpp) by extension 'colcon_meta'
[0.156s] Level 1:colcon.colcon_core.package_identification:_identify(sherlock_ros-main_Cpp) by extensions ['ros']
[0.156s] Level 1:colcon.colcon_core.package_identification:_identify(sherlock_ros-main_Cpp) by extension 'ros'
[0.156s] Level 1:colcon.colcon_core.package_identification:_identify(sherlock_ros-main_Cpp) by extensions ['cmake', 'python']
[0.156s] Level 1:colcon.colcon_core.package_identification:_identify(sherlock_ros-main_Cpp) by extension 'cmake'
[0.156s] Level 1:colcon.colcon_core.package_identification:_identify(sherlock_ros-main_Cpp) by extension 'python'
[0.156s] Level 1:colcon.colcon_core.package_identification:_identify(sherlock_ros-main_Cpp) by extensions ['python_setup_py']
[0.156s] Level 1:colcon.colcon_core.package_identification:_identify(sherlock_ros-main_Cpp) by extension 'python_setup_py'
[0.156s] Level 1:colcon.colcon_core.package_identification:_identify(sherlock_ros-main_Cpp/build) by extensions ['ignore', 'ignore_ament_install']
[0.156s] Level 1:colcon.colcon_core.package_identification:_identify(sherlock_ros-main_Cpp/build) by extension 'ignore'
[0.156s] Level 1:colcon.colcon_core.package_identification:_identify(sherlock_ros-main_Cpp/build) ignored
[0.156s] Level 1:colcon.colcon_core.package_identification:_identify(sherlock_ros-main_Cpp/install) by extensions ['ignore', 'ignore_ament_install']
[0.156s] Level 1:colcon.colcon_core.package_identification:_identify(sherlock_ros-main_Cpp/install) by extension 'ignore'
[0.156s] Level 1:colcon.colcon_core.package_identification:_identify(sherlock_ros-main_Cpp/install) ignored
[0.156s] Level 1:colcon.colcon_core.package_identification:_identify(sherlock_ros-main_Cpp/log) by extensions ['ignore', 'ignore_ament_install']
[0.156s] Level 1:colcon.colcon_core.package_identification:_identify(sherlock_ros-main_Cpp/log) by extension 'ignore'
[0.156s] Level 1:colcon.colcon_core.package_identification:_identify(sherlock_ros-main_Cpp/log) ignored
[0.156s] Level 1:colcon.colcon_core.package_identification:_identify(sherlock_ros-main_Cpp/src) by extensions ['ignore', 'ignore_ament_install']
[0.156s] Level 1:colcon.colcon_core.package_identification:_identify(sherlock_ros-main_Cpp/src) by extension 'ignore'
[0.156s] Level 1:colcon.colcon_core.package_identification:_identify(sherlock_ros-main_Cpp/src) by extension 'ignore_ament_install'
[0.156s] Level 1:colcon.colcon_core.package_identification:_identify(sherlock_ros-main_Cpp/src) by extensions ['colcon_pkg']
[0.156s] Level 1:colcon.colcon_core.package_identification:_identify(sherlock_ros-main_Cpp/src) by extension 'colcon_pkg'
[0.156s] Level 1:colcon.colcon_core.package_identification:_identify(sherlock_ros-main_Cpp/src) by extensions ['colcon_meta']
[0.156s] Level 1:colcon.colcon_core.package_identification:_identify(sherlock_ros-main_Cpp/src) by extension 'colcon_meta'
[0.156s] Level 1:colcon.colcon_core.package_identification:_identify(sherlock_ros-main_Cpp/src) by extensions ['ros']
[0.156s] Level 1:colcon.colcon_core.package_identification:_identify(sherlock_ros-main_Cpp/src) by extension 'ros'
[0.156s] Level 1:colcon.colcon_core.package_identification:_identify(sherlock_ros-main_Cpp/src) by extensions ['cmake', 'python']
[0.156s] Level 1:colcon.colcon_core.package_identification:_identify(sherlock_ros-main_Cpp/src) by extension 'cmake'
[0.156s] Level 1:colcon.colcon_core.package_identification:_identify(sherlock_ros-main_Cpp/src) by extension 'python'
[0.156s] Level 1:colcon.colcon_core.package_identification:_identify(sherlock_ros-main_Cpp/src) by extensions ['python_setup_py']
[0.156s] Level 1:colcon.colcon_core.package_identification:_identify(sherlock_ros-main_Cpp/src) by extension 'python_setup_py'
[0.156s] Level 1:colcon.colcon_core.package_identification:_identify(sherlock_ros-main_Cpp/src/mecanum_nodes) by extensions ['ignore', 'ignore_ament_install']
[0.156s] Level 1:colcon.colcon_core.package_identification:_identify(sherlock_ros-main_Cpp/src/mecanum_nodes) by extension 'ignore'
[0.156s] Level 1:colcon.colcon_core.package_identification:_identify(sherlock_ros-main_Cpp/src/mecanum_nodes) by extension 'ignore_ament_install'
[0.156s] Level 1:colcon.colcon_core.package_identification:_identify(sherlock_ros-main_Cpp/src/mecanum_nodes) by extensions ['colcon_pkg']
[0.157s] Level 1:colcon.colcon_core.package_identification:_identify(sherlock_ros-main_Cpp/src/mecanum_nodes) by extension 'colcon_pkg'
[0.157s] Level 1:colcon.colcon_core.package_identification:_identify(sherlock_ros-main_Cpp/src/mecanum_nodes) by extensions ['colcon_meta']
[0.157s] Level 1:colcon.colcon_core.package_identification:_identify(sherlock_ros-main_Cpp/src/mecanum_nodes) by extension 'colcon_meta'
[0.157s] Level 1:colcon.colcon_core.package_identification:_identify(sherlock_ros-main_Cpp/src/mecanum_nodes) by extensions ['ros']
[0.157s] Level 1:colcon.colcon_core.package_identification:_identify(sherlock_ros-main_Cpp/src/mecanum_nodes) by extension 'ros'
[0.158s] DEBUG:colcon.colcon_core.package_identification:Package 'sherlock_ros-main_Cpp/src/mecanum_nodes' with type 'ros.ament_python' and name 'mecanum_nodes'
[0.158s] Level 1:colcon.colcon_core.package_identification:_identify(sherlock_ros-main_Cpp/src/mecanum_nodes_cpp) by extensions ['ignore', 'ignore_ament_install']
[0.158s] Level 1:colcon.colcon_core.package_identification:_identify(sherlock_ros-main_Cpp/src/mecanum_nodes_cpp) by extension 'ignore'
[0.158s] Level 1:colcon.colcon_core.package_identification:_identify(sherlock_ros-main_Cpp/src/mecanum_nodes_cpp) by extension 'ignore_ament_install'
[0.158s] Level 1:colcon.colcon_core.package_identification:_identify(sherlock_ros-main_Cpp/src/mecanum_nodes_cpp) by extensions ['colcon_pkg']
[0.158s] Level 1:colcon.colcon_core.package_identification:_identify(sherlock_ros-main_Cpp/src/mecanum_nodes_cpp) by extension 'colcon_pkg'
[0.158s] Level 1:colcon.colcon_core.package_identification:_identify(sherlock_ros-main_Cpp/src/mecanum_nodes_cpp) by extensions ['colcon_meta']
[0.158s] Level 1:colcon.colcon_core.package_identification:_identify(sherlock_ros-main_Cpp/src/mecanum_nodes_cpp) by extension 'colcon_meta'
[0.158s] Level 1:colcon.colcon_core.package_identification:_identify(sherlock_ros-main_Cpp/src/mecanum_nodes_cpp) by extensions ['ros']
[0.158s] Level 1:colcon.colcon_core.package_identification:_identify(sherlock_ros-main_Cpp/src/mecanum_nodes_cpp) by extension 'ros'
[0.159s] DEBUG:colcon.colcon_core.package_identification:Package 'sherlock_ros-main_Cpp/src/mecanum_nodes_cpp' with type 'ros.ament_cmake' and name 'mecanum_nodes_cpp'
[0.159s] Level 1:colcon.colcon_core.package_identification:_identify(sherlock_ros-main_Cpp/src/resource) by extensions ['ignore', 'ignore_ament_install']
[0.159s] Level 1:colcon.colcon_core.package_identification:_identify(sherlock_ros-main_Cpp/src/resource) by extension 'ignore'
[0.159s] Level 1:colcon.colcon_core.package_identification:_identify(sherlock_ros-main_Cpp/src/resource) by extension 'ignore_ament_install'
[0.159s] Level 1:colcon.colcon_core.package_identification:_identify(sherlock_ros-main_Cpp/src/resource) by extensions ['colcon_pkg']
[0.159s] Level 1:colcon.colcon_core.package_identification:_identify(sherlock_ros-main_Cpp/src/resource) by extension 'colcon_pkg'
[0.159s] Level 1:colcon.colcon_core.package_identification:_identify(sherlock_ros-main_Cpp/src/resource) by extensions ['colcon_meta']
[0.159s] Level 1:colcon.colcon_core.package_identification:_identify(sherlock_ros-main_Cpp/src/resource) by extension 'colcon_meta'
[0.159s] Level 1:colcon.colcon_core.package_identification:_identify(sherlock_ros-main_Cpp/src/resource) by extensions ['ros']
[0.159s] Level 1:colcon.colcon_core.package_identification:_identify(sherlock_ros-main_Cpp/src/resource) by extension 'ros'
[0.159s] Level 1:colcon.colcon_core.package_identification:_identify(sherlock_ros-main_Cpp/src/resource) by extensions ['cmake', 'python']
[0.159s] Level 1:colcon.colcon_core.package_identification:_identify(sherlock_ros-main_Cpp/src/resource) by extension 'cmake'
[0.159s] Level 1:colcon.colcon_core.package_identification:_identify(sherlock_ros-main_Cpp/src/resource) by extension 'python'
[0.159s] Level 1:colcon.colcon_core.package_identification:_identify(sherlock_ros-main_Cpp/src/resource) by extensions ['python_setup_py']
[0.159s] Level 1:colcon.colcon_core.package_identification:_identify(sherlock_ros-main_Cpp/src/resource) by extension 'python_setup_py'
[0.159s] Level 1:colcon.colcon_core.package_identification:_identify(sherlock_ros-main_Cpp/src/test) by extensions ['ignore', 'ignore_ament_install']
[0.159s] Level 1:colcon.colcon_core.package_identification:_identify(sherlock_ros-main_Cpp/src/test) by extension 'ignore'
[0.159s] Level 1:colcon.colcon_core.package_identification:_identify(sherlock_ros-main_Cpp/src/test) by extension 'ignore_ament_install'
[0.159s] Level 1:colcon.colcon_core.package_identification:_identify(sherlock_ros-main_Cpp/src/test) by extensions ['colcon_pkg']
[0.159s] Level 1:colcon.colcon_core.package_identification:_identify(sherlock_ros-main_Cpp/src/test) by extension 'colcon_pkg'
[0.159s] Level 1:colcon.colcon_core.package_identification:_identify(sherlock_ros-main_Cpp/src/test) by extensions ['colcon_meta']
[0.159s] Level 1:colcon.colcon_core.package_identification:_identify(sherlock_ros-main_Cpp/src/test) by extension 'colcon_meta'
[0.159s] Level 1:colcon.colcon_core.package_identification:_identify(sherlock_ros-main_Cpp/src/test) by extensions ['ros']
[0.159s] Level 1:colcon.colcon_core.package_identification:_identify(sherlock_ros-main_Cpp/src/test) by extension 'ros'
[0.159s] Level 1:colcon.colcon_core.package_identification:_identify(sherlock_ros-main_Cpp/src/test) by extensions ['cmake', 'python']
[0.159s] Level 1:colcon.colcon_core.package_identification:_identify(sherlock_ros-main_Cpp/src/test) by extension 'cmake'
[0.159s] Level 1:colcon.colcon_core.package_identification:_identify(sherlock_ros-main_Cpp/src/test) by extension 'python'
[0.159s] Level 1:colcon.colcon_core.package_identification:_identify(sherlock_ros-main_Cpp/src/test) by extensions ['python_setup_py']
[0.159s] Level 1:colcon.colcon_core.package_identification:_identify(sherlock_ros-main_Cpp/src/test) by extension 'python_setup_py'
[0.159s] Level 1:colcon.colcon_core.package_discovery:discover_packages(recursive) using defaults
[0.159s] Level 1:colcon.colcon_core.package_discovery:discover_packages(ignore) discover
[0.159s] Level 1:colcon.colcon_core.package_discovery:discover_packages(ignore) using defaults
[0.159s] Level 1:colcon.colcon_core.package_discovery:discover_packages(path) discover
[0.160s] Level 1:colcon.colcon_core.package_discovery:discover_packages(path) using defaults
[0.184s] Level 1:colcon.colcon_core.package_discovery:discover_packages(prefix_path) check parameters
[0.184s] Level 1:colcon.colcon_core.package_discovery:discover_packages(prefix_path) discover
[0.187s] DEBUG:colcon.colcon_installed_package_information.package_discovery:Found 345 installed packages in /opt/ros/humble
[0.188s] Level 1:colcon.colcon_core.package_discovery:discover_packages(prefix_path) using defaults
[0.208s] Level 5:colcon.colcon_core.verb:set package 'mecanum_nodes' build argument 'cmake_args' from command line to 'None'
[0.208s] Level 5:colcon.colcon_core.verb:set package 'mecanum_nodes' build argument 'cmake_target' from command line to 'None'
[0.208s] Level 5:colcon.colcon_core.verb:set package 'mecanum_nodes' build argument 'cmake_target_skip_unavailable' from command line to 'False'
[0.208s] Level 5:colcon.colcon_core.verb:set package 'mecanum_nodes' build argument 'cmake_clean_cache' from command line to 'False'
[0.208s] Level 5:colcon.colcon_core.verb:set package 'mecanum_nodes' build argument 'cmake_clean_first' from command line to 'False'
[0.208s] Level 5:colcon.colcon_core.verb:set package 'mecanum_nodes' build argument 'cmake_force_configure' from command line to 'False'
[0.208s] Level 5:colcon.colcon_core.verb:set package 'mecanum_nodes' build argument 'ament_cmake_args' from command line to 'None'
[0.208s] Level 5:colcon.colcon_core.verb:set package 'mecanum_nodes' build argument 'catkin_cmake_args' from command line to 'None'
[0.208s] Level 5:colcon.colcon_core.verb:set package 'mecanum_nodes' build argument 'catkin_skip_building_tests' from command line to 'False'
[0.208s] DEBUG:colcon.colcon_core.verb:Building package 'mecanum_nodes' with the following arguments: {'ament_cmake_args': None, 'build_base': '/home/sheitej/sherlock_ros/build/mecanum_nodes', 'catkin_cmake_args': None, 'catkin_skip_building_tests': False, 'cmake_args': None, 'cmake_clean_cache': False, 'cmake_clean_first': False, 'cmake_force_configure': False, 'cmake_target': None, 'cmake_target_skip_unavailable': False, 'install_base': '/home/sheitej/sherlock_ros/install/mecanum_nodes', 'merge_install': False, 'path': '/home/sheitej/sherlock_ros/sherlock_ros-main_Cpp/src/mecanum_nodes', 'symlink_install': False, 'test_result_base': None}
[0.208s] Level 5:colcon.colcon_core.verb:set package 'mecanum_nodes_cpp' build argument 'cmake_args' from command line to 'None'
[0.208s] Level 5:colcon.colcon_core.verb:set package 'mecanum_nodes_cpp' build argument 'cmake_target' from command line to 'None'
[0.208s] Level 5:colcon.colcon_core.verb:set package 'mecanum_nodes_cpp' build argument 'cmake_target_skip_unavailable' from command line to 'False'
[0.208s] Level 5:colcon.colcon_core.verb:set package 'mecanum_nodes_cpp' build argument 'cmake_clean_cache' from command line to 'False'
[0.208s] Level 5:colcon.colcon_core.verb:set package 'mecanum_nodes_cpp' build argument 'cmake_clean_first' from command line to 'False'
[0.208s] Level 5:colcon.colcon_core.verb:set package 'mecanum_nodes_cpp' build argument 'cmake_force_configure' from command line to 'False'
[0.208s] Level 5:colcon.colcon_core.verb:set package 'mecanum_nodes_cpp' build argument 'ament_cmake_args' from command line to 'None'
[0.208s] Level 5:colcon.colcon_core.verb:set package 'mecanum_nodes_cpp' build argument 'catkin_cmake_args' from command line to 'None'
[0.208s] Level 5:colcon.colcon_core.verb:set package 'mecanum_nodes_cpp' build argument 'catkin_skip_building_tests' from command line to 'False'
[0.208s] DEBUG:colcon.colcon_core.verb:Building package 'mecanum_nodes_cpp' with the following arguments: {'ament_cmake_args': None, 'build_base': '/home/sheitej/sherlock_ros/build/mecanum_nodes_cpp', 'catkin_cmake_args': None, 'catkin_skip_building_tests': False, 'cmake_args': None, 'cmake_clean_cache': False, 'cmake_clean_first': False, 'cmake_force_configure': False, 'cmake_target': None, 'cmake_target_skip_unavailable': False, 'install_base': '/home/sheitej/sherlock_ros/install/mecanum_nodes_cpp', 'merge_install': False, 'path': '/home/sheitej/sherlock_ros/sherlock_ros-main_Cpp/src/mecanum_nodes_cpp', 'symlink_install': False, 'test_result_base': None}
[0.208s] INFO:colcon.colcon_core.executor:Executing jobs using 'parallel' executor
[0.209s] DEBUG:colcon.colcon_parallel_executor.executor.parallel:run_until_complete
[0.209s] INFO:colcon.colcon_ros.task.ament_python.build:Building ROS package in '/home/sheitej/sherlock_ros/sherlock_ros-main_Cpp/src/mecanum_nodes' with build type 'ament_python'
[0.209s] Level 1:colcon.colcon_core.shell:create_environment_hook('mecanum_nodes', 'ament_prefix_path')
[0.212s] INFO:colcon.colcon_core.plugin_system:Skipping extension 'colcon_core.shell.bat': Not used on non-Windows systems
[0.212s] INFO:colcon.colcon_core.shell:Creating environment hook '/home/sheitej/sherlock_ros/install/mecanum_nodes/share/mecanum_nodes/hook/ament_prefix_path.ps1'
[0.212s] INFO:colcon.colcon_core.shell:Creating environment descriptor '/home/sheitej/sherlock_ros/install/mecanum_nodes/share/mecanum_nodes/hook/ament_prefix_path.dsv'
[0.213s] INFO:colcon.colcon_core.shell:Creating environment hook '/home/sheitej/sherlock_ros/install/mecanum_nodes/share/mecanum_nodes/hook/ament_prefix_path.sh'
[0.213s] INFO:colcon.colcon_core.shell:Skip shell extension 'powershell' for command environment: Not usable outside of PowerShell
[0.213s] DEBUG:colcon.colcon_core.shell:Skip shell extension 'dsv' for command environment
[0.215s] INFO:colcon.colcon_ros.task.ament_cmake.build:Building ROS package in '/home/sheitej/sherlock_ros/sherlock_ros-main_Cpp/src/mecanum_nodes_cpp' with build type 'ament_cmake'
[0.215s] INFO:colcon.colcon_cmake.task.cmake.build:Building CMake package in '/home/sheitej/sherlock_ros/sherlock_ros-main_Cpp/src/mecanum_nodes_cpp'
[0.215s] INFO:colcon.colcon_core.shell:Skip shell extension 'powershell' for command environment: Not usable outside of PowerShell
[0.215s] DEBUG:colcon.colcon_core.shell:Skip shell extension 'dsv' for command environment
[0.342s] INFO:colcon.colcon_core.task.python.build:Building Python package in '/home/sheitej/sherlock_ros/sherlock_ros-main_Cpp/src/mecanum_nodes'
[0.342s] INFO:colcon.colcon_core.shell:Skip shell extension 'powershell' for command environment: Not usable outside of PowerShell
[0.342s] DEBUG:colcon.colcon_core.shell:Skip shell extension 'dsv' for command environment
[0.346s] DEBUG:colcon.colcon_core.event_handler.log_command:Invoking command in '/home/sheitej/sherlock_ros/build/mecanum_nodes_cpp': CMAKE_PREFIX_PATH=/opt/ros/humble /usr/bin/cmake /home/sheitej/sherlock_ros/sherlock_ros-main_Cpp/src/mecanum_nodes_cpp -DCMAKE_INSTALL_PREFIX=/home/sheitej/sherlock_ros/install/mecanum_nodes_cpp
[0.581s] DEBUG:colcon.colcon_core.event_handler.log_command:Invoking command in '/home/sheitej/sherlock_ros/sherlock_ros-main_Cpp/src/mecanum_nodes': PYTHONPATH=/home/sheitej/sherlock_ros/build/mecanum_nodes/prefix_override:/usr/lib/python3/dist-packages/colcon_core/task/python/colcon_distutils_commands:/home/sheitej/sherlock_ros/install/mecanum_nodes/lib/python3.10/site-packages:${PYTHONPATH} /usr/bin/python3 -W ignore:setup.py install is deprecated -W ignore:easy_install command is deprecated setup.py egg_info --egg-base ../../../build/mecanum_nodes build --build-base /home/sheitej/sherlock_ros/build/mecanum_nodes/build install --record /home/sheitej/sherlock_ros/build/mecanum_nodes/install.log --single-version-externally-managed install_data
[0.740s] DEBUG:colcon.colcon_core.event_handler.log_command:Invoked command in '/home/sheitej/sherlock_ros/sherlock_ros-main_Cpp/src/mecanum_nodes' returned '0': PYTHONPATH=/home/sheitej/sherlock_ros/build/mecanum_nodes/prefix_override:/usr/lib/python3/dist-packages/colcon_core/task/python/colcon_distutils_commands:/home/sheitej/sherlock_ros/install/mecanum_nodes/lib/python3.10/site-packages:${PYTHONPATH} /usr/bin/python3 -W ignore:setup.py install is deprecated -W ignore:easy_install command is deprecated setup.py egg_info --egg-base ../../../build/mecanum_nodes build --build-base /home/sheitej/sherlock_ros/build/mecanum_nodes/build install --record /home/sheitej/sherlock_ros/build/mecanum_nodes/install.log --single-version-externally-managed install_data
[0.742s] Level 1:colcon.colcon_core.environment:checking '/home/sheitej/sherlock_ros/install/mecanum_nodes' for CMake module files
[0.742s] Level 1:colcon.colcon_core.environment:checking '/home/sheitej/sherlock_ros/install/mecanum_nodes' for CMake config files
[0.743s] Level 1:colcon.colcon_core.environment:checking '/home/sheitej/sherlock_ros/install/mecanum_nodes/lib'
[0.743s] Level 1:colcon.colcon_core.environment:checking '/home/sheitej/sherlock_ros/install/mecanum_nodes/bin'
[0.743s] Level 1:colcon.colcon_core.environment:checking '/home/sheitej/sherlock_ros/install/mecanum_nodes/lib/pkgconfig/mecanum_nodes.pc'
[0.743s] Level 1:colcon.colcon_core.environment:checking '/home/sheitej/sherlock_ros/install/mecanum_nodes/lib/python3.10/site-packages'
[0.743s] Level 1:colcon.colcon_core.shell:create_environment_hook('mecanum_nodes', 'pythonpath')
[0.743s] INFO:colcon.colcon_core.shell:Creating environment hook '/home/sheitej/sherlock_ros/install/mecanum_nodes/share/mecanum_nodes/hook/pythonpath.ps1'
[0.743s] INFO:colcon.colcon_core.shell:Creating environment descriptor '/home/sheitej/sherlock_ros/install/mecanum_nodes/share/mecanum_nodes/hook/pythonpath.dsv'
[0.744s] INFO:colcon.colcon_core.shell:Creating environment hook '/home/sheitej/sherlock_ros/install/mecanum_nodes/share/mecanum_nodes/hook/pythonpath.sh'
[0.744s] Level 1:colcon.colcon_core.environment:checking '/home/sheitej/sherlock_ros/install/mecanum_nodes/bin'
[0.744s] Level 1:colcon.colcon_core.environment:create_environment_scripts_only(mecanum_nodes)
[0.744s] INFO:colcon.colcon_core.shell:Creating package script '/home/sheitej/sherlock_ros/install/mecanum_nodes/share/mecanum_nodes/package.ps1'
[0.745s] INFO:colcon.colcon_core.shell:Creating package descriptor '/home/sheitej/sherlock_ros/install/mecanum_nodes/share/mecanum_nodes/package.dsv'
[0.745s] INFO:colcon.colcon_core.shell:Creating package script '/home/sheitej/sherlock_ros/install/mecanum_nodes/share/mecanum_nodes/package.sh'
[0.745s] INFO:colcon.colcon_core.shell:Creating package script '/home/sheitej/sherlock_ros/install/mecanum_nodes/share/mecanum_nodes/package.bash'
[0.746s] INFO:colcon.colcon_core.shell:Creating package script '/home/sheitej/sherlock_ros/install/mecanum_nodes/share/mecanum_nodes/package.zsh'
[0.746s] Level 1:colcon.colcon_core.environment:create_file_with_runtime_dependencies(/home/sheitej/sherlock_ros/install/mecanum_nodes/share/colcon-core/packages/mecanum_nodes)
[1.227s] DEBUG:colcon.colcon_core.event_handler.log_command:Invoked command in '/home/sheitej/sherlock_ros/build/mecanum_nodes_cpp' returned '0': CMAKE_PREFIX_PATH=/opt/ros/humble /usr/bin/cmake /home/sheitej/sherlock_ros/sherlock_ros-main_Cpp/src/mecanum_nodes_cpp -DCMAKE_INSTALL_PREFIX=/home/sheitej/sherlock_ros/install/mecanum_nodes_cpp
[1.228s] DEBUG:colcon.colcon_core.event_handler.log_command:Invoking command in '/home/sheitej/sherlock_ros/build/mecanum_nodes_cpp': CMAKE_PREFIX_PATH=/opt/ros/humble /usr/bin/cmake --build /home/sheitej/sherlock_ros/build/mecanum_nodes_cpp -- -j16 -l16
[3.561s] DEBUG:colcon.colcon_core.event_handler.log_command:Invoked command in '/home/sheitej/sherlock_ros/build/mecanum_nodes_cpp' returned '0': CMAKE_PREFIX_PATH=/opt/ros/humble /usr/bin/cmake --build /home/sheitej/sherlock_ros/build/mecanum_nodes_cpp -- -j16 -l16
[3.570s] DEBUG:colcon.colcon_core.event_handler.log_command:Invoking command in '/home/sheitej/sherlock_ros/build/mecanum_nodes_cpp': CMAKE_PREFIX_PATH=/opt/ros/humble /usr/bin/cmake --install /home/sheitej/sherlock_ros/build/mecanum_nodes_cpp
[3.582s] Level 1:colcon.colcon_core.environment:create_environment_scripts_only(mecanum_nodes_cpp)
[3.583s] DEBUG:colcon.colcon_core.event_handler.log_command:Invoked command in '/home/sheitej/sherlock_ros/build/mecanum_nodes_cpp' returned '0': CMAKE_PREFIX_PATH=/opt/ros/humble /usr/bin/cmake --install /home/sheitej/sherlock_ros/build/mecanum_nodes_cpp
[3.583s] Level 1:colcon.colcon_core.environment:checking '/home/sheitej/sherlock_ros/install/mecanum_nodes_cpp' for CMake module files
[3.584s] Level 1:colcon.colcon_core.environment:checking '/home/sheitej/sherlock_ros/install/mecanum_nodes_cpp' for CMake config files
[3.584s] Level 1:colcon.colcon_core.shell:create_environment_hook('mecanum_nodes_cpp', 'cmake_prefix_path')
[3.584s] INFO:colcon.colcon_core.shell:Creating environment hook '/home/sheitej/sherlock_ros/install/mecanum_nodes_cpp/share/mecanum_nodes_cpp/hook/cmake_prefix_path.ps1'
[3.585s] INFO:colcon.colcon_core.shell:Creating environment descriptor '/home/sheitej/sherlock_ros/install/mecanum_nodes_cpp/share/mecanum_nodes_cpp/hook/cmake_prefix_path.dsv'
[3.585s] INFO:colcon.colcon_core.shell:Creating environment hook '/home/sheitej/sherlock_ros/install/mecanum_nodes_cpp/share/mecanum_nodes_cpp/hook/cmake_prefix_path.sh'
[3.586s] Level 1:colcon.colcon_core.environment:checking '/home/sheitej/sherlock_ros/install/mecanum_nodes_cpp/lib'
[3.586s] Level 1:colcon.colcon_core.environment:checking '/home/sheitej/sherlock_ros/install/mecanum_nodes_cpp/bin'
[3.586s] Level 1:colcon.colcon_core.environment:checking '/home/sheitej/sherlock_ros/install/mecanum_nodes_cpp/lib/pkgconfig/mecanum_nodes_cpp.pc'
[3.586s] Level 1:colcon.colcon_core.environment:checking '/home/sheitej/sherlock_ros/install/mecanum_nodes_cpp/lib/python3.10/site-packages'
[3.586s] Level 1:colcon.colcon_core.environment:checking '/home/sheitej/sherlock_ros/install/mecanum_nodes_cpp/bin'
[3.586s] INFO:colcon.colcon_core.shell:Creating package script '/home/sheitej/sherlock_ros/install/mecanum_nodes_cpp/share/mecanum_nodes_cpp/package.ps1'
[3.587s] INFO:colcon.colcon_core.shell:Creating package descriptor '/home/sheitej/sherlock_ros/install/mecanum_nodes_cpp/share/mecanum_nodes_cpp/package.dsv'
[3.587s] INFO:colcon.colcon_core.shell:Creating package script '/home/sheitej/sherlock_ros/install/mecanum_nodes_cpp/share/mecanum_nodes_cpp/package.sh'
[3.587s] INFO:colcon.colcon_core.shell:Creating package script '/home/sheitej/sherlock_ros/install/mecanum_nodes_cpp/share/mecanum_nodes_cpp/package.bash'
[3.588s] INFO:colcon.colcon_core.shell:Creating package script '/home/sheitej/sherlock_ros/install/mecanum_nodes_cpp/share/mecanum_nodes_cpp/package.zsh'
[3.588s] Level 1:colcon.colcon_core.environment:create_file_with_runtime_dependencies(/home/sheitej/sherlock_ros/install/mecanum_nodes_cpp/share/colcon-core/packages/mecanum_nodes_cpp)
[3.588s] Level 1:colcon.colcon_core.environment:create_environment_scripts_only(mecanum_nodes_cpp)
[3.589s] Level 1:colcon.colcon_core.environment:checking '/home/sheitej/sherlock_ros/install/mecanum_nodes_cpp' for CMake module files
[3.589s] Level 1:colcon.colcon_core.environment:checking '/home/sheitej/sherlock_ros/install/mecanum_nodes_cpp' for CMake config files
[3.589s] Level 1:colcon.colcon_core.shell:create_environment_hook('mecanum_nodes_cpp', 'cmake_prefix_path')
[3.589s] INFO:colcon.colcon_core.shell:Creating environment hook '/home/sheitej/sherlock_ros/install/mecanum_nodes_cpp/share/mecanum_nodes_cpp/hook/cmake_prefix_path.ps1'
[3.590s] INFO:colcon.colcon_core.shell:Creating environment descriptor '/home/sheitej/sherlock_ros/install/mecanum_nodes_cpp/share/mecanum_nodes_cpp/hook/cmake_prefix_path.dsv'
[3.590s] INFO:colcon.colcon_core.shell:Creating environment hook '/home/sheitej/sherlock_ros/install/mecanum_nodes_cpp/share/mecanum_nodes_cpp/hook/cmake_prefix_path.sh'
[3.590s] Level 1:colcon.colcon_core.environment:checking '/home/sheitej/sherlock_ros/install/mecanum_nodes_cpp/lib'
[3.590s] Level 1:colcon.colcon_core.environment:checking '/home/sheitej/sherlock_ros/install/mecanum_nodes_cpp/bin'
[3.590s] Level 1:colcon.colcon_core.environment:checking '/home/sheitej/sherlock_ros/install/mecanum_nodes_cpp/lib/pkgconfig/mecanum_nodes_cpp.pc'
[3.590s] Level 1:colcon.colcon_core.environment:checking '/home/sheitej/sherlock_ros/install/mecanum_nodes_cpp/lib/python3.10/site-packages'
[3.591s] Level 1:colcon.colcon_core.environment:checking '/home/sheitej/sherlock_ros/install/mecanum_nodes_cpp/bin'
[3.591s] INFO:colcon.colcon_core.shell:Creating package script '/home/sheitej/sherlock_ros/install/mecanum_nodes_cpp/share/mecanum_nodes_cpp/package.ps1'
[3.591s] INFO:colcon.colcon_core.shell:Creating package descriptor '/home/sheitej/sherlock_ros/install/mecanum_nodes_cpp/share/mecanum_nodes_cpp/package.dsv'
[3.592s] INFO:colcon.colcon_core.shell:Creating package script '/home/sheitej/sherlock_ros/install/mecanum_nodes_cpp/share/mecanum_nodes_cpp/package.sh'
[3.592s] INFO:colcon.colcon_core.shell:Creating package script '/home/sheitej/sherlock_ros/install/mecanum_nodes_cpp/share/mecanum_nodes_cpp/package.bash'
[3.592s] INFO:colcon.colcon_core.shell:Creating package script '/home/sheitej/sherlock_ros/install/mecanum_nodes_cpp/share/mecanum_nodes_cpp/package.zsh'
[3.592s] Level 1:colcon.colcon_core.environment:create_file_with_runtime_dependencies(/home/sheitej/sherlock_ros/install/mecanum_nodes_cpp/share/colcon-core/packages/mecanum_nodes_cpp)
[3.592s] DEBUG:colcon.colcon_parallel_executor.executor.parallel:closing loop
[3.593s] DEBUG:colcon.colcon_parallel_executor.executor.parallel:loop closed
[3.593s] DEBUG:colcon.colcon_parallel_executor.executor.parallel:run_until_complete finished with '0'
[3.593s] DEBUG:colcon.colcon_core.event_reactor:joining thread
[3.597s] INFO:colcon.colcon_core.plugin_system:Skipping extension 'colcon_notification.desktop_notification.terminal_notifier': Not used on non-Darwin systems
[3.597s] INFO:colcon.colcon_core.plugin_system:Skipping extension 'colcon_notification.desktop_notification.win32': Not used on non-Windows systems
[3.597s] INFO:colcon.colcon_notification.desktop_notification:Sending desktop notification using 'notify2'
[3.614s] DEBUG:colcon.colcon_core.event_reactor:joined thread
[3.614s] INFO:colcon.colcon_core.shell:Creating prefix script '/home/sheitej/sherlock_ros/install/local_setup.ps1'
[3.615s] INFO:colcon.colcon_core.shell:Creating prefix util module '/home/sheitej/sherlock_ros/install/_local_setup_util_ps1.py'
[3.615s] INFO:colcon.colcon_core.shell:Creating prefix chain script '/home/sheitej/sherlock_ros/install/setup.ps1'
[3.616s] INFO:colcon.colcon_core.shell:Creating prefix script '/home/sheitej/sherlock_ros/install/local_setup.sh'
[3.616s] INFO:colcon.colcon_core.shell:Creating prefix util module '/home/sheitej/sherlock_ros/install/_local_setup_util_sh.py'
[3.616s] INFO:colcon.colcon_core.shell:Creating prefix chain script '/home/sheitej/sherlock_ros/install/setup.sh'
[3.617s] INFO:colcon.colcon_core.shell:Creating prefix script '/home/sheitej/sherlock_ros/install/local_setup.bash'
[3.617s] INFO:colcon.colcon_core.shell:Creating prefix chain script '/home/sheitej/sherlock_ros/install/setup.bash'
[3.618s] INFO:colcon.colcon_core.shell:Creating prefix script '/home/sheitej/sherlock_ros/install/local_setup.zsh'
[3.618s] INFO:colcon.colcon_core.shell:Creating prefix chain script '/home/sheitej/sherlock_ros/install/setup.zsh'
