[0.112s] DEBUG:colcon:Command line arguments: ['/usr/bin/colcon', 'build', '--symlink-install']
[0.112s] DEBUG:colcon:Parsed command line arguments: Namespace(log_base=None, log_level=None, verb_name='build', build_base='build', install_base='install', merge_install=False, symlink_install=True, test_result_base=None, continue_on_error=False, executor='parallel', parallel_workers=20, event_handlers=None, ignore_user_meta=False, metas=['./colcon.meta'], base_paths=['.'], packages_ignore=None, packages_ignore_regex=None, paths=None, packages_up_to=None, packages_up_to_regex=None, packages_above=None, packages_above_and_dependencies=None, packages_above_depth=None, packages_select_by_dep=None, packages_skip_by_dep=None, packages_skip_up_to=None, packages_select_build_failed=False, packages_skip_build_finished=False, packages_select_test_failures=False, packages_skip_test_passed=False, packages_select=None, packages_skip=None, packages_select_regex=None, packages_skip_regex=None, packages_start=None, packages_end=None, allow_overriding=[], cmake_args=None, cmake_target=None, cmake_target_skip_unavailable=False, cmake_clean_cache=False, cmake_clean_first=False, cmake_force_configure=False, ament_cmake_args=None, catkin_cmake_args=None, catkin_skip_building_tests=False, verb_parser=<colcon_defaults.argument_parser.defaults.DefaultArgumentsDecorator object at 0x76d49444a680>, verb_extension=<colcon_core.verb.build.BuildVerb object at 0x76d49456bca0>, main=<bound method BuildVerb.main of <colcon_core.verb.build.BuildVerb object at 0x76d49456bca0>>)
[0.288s] Level 1:colcon.colcon_core.package_discovery:discover_packages(colcon_meta) check parameters
[0.289s] Level 1:colcon.colcon_core.package_discovery:discover_packages(recursive) check parameters
[0.289s] Level 1:colcon.colcon_core.package_discovery:discover_packages(ignore) check parameters
[0.289s] Level 1:colcon.colcon_core.package_discovery:discover_packages(path) check parameters
[0.289s] Level 1:colcon.colcon_core.package_discovery:discover_packages(colcon_meta) discover
[0.289s] Level 1:colcon.colcon_core.package_discovery:discover_packages(recursive) discover
[0.289s] INFO:colcon.colcon_core.package_discovery:Crawling recursively for packages in '/home/tariq/sherlock_ros'
[0.289s] Level 1:colcon.colcon_core.package_identification:_identify(.) by extensions ['ignore', 'ignore_ament_install']
[0.289s] Level 1:colcon.colcon_core.package_identification:_identify(.) by extension 'ignore'
[0.289s] Level 1:colcon.colcon_core.package_identification:_identify(.) by extension 'ignore_ament_install'
[0.289s] Level 1:colcon.colcon_core.package_identification:_identify(.) by extensions ['colcon_pkg']
[0.289s] Level 1:colcon.colcon_core.package_identification:_identify(.) by extension 'colcon_pkg'
[0.289s] Level 1:colcon.colcon_core.package_identification:_identify(.) by extensions ['colcon_meta']
[0.289s] Level 1:colcon.colcon_core.package_identification:_identify(.) by extension 'colcon_meta'
[0.289s] Level 1:colcon.colcon_core.package_identification:_identify(.) by extensions ['ros']
[0.289s] Level 1:colcon.colcon_core.package_identification:_identify(.) by extension 'ros'
[0.300s] Level 1:colcon.colcon_core.package_identification:_identify(.) by extensions ['cmake', 'python']
[0.300s] Level 1:colcon.colcon_core.package_identification:_identify(.) by extension 'cmake'
[0.300s] Level 1:colcon.colcon_core.package_identification:_identify(.) by extension 'python'
[0.300s] Level 1:colcon.colcon_core.package_identification:_identify(.) by extensions ['python_setup_py']
[0.300s] Level 1:colcon.colcon_core.package_identification:_identify(.) by extension 'python_setup_py'
[0.300s] Level 1:colcon.colcon_core.package_identification:_identify(build) by extensions ['ignore', 'ignore_ament_install']
[0.300s] Level 1:colcon.colcon_core.package_identification:_identify(build) by extension 'ignore'
[0.300s] Level 1:colcon.colcon_core.package_identification:_identify(build) ignored
[0.300s] Level 1:colcon.colcon_core.package_identification:_identify(install) by extensions ['ignore', 'ignore_ament_install']
[0.300s] Level 1:colcon.colcon_core.package_identification:_identify(install) by extension 'ignore'
[0.300s] Level 1:colcon.colcon_core.package_identification:_identify(install) ignored
[0.300s] Level 1:colcon.colcon_core.package_identification:_identify(log) by extensions ['ignore', 'ignore_ament_install']
[0.300s] Level 1:colcon.colcon_core.package_identification:_identify(log) by extension 'ignore'
[0.301s] Level 1:colcon.colcon_core.package_identification:_identify(log) ignored
[0.301s] Level 1:colcon.colcon_core.package_identification:_identify(src) by extensions ['ignore', 'ignore_ament_install']
[0.301s] Level 1:colcon.colcon_core.package_identification:_identify(src) by extension 'ignore'
[0.301s] Level 1:colcon.colcon_core.package_identification:_identify(src) by extension 'ignore_ament_install'
[0.301s] Level 1:colcon.colcon_core.package_identification:_identify(src) by extensions ['colcon_pkg']
[0.301s] Level 1:colcon.colcon_core.package_identification:_identify(src) by extension 'colcon_pkg'
[0.301s] Level 1:colcon.colcon_core.package_identification:_identify(src) by extensions ['colcon_meta']
[0.301s] Level 1:colcon.colcon_core.package_identification:_identify(src) by extension 'colcon_meta'
[0.301s] Level 1:colcon.colcon_core.package_identification:_identify(src) by extensions ['ros']
[0.301s] Level 1:colcon.colcon_core.package_identification:_identify(src) by extension 'ros'
[0.301s] Level 1:colcon.colcon_core.package_identification:_identify(src) by extensions ['cmake', 'python']
[0.301s] Level 1:colcon.colcon_core.package_identification:_identify(src) by extension 'cmake'
[0.301s] Level 1:colcon.colcon_core.package_identification:_identify(src) by extension 'python'
[0.301s] Level 1:colcon.colcon_core.package_identification:_identify(src) by extensions ['python_setup_py']
[0.301s] Level 1:colcon.colcon_core.package_identification:_identify(src) by extension 'python_setup_py'
[0.301s] Level 1:colcon.colcon_core.package_identification:_identify(src/mecanum_nodes) by extensions ['ignore', 'ignore_ament_install']
[0.301s] Level 1:colcon.colcon_core.package_identification:_identify(src/mecanum_nodes) by extension 'ignore'
[0.301s] Level 1:colcon.colcon_core.package_identification:_identify(src/mecanum_nodes) by extension 'ignore_ament_install'
[0.301s] Level 1:colcon.colcon_core.package_identification:_identify(src/mecanum_nodes) by extensions ['colcon_pkg']
[0.301s] Level 1:colcon.colcon_core.package_identification:_identify(src/mecanum_nodes) by extension 'colcon_pkg'
[0.301s] Level 1:colcon.colcon_core.package_identification:_identify(src/mecanum_nodes) by extensions ['colcon_meta']
[0.301s] Level 1:colcon.colcon_core.package_identification:_identify(src/mecanum_nodes) by extension 'colcon_meta'
[0.301s] Level 1:colcon.colcon_core.package_identification:_identify(src/mecanum_nodes) by extensions ['ros']
[0.302s] Level 1:colcon.colcon_core.package_identification:_identify(src/mecanum_nodes) by extension 'ros'
[0.310s] DEBUG:colcon.colcon_core.package_identification:Package 'src/mecanum_nodes' with type 'ros.ament_python' and name 'mecanum_nodes'
[0.310s] Level 1:colcon.colcon_core.package_identification:_identify(src/my_bot) by extensions ['ignore', 'ignore_ament_install']
[0.310s] Level 1:colcon.colcon_core.package_identification:_identify(src/my_bot) by extension 'ignore'
[0.310s] Level 1:colcon.colcon_core.package_identification:_identify(src/my_bot) by extension 'ignore_ament_install'
[0.310s] Level 1:colcon.colcon_core.package_identification:_identify(src/my_bot) by extensions ['colcon_pkg']
[0.310s] Level 1:colcon.colcon_core.package_identification:_identify(src/my_bot) by extension 'colcon_pkg'
[0.310s] Level 1:colcon.colcon_core.package_identification:_identify(src/my_bot) by extensions ['colcon_meta']
[0.310s] Level 1:colcon.colcon_core.package_identification:_identify(src/my_bot) by extension 'colcon_meta'
[0.310s] Level 1:colcon.colcon_core.package_identification:_identify(src/my_bot) by extensions ['ros']
[0.310s] Level 1:colcon.colcon_core.package_identification:_identify(src/my_bot) by extension 'ros'
[0.311s] DEBUG:colcon.colcon_core.package_identification:Package 'src/my_bot' with type 'ros.ament_python' and name 'my_bot'
[0.311s] Level 1:colcon.colcon_core.package_identification:_identify(src/resource) by extensions ['ignore', 'ignore_ament_install']
[0.311s] Level 1:colcon.colcon_core.package_identification:_identify(src/resource) by extension 'ignore'
[0.311s] Level 1:colcon.colcon_core.package_identification:_identify(src/resource) by extension 'ignore_ament_install'
[0.311s] Level 1:colcon.colcon_core.package_identification:_identify(src/resource) by extensions ['colcon_pkg']
[0.311s] Level 1:colcon.colcon_core.package_identification:_identify(src/resource) by extension 'colcon_pkg'
[0.311s] Level 1:colcon.colcon_core.package_identification:_identify(src/resource) by extensions ['colcon_meta']
[0.311s] Level 1:colcon.colcon_core.package_identification:_identify(src/resource) by extension 'colcon_meta'
[0.311s] Level 1:colcon.colcon_core.package_identification:_identify(src/resource) by extensions ['ros']
[0.311s] Level 1:colcon.colcon_core.package_identification:_identify(src/resource) by extension 'ros'
[0.311s] Level 1:colcon.colcon_core.package_identification:_identify(src/resource) by extensions ['cmake', 'python']
[0.311s] Level 1:colcon.colcon_core.package_identification:_identify(src/resource) by extension 'cmake'
[0.311s] Level 1:colcon.colcon_core.package_identification:_identify(src/resource) by extension 'python'
[0.312s] Level 1:colcon.colcon_core.package_identification:_identify(src/resource) by extensions ['python_setup_py']
[0.312s] Level 1:colcon.colcon_core.package_identification:_identify(src/resource) by extension 'python_setup_py'
[0.312s] Level 1:colcon.colcon_core.package_identification:_identify(src/test) by extensions ['ignore', 'ignore_ament_install']
[0.312s] Level 1:colcon.colcon_core.package_identification:_identify(src/test) by extension 'ignore'
[0.312s] Level 1:colcon.colcon_core.package_identification:_identify(src/test) by extension 'ignore_ament_install'
[0.312s] Level 1:colcon.colcon_core.package_identification:_identify(src/test) by extensions ['colcon_pkg']
[0.312s] Level 1:colcon.colcon_core.package_identification:_identify(src/test) by extension 'colcon_pkg'
[0.312s] Level 1:colcon.colcon_core.package_identification:_identify(src/test) by extensions ['colcon_meta']
[0.312s] Level 1:colcon.colcon_core.package_identification:_identify(src/test) by extension 'colcon_meta'
[0.312s] Level 1:colcon.colcon_core.package_identification:_identify(src/test) by extensions ['ros']
[0.312s] Level 1:colcon.colcon_core.package_identification:_identify(src/test) by extension 'ros'
[0.312s] Level 1:colcon.colcon_core.package_identification:_identify(src/test) by extensions ['cmake', 'python']
[0.312s] Level 1:colcon.colcon_core.package_identification:_identify(src/test) by extension 'cmake'
[0.312s] Level 1:colcon.colcon_core.package_identification:_identify(src/test) by extension 'python'
[0.312s] Level 1:colcon.colcon_core.package_identification:_identify(src/test) by extensions ['python_setup_py']
[0.312s] Level 1:colcon.colcon_core.package_identification:_identify(src/test) by extension 'python_setup_py'
[0.312s] Level 1:colcon.colcon_core.package_discovery:discover_packages(recursive) using defaults
[0.312s] Level 1:colcon.colcon_core.package_discovery:discover_packages(ignore) discover
[0.312s] Level 1:colcon.colcon_core.package_discovery:discover_packages(ignore) using defaults
[0.312s] Level 1:colcon.colcon_core.package_discovery:discover_packages(path) discover
[0.312s] Level 1:colcon.colcon_core.package_discovery:discover_packages(path) using defaults
[0.330s] Level 1:colcon.colcon_core.package_discovery:discover_packages(prefix_path) check parameters
[0.330s] Level 1:colcon.colcon_core.package_discovery:discover_packages(prefix_path) discover
[0.332s] DEBUG:colcon.colcon_installed_package_information.package_discovery:Found 9 installed packages in /home/tariq/linorobot2_ws/install
[0.332s] DEBUG:colcon.colcon_installed_package_information.package_discovery:Found 1 installed packages in /home/tariq/my_mec_botpytest/install
[0.334s] DEBUG:colcon.colcon_installed_package_information.package_discovery:Found 429 installed packages in /opt/ros/humble
[0.336s] Level 1:colcon.colcon_core.package_discovery:discover_packages(prefix_path) using defaults
[0.385s] Level 5:colcon.colcon_core.verb:set package 'mecanum_nodes' build argument 'cmake_args' from command line to 'None'
[0.385s] Level 5:colcon.colcon_core.verb:set package 'mecanum_nodes' build argument 'cmake_target' from command line to 'None'
[0.385s] Level 5:colcon.colcon_core.verb:set package 'mecanum_nodes' build argument 'cmake_target_skip_unavailable' from command line to 'False'
[0.385s] Level 5:colcon.colcon_core.verb:set package 'mecanum_nodes' build argument 'cmake_clean_cache' from command line to 'False'
[0.385s] Level 5:colcon.colcon_core.verb:set package 'mecanum_nodes' build argument 'cmake_clean_first' from command line to 'False'
[0.385s] Level 5:colcon.colcon_core.verb:set package 'mecanum_nodes' build argument 'cmake_force_configure' from command line to 'False'
[0.385s] Level 5:colcon.colcon_core.verb:set package 'mecanum_nodes' build argument 'ament_cmake_args' from command line to 'None'
[0.385s] Level 5:colcon.colcon_core.verb:set package 'mecanum_nodes' build argument 'catkin_cmake_args' from command line to 'None'
[0.385s] Level 5:colcon.colcon_core.verb:set package 'mecanum_nodes' build argument 'catkin_skip_building_tests' from command line to 'False'
[0.385s] DEBUG:colcon.colcon_core.verb:Building package 'mecanum_nodes' with the following arguments: {'ament_cmake_args': None, 'build_base': '/home/tariq/sherlock_ros/build/mecanum_nodes', 'catkin_cmake_args': None, 'catkin_skip_building_tests': False, 'cmake_args': None, 'cmake_clean_cache': False, 'cmake_clean_first': False, 'cmake_force_configure': False, 'cmake_target': None, 'cmake_target_skip_unavailable': False, 'install_base': '/home/tariq/sherlock_ros/install/mecanum_nodes', 'merge_install': False, 'path': '/home/tariq/sherlock_ros/src/mecanum_nodes', 'symlink_install': True, 'test_result_base': None}
[0.385s] Level 5:colcon.colcon_core.verb:set package 'my_bot' build argument 'cmake_args' from command line to 'None'
[0.385s] Level 5:colcon.colcon_core.verb:set package 'my_bot' build argument 'cmake_target' from command line to 'None'
[0.385s] Level 5:colcon.colcon_core.verb:set package 'my_bot' build argument 'cmake_target_skip_unavailable' from command line to 'False'
[0.385s] Level 5:colcon.colcon_core.verb:set package 'my_bot' build argument 'cmake_clean_cache' from command line to 'False'
[0.385s] Level 5:colcon.colcon_core.verb:set package 'my_bot' build argument 'cmake_clean_first' from command line to 'False'
[0.385s] Level 5:colcon.colcon_core.verb:set package 'my_bot' build argument 'cmake_force_configure' from command line to 'False'
[0.385s] Level 5:colcon.colcon_core.verb:set package 'my_bot' build argument 'ament_cmake_args' from command line to 'None'
[0.385s] Level 5:colcon.colcon_core.verb:set package 'my_bot' build argument 'catkin_cmake_args' from command line to 'None'
[0.385s] Level 5:colcon.colcon_core.verb:set package 'my_bot' build argument 'catkin_skip_building_tests' from command line to 'False'
[0.385s] DEBUG:colcon.colcon_core.verb:Building package 'my_bot' with the following arguments: {'ament_cmake_args': None, 'build_base': '/home/tariq/sherlock_ros/build/my_bot', 'catkin_cmake_args': None, 'catkin_skip_building_tests': False, 'cmake_args': None, 'cmake_clean_cache': False, 'cmake_clean_first': False, 'cmake_force_configure': False, 'cmake_target': None, 'cmake_target_skip_unavailable': False, 'install_base': '/home/tariq/sherlock_ros/install/my_bot', 'merge_install': False, 'path': '/home/tariq/sherlock_ros/src/my_bot', 'symlink_install': True, 'test_result_base': None}
[0.385s] INFO:colcon.colcon_core.executor:Executing jobs using 'parallel' executor
[0.386s] DEBUG:colcon.colcon_parallel_executor.executor.parallel:run_until_complete
[0.387s] INFO:colcon.colcon_ros.task.ament_python.build:Building ROS package in '/home/tariq/sherlock_ros/src/mecanum_nodes' with build type 'ament_python'
[0.387s] Level 1:colcon.colcon_core.shell:create_environment_hook('mecanum_nodes', 'ament_prefix_path')
[0.388s] INFO:colcon.colcon_core.plugin_system:Skipping extension 'colcon_core.shell.bat': Not used on non-Windows systems
[0.389s] INFO:colcon.colcon_core.shell:Creating environment hook '/home/tariq/sherlock_ros/install/mecanum_nodes/share/mecanum_nodes/hook/ament_prefix_path.ps1'
[0.389s] INFO:colcon.colcon_core.shell:Creating environment descriptor '/home/tariq/sherlock_ros/install/mecanum_nodes/share/mecanum_nodes/hook/ament_prefix_path.dsv'
[0.390s] INFO:colcon.colcon_core.shell:Creating environment hook '/home/tariq/sherlock_ros/install/mecanum_nodes/share/mecanum_nodes/hook/ament_prefix_path.sh'
[0.390s] INFO:colcon.colcon_core.shell:Skip shell extension 'powershell' for command environment: Not usable outside of PowerShell
[0.390s] DEBUG:colcon.colcon_core.shell:Skip shell extension 'dsv' for command environment
[0.394s] INFO:colcon.colcon_ros.task.ament_python.build:Building ROS package in '/home/tariq/sherlock_ros/src/my_bot' with build type 'ament_python'
[0.395s] Level 1:colcon.colcon_core.shell:create_environment_hook('my_bot', 'ament_prefix_path')
[0.395s] INFO:colcon.colcon_core.shell:Creating environment hook '/home/tariq/sherlock_ros/install/my_bot/share/my_bot/hook/ament_prefix_path.ps1'
[0.395s] INFO:colcon.colcon_core.shell:Creating environment descriptor '/home/tariq/sherlock_ros/install/my_bot/share/my_bot/hook/ament_prefix_path.dsv'
[0.396s] INFO:colcon.colcon_core.shell:Creating environment hook '/home/tariq/sherlock_ros/install/my_bot/share/my_bot/hook/ament_prefix_path.sh'
[0.396s] INFO:colcon.colcon_core.shell:Skip shell extension 'powershell' for command environment: Not usable outside of PowerShell
[0.396s] DEBUG:colcon.colcon_core.shell:Skip shell extension 'dsv' for command environment
[0.726s] INFO:colcon.colcon_core.task.python.build:Building Python package in '/home/tariq/sherlock_ros/src/mecanum_nodes'
[0.727s] INFO:colcon.colcon_core.shell:Skip shell extension 'powershell' for command environment: Not usable outside of PowerShell
[0.727s] DEBUG:colcon.colcon_core.shell:Skip shell extension 'dsv' for command environment
[1.057s] INFO:colcon.colcon_core.task.python.build:Building Python package in '/home/tariq/sherlock_ros/src/my_bot'
[1.057s] INFO:colcon.colcon_core.shell:Skip shell extension 'powershell' for command environment: Not usable outside of PowerShell
[1.057s] DEBUG:colcon.colcon_core.shell:Skip shell extension 'dsv' for command environment
[1.485s] DEBUG:colcon.colcon_core.event_handler.log_command:Invoking command in '/home/tariq/sherlock_ros/build/my_bot': PYTHONPATH=/home/tariq/sherlock_ros/build/my_bot/prefix_override:/usr/lib/python3/dist-packages/colcon_core/task/python/colcon_distutils_commands:/home/tariq/sherlock_ros/install/my_bot/lib/python3.10/site-packages:${PYTHONPATH} /usr/bin/python3 -W ignore:setup.py install is deprecated -W ignore:easy_install command is deprecated setup.py develop --editable --build-directory /home/tariq/sherlock_ros/build/my_bot/build --no-deps symlink_data
[1.485s] DEBUG:colcon.colcon_core.event_handler.log_command:Invoking command in '/home/tariq/sherlock_ros/build/mecanum_nodes': PYTHONPATH=/home/tariq/sherlock_ros/build/mecanum_nodes/prefix_override:/usr/lib/python3/dist-packages/colcon_core/task/python/colcon_distutils_commands:/home/tariq/sherlock_ros/install/mecanum_nodes/lib/python3.10/site-packages:${PYTHONPATH} /usr/bin/python3 -W ignore:setup.py install is deprecated -W ignore:easy_install command is deprecated setup.py develop --editable --build-directory /home/tariq/sherlock_ros/build/mecanum_nodes/build --no-deps symlink_data
[1.895s] Level 1:colcon.colcon_core.shell:create_environment_hook('my_bot', 'pythonpath_develop')
[1.895s] INFO:colcon.colcon_core.shell:Creating environment hook '/home/tariq/sherlock_ros/build/my_bot/share/my_bot/hook/pythonpath_develop.ps1'
[1.895s] DEBUG:colcon.colcon_core.event_handler.log_command:Invoked command in '/home/tariq/sherlock_ros/build/my_bot' returned '0': PYTHONPATH=/home/tariq/sherlock_ros/build/my_bot/prefix_override:/usr/lib/python3/dist-packages/colcon_core/task/python/colcon_distutils_commands:/home/tariq/sherlock_ros/install/my_bot/lib/python3.10/site-packages:${PYTHONPATH} /usr/bin/python3 -W ignore:setup.py install is deprecated -W ignore:easy_install command is deprecated setup.py develop --editable --build-directory /home/tariq/sherlock_ros/build/my_bot/build --no-deps symlink_data
[1.896s] INFO:colcon.colcon_core.shell:Creating environment descriptor '/home/tariq/sherlock_ros/build/my_bot/share/my_bot/hook/pythonpath_develop.dsv'
[1.896s] INFO:colcon.colcon_core.shell:Creating environment hook '/home/tariq/sherlock_ros/build/my_bot/share/my_bot/hook/pythonpath_develop.sh'
[1.898s] Level 1:colcon.colcon_core.environment:checking '/home/tariq/sherlock_ros/install/my_bot' for CMake module files
[1.899s] Level 1:colcon.colcon_core.environment:checking '/home/tariq/sherlock_ros/install/my_bot' for CMake config files
[1.900s] Level 1:colcon.colcon_core.environment:checking '/home/tariq/sherlock_ros/install/my_bot/lib'
[1.900s] Level 1:colcon.colcon_core.environment:checking '/home/tariq/sherlock_ros/install/my_bot/bin'
[1.900s] Level 1:colcon.colcon_core.environment:checking '/home/tariq/sherlock_ros/install/my_bot/lib/pkgconfig/my_bot.pc'
[1.900s] Level 1:colcon.colcon_core.environment:checking '/home/tariq/sherlock_ros/install/my_bot/lib/python3.10/site-packages'
[1.900s] Level 1:colcon.colcon_core.shell:create_environment_hook('my_bot', 'pythonpath')
[1.900s] INFO:colcon.colcon_core.shell:Creating environment hook '/home/tariq/sherlock_ros/install/my_bot/share/my_bot/hook/pythonpath.ps1'
[1.901s] INFO:colcon.colcon_core.shell:Creating environment descriptor '/home/tariq/sherlock_ros/install/my_bot/share/my_bot/hook/pythonpath.dsv'
[1.901s] INFO:colcon.colcon_core.shell:Creating environment hook '/home/tariq/sherlock_ros/install/my_bot/share/my_bot/hook/pythonpath.sh'
[1.902s] Level 1:colcon.colcon_core.environment:checking '/home/tariq/sherlock_ros/install/my_bot/bin'
[1.902s] Level 1:colcon.colcon_core.environment:create_environment_scripts_only(my_bot)
[1.902s] INFO:colcon.colcon_core.shell:Creating package script '/home/tariq/sherlock_ros/install/my_bot/share/my_bot/package.ps1'
[1.903s] INFO:colcon.colcon_core.shell:Creating package descriptor '/home/tariq/sherlock_ros/install/my_bot/share/my_bot/package.dsv'
[1.903s] INFO:colcon.colcon_core.shell:Creating package script '/home/tariq/sherlock_ros/install/my_bot/share/my_bot/package.sh'
[1.904s] INFO:colcon.colcon_core.shell:Creating package script '/home/tariq/sherlock_ros/install/my_bot/share/my_bot/package.bash'
[1.905s] INFO:colcon.colcon_core.shell:Creating package script '/home/tariq/sherlock_ros/install/my_bot/share/my_bot/package.zsh'
[1.905s] Level 1:colcon.colcon_core.environment:create_file_with_runtime_dependencies(/home/tariq/sherlock_ros/install/my_bot/share/colcon-core/packages/my_bot)
[2.052s] Level 1:colcon.colcon_core.shell:create_environment_hook('mecanum_nodes', 'pythonpath_develop')
[2.052s] INFO:colcon.colcon_core.shell:Creating environment hook '/home/tariq/sherlock_ros/build/mecanum_nodes/share/mecanum_nodes/hook/pythonpath_develop.ps1'
[2.053s] DEBUG:colcon.colcon_core.event_handler.log_command:Invoked command in '/home/tariq/sherlock_ros/build/mecanum_nodes' returned '0': PYTHONPATH=/home/tariq/sherlock_ros/build/mecanum_nodes/prefix_override:/usr/lib/python3/dist-packages/colcon_core/task/python/colcon_distutils_commands:/home/tariq/sherlock_ros/install/mecanum_nodes/lib/python3.10/site-packages:${PYTHONPATH} /usr/bin/python3 -W ignore:setup.py install is deprecated -W ignore:easy_install command is deprecated setup.py develop --editable --build-directory /home/tariq/sherlock_ros/build/mecanum_nodes/build --no-deps symlink_data
[2.053s] INFO:colcon.colcon_core.shell:Creating environment descriptor '/home/tariq/sherlock_ros/build/mecanum_nodes/share/mecanum_nodes/hook/pythonpath_develop.dsv'
[2.053s] INFO:colcon.colcon_core.shell:Creating environment hook '/home/tariq/sherlock_ros/build/mecanum_nodes/share/mecanum_nodes/hook/pythonpath_develop.sh'
[2.054s] Level 1:colcon.colcon_core.environment:checking '/home/tariq/sherlock_ros/install/mecanum_nodes' for CMake module files
[2.054s] Level 1:colcon.colcon_core.environment:checking '/home/tariq/sherlock_ros/install/mecanum_nodes' for CMake config files
[2.054s] Level 1:colcon.colcon_core.environment:checking '/home/tariq/sherlock_ros/install/mecanum_nodes/lib'
[2.055s] Level 1:colcon.colcon_core.environment:checking '/home/tariq/sherlock_ros/install/mecanum_nodes/bin'
[2.055s] Level 1:colcon.colcon_core.environment:checking '/home/tariq/sherlock_ros/install/mecanum_nodes/lib/pkgconfig/mecanum_nodes.pc'
[2.055s] Level 1:colcon.colcon_core.environment:checking '/home/tariq/sherlock_ros/install/mecanum_nodes/lib/python3.10/site-packages'
[2.055s] Level 1:colcon.colcon_core.shell:create_environment_hook('mecanum_nodes', 'pythonpath')
[2.055s] INFO:colcon.colcon_core.shell:Creating environment hook '/home/tariq/sherlock_ros/install/mecanum_nodes/share/mecanum_nodes/hook/pythonpath.ps1'
[2.055s] INFO:colcon.colcon_core.shell:Creating environment descriptor '/home/tariq/sherlock_ros/install/mecanum_nodes/share/mecanum_nodes/hook/pythonpath.dsv'
[2.056s] INFO:colcon.colcon_core.shell:Creating environment hook '/home/tariq/sherlock_ros/install/mecanum_nodes/share/mecanum_nodes/hook/pythonpath.sh'
[2.056s] Level 1:colcon.colcon_core.environment:checking '/home/tariq/sherlock_ros/install/mecanum_nodes/bin'
[2.056s] Level 1:colcon.colcon_core.environment:create_environment_scripts_only(mecanum_nodes)
[2.057s] INFO:colcon.colcon_core.shell:Creating package script '/home/tariq/sherlock_ros/install/mecanum_nodes/share/mecanum_nodes/package.ps1'
[2.057s] INFO:colcon.colcon_core.shell:Creating package descriptor '/home/tariq/sherlock_ros/install/mecanum_nodes/share/mecanum_nodes/package.dsv'
[2.058s] INFO:colcon.colcon_core.shell:Creating package script '/home/tariq/sherlock_ros/install/mecanum_nodes/share/mecanum_nodes/package.sh'
[2.058s] INFO:colcon.colcon_core.shell:Creating package script '/home/tariq/sherlock_ros/install/mecanum_nodes/share/mecanum_nodes/package.bash'
[2.058s] INFO:colcon.colcon_core.shell:Creating package script '/home/tariq/sherlock_ros/install/mecanum_nodes/share/mecanum_nodes/package.zsh'
[2.059s] Level 1:colcon.colcon_core.environment:create_file_with_runtime_dependencies(/home/tariq/sherlock_ros/install/mecanum_nodes/share/colcon-core/packages/mecanum_nodes)
[2.059s] DEBUG:colcon.colcon_parallel_executor.executor.parallel:closing loop
[2.059s] DEBUG:colcon.colcon_parallel_executor.executor.parallel:loop closed
[2.059s] DEBUG:colcon.colcon_parallel_executor.executor.parallel:run_until_complete finished with '0'
[2.059s] DEBUG:colcon.colcon_core.event_reactor:joining thread
[2.065s] INFO:colcon.colcon_core.plugin_system:Skipping extension 'colcon_notification.desktop_notification.terminal_notifier': Not used on non-Darwin systems
[2.066s] INFO:colcon.colcon_core.plugin_system:Skipping extension 'colcon_notification.desktop_notification.win32': Not used on non-Windows systems
[2.066s] INFO:colcon.colcon_notification.desktop_notification:Sending desktop notification using 'notify2'
[2.087s] DEBUG:colcon.colcon_core.event_reactor:joined thread
[2.088s] INFO:colcon.colcon_core.shell:Creating prefix script '/home/tariq/sherlock_ros/install/local_setup.ps1'
[2.090s] INFO:colcon.colcon_core.shell:Creating prefix util module '/home/tariq/sherlock_ros/install/_local_setup_util_ps1.py'
[2.093s] INFO:colcon.colcon_core.shell:Creating prefix chain script '/home/tariq/sherlock_ros/install/setup.ps1'
[2.097s] INFO:colcon.colcon_core.shell:Creating prefix script '/home/tariq/sherlock_ros/install/local_setup.sh'
[2.099s] INFO:colcon.colcon_core.shell:Creating prefix util module '/home/tariq/sherlock_ros/install/_local_setup_util_sh.py'
[2.101s] INFO:colcon.colcon_core.shell:Creating prefix chain script '/home/tariq/sherlock_ros/install/setup.sh'
[2.105s] INFO:colcon.colcon_core.shell:Creating prefix script '/home/tariq/sherlock_ros/install/local_setup.bash'
[2.107s] INFO:colcon.colcon_core.shell:Creating prefix chain script '/home/tariq/sherlock_ros/install/setup.bash'
[2.110s] INFO:colcon.colcon_core.shell:Creating prefix script '/home/tariq/sherlock_ros/install/local_setup.zsh'
[2.111s] INFO:colcon.colcon_core.shell:Creating prefix chain script '/home/tariq/sherlock_ros/install/setup.zsh'
