[0.178s] DEBUG:colcon:Command line arguments: ['/usr/bin/colcon', 'build', '--symlink-install']
[0.178s] DEBUG:colcon:Parsed command line arguments: Namespace(log_base=None, log_level=None, verb_name='build', build_base='build', install_base='install', merge_install=False, symlink_install=True, test_result_base=None, continue_on_error=False, executor='parallel', parallel_workers=20, event_handlers=None, ignore_user_meta=False, metas=['./colcon.meta'], base_paths=['.'], packages_ignore=None, packages_ignore_regex=None, paths=None, packages_up_to=None, packages_up_to_regex=None, packages_above=None, packages_above_and_dependencies=None, packages_above_depth=None, packages_select_by_dep=None, packages_skip_by_dep=None, packages_skip_up_to=None, packages_select_build_failed=False, packages_skip_build_finished=False, packages_select_test_failures=False, packages_skip_test_passed=False, packages_select=None, packages_skip=None, packages_select_regex=None, packages_skip_regex=None, packages_start=None, packages_end=None, allow_overriding=[], cmake_args=None, cmake_target=None, cmake_target_skip_unavailable=False, cmake_clean_cache=False, cmake_clean_first=False, cmake_force_configure=False, ament_cmake_args=None, catkin_cmake_args=None, catkin_skip_building_tests=False, verb_parser=<colcon_defaults.argument_parser.defaults.DefaultArgumentsDecorator object at 0x7cee6cf537c0>, verb_extension=<colcon_core.verb.build.BuildVerb object at 0x7cee6d09ce20>, main=<bound method BuildVerb.main of <colcon_core.verb.build.BuildVerb object at 0x7cee6d09ce20>>)
[0.483s] Level 1:colcon.colcon_core.package_discovery:discover_packages(colcon_meta) check parameters
[0.483s] Level 1:colcon.colcon_core.package_discovery:discover_packages(recursive) check parameters
[0.483s] Level 1:colcon.colcon_core.package_discovery:discover_packages(ignore) check parameters
[0.483s] Level 1:colcon.colcon_core.package_discovery:discover_packages(path) check parameters
[0.483s] Level 1:colcon.colcon_core.package_discovery:discover_packages(colcon_meta) discover
[0.484s] Level 1:colcon.colcon_core.package_discovery:discover_packages(recursive) discover
[0.484s] INFO:colcon.colcon_core.package_discovery:Crawling recursively for packages in '/home/tariq/sherlock_ros'
[0.484s] Level 1:colcon.colcon_core.package_identification:_identify(.) by extensions ['ignore', 'ignore_ament_install']
[0.484s] Level 1:colcon.colcon_core.package_identification:_identify(.) by extension 'ignore'
[0.484s] Level 1:colcon.colcon_core.package_identification:_identify(.) by extension 'ignore_ament_install'
[0.484s] Level 1:colcon.colcon_core.package_identification:_identify(.) by extensions ['colcon_pkg']
[0.484s] Level 1:colcon.colcon_core.package_identification:_identify(.) by extension 'colcon_pkg'
[0.484s] Level 1:colcon.colcon_core.package_identification:_identify(.) by extensions ['colcon_meta']
[0.484s] Level 1:colcon.colcon_core.package_identification:_identify(.) by extension 'colcon_meta'
[0.484s] Level 1:colcon.colcon_core.package_identification:_identify(.) by extensions ['ros']
[0.484s] Level 1:colcon.colcon_core.package_identification:_identify(.) by extension 'ros'
[0.506s] Level 1:colcon.colcon_core.package_identification:_identify(.) by extensions ['cmake', 'python']
[0.506s] Level 1:colcon.colcon_core.package_identification:_identify(.) by extension 'cmake'
[0.506s] Level 1:colcon.colcon_core.package_identification:_identify(.) by extension 'python'
[0.506s] Level 1:colcon.colcon_core.package_identification:_identify(.) by extensions ['python_setup_py']
[0.506s] Level 1:colcon.colcon_core.package_identification:_identify(.) by extension 'python_setup_py'
[0.507s] Level 1:colcon.colcon_core.package_identification:_identify(build) by extensions ['ignore', 'ignore_ament_install']
[0.507s] Level 1:colcon.colcon_core.package_identification:_identify(build) by extension 'ignore'
[0.507s] Level 1:colcon.colcon_core.package_identification:_identify(build) ignored
[0.507s] Level 1:colcon.colcon_core.package_identification:_identify(install) by extensions ['ignore', 'ignore_ament_install']
[0.507s] Level 1:colcon.colcon_core.package_identification:_identify(install) by extension 'ignore'
[0.507s] Level 1:colcon.colcon_core.package_identification:_identify(install) ignored
[0.508s] Level 1:colcon.colcon_core.package_identification:_identify(log) by extensions ['ignore', 'ignore_ament_install']
[0.508s] Level 1:colcon.colcon_core.package_identification:_identify(log) by extension 'ignore'
[0.508s] Level 1:colcon.colcon_core.package_identification:_identify(log) ignored
[0.508s] Level 1:colcon.colcon_core.package_identification:_identify(src) by extensions ['ignore', 'ignore_ament_install']
[0.508s] Level 1:colcon.colcon_core.package_identification:_identify(src) by extension 'ignore'
[0.508s] Level 1:colcon.colcon_core.package_identification:_identify(src) by extension 'ignore_ament_install'
[0.508s] Level 1:colcon.colcon_core.package_identification:_identify(src) by extensions ['colcon_pkg']
[0.508s] Level 1:colcon.colcon_core.package_identification:_identify(src) by extension 'colcon_pkg'
[0.508s] Level 1:colcon.colcon_core.package_identification:_identify(src) by extensions ['colcon_meta']
[0.508s] Level 1:colcon.colcon_core.package_identification:_identify(src) by extension 'colcon_meta'
[0.509s] Level 1:colcon.colcon_core.package_identification:_identify(src) by extensions ['ros']
[0.509s] Level 1:colcon.colcon_core.package_identification:_identify(src) by extension 'ros'
[0.509s] Level 1:colcon.colcon_core.package_identification:_identify(src) by extensions ['cmake', 'python']
[0.509s] Level 1:colcon.colcon_core.package_identification:_identify(src) by extension 'cmake'
[0.509s] Level 1:colcon.colcon_core.package_identification:_identify(src) by extension 'python'
[0.509s] Level 1:colcon.colcon_core.package_identification:_identify(src) by extensions ['python_setup_py']
[0.509s] Level 1:colcon.colcon_core.package_identification:_identify(src) by extension 'python_setup_py'
[0.509s] Level 1:colcon.colcon_core.package_identification:_identify(src/mecanum_nodes) by extensions ['ignore', 'ignore_ament_install']
[0.509s] Level 1:colcon.colcon_core.package_identification:_identify(src/mecanum_nodes) by extension 'ignore'
[0.509s] Level 1:colcon.colcon_core.package_identification:_identify(src/mecanum_nodes) by extension 'ignore_ament_install'
[0.510s] Level 1:colcon.colcon_core.package_identification:_identify(src/mecanum_nodes) by extensions ['colcon_pkg']
[0.510s] Level 1:colcon.colcon_core.package_identification:_identify(src/mecanum_nodes) by extension 'colcon_pkg'
[0.510s] Level 1:colcon.colcon_core.package_identification:_identify(src/mecanum_nodes) by extensions ['colcon_meta']
[0.510s] Level 1:colcon.colcon_core.package_identification:_identify(src/mecanum_nodes) by extension 'colcon_meta'
[0.510s] Level 1:colcon.colcon_core.package_identification:_identify(src/mecanum_nodes) by extensions ['ros']
[0.510s] Level 1:colcon.colcon_core.package_identification:_identify(src/mecanum_nodes) by extension 'ros'
[0.526s] DEBUG:colcon.colcon_core.package_identification:Package 'src/mecanum_nodes' with type 'ros.ament_python' and name 'mecanum_nodes'
[0.526s] Level 1:colcon.colcon_core.package_identification:_identify(src/my_bot) by extensions ['ignore', 'ignore_ament_install']
[0.526s] Level 1:colcon.colcon_core.package_identification:_identify(src/my_bot) by extension 'ignore'
[0.526s] Level 1:colcon.colcon_core.package_identification:_identify(src/my_bot) by extension 'ignore_ament_install'
[0.526s] Level 1:colcon.colcon_core.package_identification:_identify(src/my_bot) by extensions ['colcon_pkg']
[0.527s] Level 1:colcon.colcon_core.package_identification:_identify(src/my_bot) by extension 'colcon_pkg'
[0.527s] Level 1:colcon.colcon_core.package_identification:_identify(src/my_bot) by extensions ['colcon_meta']
[0.527s] Level 1:colcon.colcon_core.package_identification:_identify(src/my_bot) by extension 'colcon_meta'
[0.527s] Level 1:colcon.colcon_core.package_identification:_identify(src/my_bot) by extensions ['ros']
[0.527s] Level 1:colcon.colcon_core.package_identification:_identify(src/my_bot) by extension 'ros'
[0.528s] DEBUG:colcon.colcon_core.package_identification:Package 'src/my_bot' with type 'ros.ament_python' and name 'my_bot'
[0.528s] Level 1:colcon.colcon_core.package_identification:_identify(src/resource) by extensions ['ignore', 'ignore_ament_install']
[0.528s] Level 1:colcon.colcon_core.package_identification:_identify(src/resource) by extension 'ignore'
[0.528s] Level 1:colcon.colcon_core.package_identification:_identify(src/resource) by extension 'ignore_ament_install'
[0.528s] Level 1:colcon.colcon_core.package_identification:_identify(src/resource) by extensions ['colcon_pkg']
[0.528s] Level 1:colcon.colcon_core.package_identification:_identify(src/resource) by extension 'colcon_pkg'
[0.528s] Level 1:colcon.colcon_core.package_identification:_identify(src/resource) by extensions ['colcon_meta']
[0.528s] Level 1:colcon.colcon_core.package_identification:_identify(src/resource) by extension 'colcon_meta'
[0.529s] Level 1:colcon.colcon_core.package_identification:_identify(src/resource) by extensions ['ros']
[0.529s] Level 1:colcon.colcon_core.package_identification:_identify(src/resource) by extension 'ros'
[0.529s] Level 1:colcon.colcon_core.package_identification:_identify(src/resource) by extensions ['cmake', 'python']
[0.529s] Level 1:colcon.colcon_core.package_identification:_identify(src/resource) by extension 'cmake'
[0.529s] Level 1:colcon.colcon_core.package_identification:_identify(src/resource) by extension 'python'
[0.529s] Level 1:colcon.colcon_core.package_identification:_identify(src/resource) by extensions ['python_setup_py']
[0.529s] Level 1:colcon.colcon_core.package_identification:_identify(src/resource) by extension 'python_setup_py'
[0.529s] Level 1:colcon.colcon_core.package_identification:_identify(src/test) by extensions ['ignore', 'ignore_ament_install']
[0.529s] Level 1:colcon.colcon_core.package_identification:_identify(src/test) by extension 'ignore'
[0.529s] Level 1:colcon.colcon_core.package_identification:_identify(src/test) by extension 'ignore_ament_install'
[0.529s] Level 1:colcon.colcon_core.package_identification:_identify(src/test) by extensions ['colcon_pkg']
[0.530s] Level 1:colcon.colcon_core.package_identification:_identify(src/test) by extension 'colcon_pkg'
[0.530s] Level 1:colcon.colcon_core.package_identification:_identify(src/test) by extensions ['colcon_meta']
[0.530s] Level 1:colcon.colcon_core.package_identification:_identify(src/test) by extension 'colcon_meta'
[0.530s] Level 1:colcon.colcon_core.package_identification:_identify(src/test) by extensions ['ros']
[0.530s] Level 1:colcon.colcon_core.package_identification:_identify(src/test) by extension 'ros'
[0.530s] Level 1:colcon.colcon_core.package_identification:_identify(src/test) by extensions ['cmake', 'python']
[0.530s] Level 1:colcon.colcon_core.package_identification:_identify(src/test) by extension 'cmake'
[0.530s] Level 1:colcon.colcon_core.package_identification:_identify(src/test) by extension 'python'
[0.530s] Level 1:colcon.colcon_core.package_identification:_identify(src/test) by extensions ['python_setup_py']
[0.530s] Level 1:colcon.colcon_core.package_identification:_identify(src/test) by extension 'python_setup_py'
[0.530s] Level 1:colcon.colcon_core.package_discovery:discover_packages(recursive) using defaults
[0.530s] Level 1:colcon.colcon_core.package_discovery:discover_packages(ignore) discover
[0.530s] Level 1:colcon.colcon_core.package_discovery:discover_packages(ignore) using defaults
[0.530s] Level 1:colcon.colcon_core.package_discovery:discover_packages(path) discover
[0.530s] Level 1:colcon.colcon_core.package_discovery:discover_packages(path) using defaults
[0.563s] Level 1:colcon.colcon_core.package_discovery:discover_packages(prefix_path) check parameters
[0.563s] Level 1:colcon.colcon_core.package_discovery:discover_packages(prefix_path) discover
[0.566s] DEBUG:colcon.colcon_installed_package_information.package_discovery:Found 2 installed packages in /home/tariq/sherlock_ros/install
[0.567s] DEBUG:colcon.colcon_installed_package_information.package_discovery:Found 9 installed packages in /home/tariq/linorobot2_ws/install
[0.568s] DEBUG:colcon.colcon_installed_package_information.package_discovery:Found 1 installed packages in /home/tariq/my_mec_botpytest/install
[0.570s] DEBUG:colcon.colcon_installed_package_information.package_discovery:Found 429 installed packages in /opt/ros/humble
[0.575s] Level 1:colcon.colcon_core.package_discovery:discover_packages(prefix_path) using defaults
[0.657s] Level 5:colcon.colcon_core.verb:set package 'mecanum_nodes' build argument 'cmake_args' from command line to 'None'
[0.657s] Level 5:colcon.colcon_core.verb:set package 'mecanum_nodes' build argument 'cmake_target' from command line to 'None'
[0.657s] Level 5:colcon.colcon_core.verb:set package 'mecanum_nodes' build argument 'cmake_target_skip_unavailable' from command line to 'False'
[0.657s] Level 5:colcon.colcon_core.verb:set package 'mecanum_nodes' build argument 'cmake_clean_cache' from command line to 'False'
[0.657s] Level 5:colcon.colcon_core.verb:set package 'mecanum_nodes' build argument 'cmake_clean_first' from command line to 'False'
[0.657s] Level 5:colcon.colcon_core.verb:set package 'mecanum_nodes' build argument 'cmake_force_configure' from command line to 'False'
[0.657s] Level 5:colcon.colcon_core.verb:set package 'mecanum_nodes' build argument 'ament_cmake_args' from command line to 'None'
[0.657s] Level 5:colcon.colcon_core.verb:set package 'mecanum_nodes' build argument 'catkin_cmake_args' from command line to 'None'
[0.657s] Level 5:colcon.colcon_core.verb:set package 'mecanum_nodes' build argument 'catkin_skip_building_tests' from command line to 'False'
[0.657s] DEBUG:colcon.colcon_core.verb:Building package 'mecanum_nodes' with the following arguments: {'ament_cmake_args': None, 'build_base': '/home/tariq/sherlock_ros/build/mecanum_nodes', 'catkin_cmake_args': None, 'catkin_skip_building_tests': False, 'cmake_args': None, 'cmake_clean_cache': False, 'cmake_clean_first': False, 'cmake_force_configure': False, 'cmake_target': None, 'cmake_target_skip_unavailable': False, 'install_base': '/home/tariq/sherlock_ros/install/mecanum_nodes', 'merge_install': False, 'path': '/home/tariq/sherlock_ros/src/mecanum_nodes', 'symlink_install': True, 'test_result_base': None}
[0.658s] Level 5:colcon.colcon_core.verb:set package 'my_bot' build argument 'cmake_args' from command line to 'None'
[0.658s] Level 5:colcon.colcon_core.verb:set package 'my_bot' build argument 'cmake_target' from command line to 'None'
[0.658s] Level 5:colcon.colcon_core.verb:set package 'my_bot' build argument 'cmake_target_skip_unavailable' from command line to 'False'
[0.658s] Level 5:colcon.colcon_core.verb:set package 'my_bot' build argument 'cmake_clean_cache' from command line to 'False'
[0.658s] Level 5:colcon.colcon_core.verb:set package 'my_bot' build argument 'cmake_clean_first' from command line to 'False'
[0.658s] Level 5:colcon.colcon_core.verb:set package 'my_bot' build argument 'cmake_force_configure' from command line to 'False'
[0.658s] Level 5:colcon.colcon_core.verb:set package 'my_bot' build argument 'ament_cmake_args' from command line to 'None'
[0.658s] Level 5:colcon.colcon_core.verb:set package 'my_bot' build argument 'catkin_cmake_args' from command line to 'None'
[0.658s] Level 5:colcon.colcon_core.verb:set package 'my_bot' build argument 'catkin_skip_building_tests' from command line to 'False'
[0.658s] DEBUG:colcon.colcon_core.verb:Building package 'my_bot' with the following arguments: {'ament_cmake_args': None, 'build_base': '/home/tariq/sherlock_ros/build/my_bot', 'catkin_cmake_args': None, 'catkin_skip_building_tests': False, 'cmake_args': None, 'cmake_clean_cache': False, 'cmake_clean_first': False, 'cmake_force_configure': False, 'cmake_target': None, 'cmake_target_skip_unavailable': False, 'install_base': '/home/tariq/sherlock_ros/install/my_bot', 'merge_install': False, 'path': '/home/tariq/sherlock_ros/src/my_bot', 'symlink_install': True, 'test_result_base': None}
[0.658s] INFO:colcon.colcon_core.executor:Executing jobs using 'parallel' executor
[0.659s] DEBUG:colcon.colcon_parallel_executor.executor.parallel:run_until_complete
[0.660s] INFO:colcon.colcon_ros.task.ament_python.build:Building ROS package in '/home/tariq/sherlock_ros/src/mecanum_nodes' with build type 'ament_python'
[0.660s] Level 1:colcon.colcon_core.shell:create_environment_hook('mecanum_nodes', 'ament_prefix_path')
[0.663s] INFO:colcon.colcon_core.plugin_system:Skipping extension 'colcon_core.shell.bat': Not used on non-Windows systems
[0.664s] INFO:colcon.colcon_core.shell:Creating environment hook '/home/tariq/sherlock_ros/install/mecanum_nodes/share/mecanum_nodes/hook/ament_prefix_path.ps1'
[0.665s] INFO:colcon.colcon_core.shell:Creating environment descriptor '/home/tariq/sherlock_ros/install/mecanum_nodes/share/mecanum_nodes/hook/ament_prefix_path.dsv'
[0.665s] INFO:colcon.colcon_core.shell:Creating environment hook '/home/tariq/sherlock_ros/install/mecanum_nodes/share/mecanum_nodes/hook/ament_prefix_path.sh'
[0.667s] INFO:colcon.colcon_core.shell:Skip shell extension 'powershell' for command environment: Not usable outside of PowerShell
[0.667s] DEBUG:colcon.colcon_core.shell:Skip shell extension 'dsv' for command environment
[0.675s] INFO:colcon.colcon_ros.task.ament_python.build:Building ROS package in '/home/tariq/sherlock_ros/src/my_bot' with build type 'ament_python'
[0.675s] Level 1:colcon.colcon_core.shell:create_environment_hook('my_bot', 'ament_prefix_path')
[0.675s] INFO:colcon.colcon_core.shell:Creating environment hook '/home/tariq/sherlock_ros/install/my_bot/share/my_bot/hook/ament_prefix_path.ps1'
[0.676s] INFO:colcon.colcon_core.shell:Creating environment descriptor '/home/tariq/sherlock_ros/install/my_bot/share/my_bot/hook/ament_prefix_path.dsv'
[0.677s] INFO:colcon.colcon_core.shell:Creating environment hook '/home/tariq/sherlock_ros/install/my_bot/share/my_bot/hook/ament_prefix_path.sh'
[0.678s] INFO:colcon.colcon_core.shell:Skip shell extension 'powershell' for command environment: Not usable outside of PowerShell
[0.678s] DEBUG:colcon.colcon_core.shell:Skip shell extension 'dsv' for command environment
[1.184s] INFO:colcon.colcon_core.task.python.build:Building Python package in '/home/tariq/sherlock_ros/src/mecanum_nodes'
[1.185s] INFO:colcon.colcon_core.shell:Skip shell extension 'powershell' for command environment: Not usable outside of PowerShell
[1.185s] DEBUG:colcon.colcon_core.shell:Skip shell extension 'dsv' for command environment
[1.679s] INFO:colcon.colcon_core.task.python.build:Building Python package in '/home/tariq/sherlock_ros/src/my_bot'
[1.679s] INFO:colcon.colcon_core.shell:Skip shell extension 'powershell' for command environment: Not usable outside of PowerShell
[1.679s] DEBUG:colcon.colcon_core.shell:Skip shell extension 'dsv' for command environment
[2.486s] DEBUG:colcon.colcon_core.event_handler.log_command:Invoking command in '/home/tariq/sherlock_ros/build/mecanum_nodes': PYTHONPATH=/home/tariq/sherlock_ros/build/mecanum_nodes/prefix_override:/usr/lib/python3/dist-packages/colcon_core/task/python/colcon_distutils_commands:/home/tariq/sherlock_ros/install/mecanum_nodes/lib/python3.10/site-packages:${PYTHONPATH} /usr/bin/python3 -W ignore:setup.py install is deprecated -W ignore:easy_install command is deprecated setup.py develop --editable --build-directory /home/tariq/sherlock_ros/build/mecanum_nodes/build --no-deps symlink_data
[2.492s] DEBUG:colcon.colcon_core.event_handler.log_command:Invoking command in '/home/tariq/sherlock_ros/build/my_bot': PYTHONPATH=/home/tariq/sherlock_ros/build/my_bot/prefix_override:/usr/lib/python3/dist-packages/colcon_core/task/python/colcon_distutils_commands:/home/tariq/sherlock_ros/install/my_bot/lib/python3.10/site-packages:${PYTHONPATH} /usr/bin/python3 -W ignore:setup.py install is deprecated -W ignore:easy_install command is deprecated setup.py develop --editable --build-directory /home/tariq/sherlock_ros/build/my_bot/build --no-deps symlink_data
[3.621s] Level 1:colcon.colcon_core.shell:create_environment_hook('mecanum_nodes', 'pythonpath_develop')
[3.622s] INFO:colcon.colcon_core.shell:Creating environment hook '/home/tariq/sherlock_ros/build/mecanum_nodes/share/mecanum_nodes/hook/pythonpath_develop.ps1'
[3.623s] DEBUG:colcon.colcon_core.event_handler.log_command:Invoked command in '/home/tariq/sherlock_ros/build/mecanum_nodes' returned '0': PYTHONPATH=/home/tariq/sherlock_ros/build/mecanum_nodes/prefix_override:/usr/lib/python3/dist-packages/colcon_core/task/python/colcon_distutils_commands:/home/tariq/sherlock_ros/install/mecanum_nodes/lib/python3.10/site-packages:${PYTHONPATH} /usr/bin/python3 -W ignore:setup.py install is deprecated -W ignore:easy_install command is deprecated setup.py develop --editable --build-directory /home/tariq/sherlock_ros/build/mecanum_nodes/build --no-deps symlink_data
[3.625s] INFO:colcon.colcon_core.shell:Creating environment descriptor '/home/tariq/sherlock_ros/build/mecanum_nodes/share/mecanum_nodes/hook/pythonpath_develop.dsv'
[3.626s] INFO:colcon.colcon_core.shell:Creating environment hook '/home/tariq/sherlock_ros/build/mecanum_nodes/share/mecanum_nodes/hook/pythonpath_develop.sh'
[3.633s] Level 1:colcon.colcon_core.environment:checking '/home/tariq/sherlock_ros/install/mecanum_nodes' for CMake module files
[3.634s] Level 1:colcon.colcon_core.environment:checking '/home/tariq/sherlock_ros/install/mecanum_nodes' for CMake config files
[3.636s] Level 1:colcon.colcon_core.environment:checking '/home/tariq/sherlock_ros/install/mecanum_nodes/lib'
[3.636s] Level 1:colcon.colcon_core.environment:checking '/home/tariq/sherlock_ros/install/mecanum_nodes/bin'
[3.636s] Level 1:colcon.colcon_core.environment:checking '/home/tariq/sherlock_ros/install/mecanum_nodes/lib/pkgconfig/mecanum_nodes.pc'
[3.637s] Level 1:colcon.colcon_core.environment:checking '/home/tariq/sherlock_ros/install/mecanum_nodes/lib/python3.10/site-packages'
[3.637s] Level 1:colcon.colcon_core.shell:create_environment_hook('mecanum_nodes', 'pythonpath')
[3.637s] INFO:colcon.colcon_core.shell:Creating environment hook '/home/tariq/sherlock_ros/install/mecanum_nodes/share/mecanum_nodes/hook/pythonpath.ps1'
[3.638s] INFO:colcon.colcon_core.shell:Creating environment descriptor '/home/tariq/sherlock_ros/install/mecanum_nodes/share/mecanum_nodes/hook/pythonpath.dsv'
[3.639s] INFO:colcon.colcon_core.shell:Creating environment hook '/home/tariq/sherlock_ros/install/mecanum_nodes/share/mecanum_nodes/hook/pythonpath.sh'
[3.640s] Level 1:colcon.colcon_core.environment:checking '/home/tariq/sherlock_ros/install/mecanum_nodes/bin'
[3.640s] Level 1:colcon.colcon_core.environment:create_environment_scripts_only(mecanum_nodes)
[3.641s] INFO:colcon.colcon_core.shell:Creating package script '/home/tariq/sherlock_ros/install/mecanum_nodes/share/mecanum_nodes/package.ps1'
[3.643s] INFO:colcon.colcon_core.shell:Creating package descriptor '/home/tariq/sherlock_ros/install/mecanum_nodes/share/mecanum_nodes/package.dsv'
[3.645s] INFO:colcon.colcon_core.shell:Creating package script '/home/tariq/sherlock_ros/install/mecanum_nodes/share/mecanum_nodes/package.sh'
[3.646s] INFO:colcon.colcon_core.shell:Creating package script '/home/tariq/sherlock_ros/install/mecanum_nodes/share/mecanum_nodes/package.bash'
[3.648s] INFO:colcon.colcon_core.shell:Creating package script '/home/tariq/sherlock_ros/install/mecanum_nodes/share/mecanum_nodes/package.zsh'
[3.649s] Level 1:colcon.colcon_core.environment:create_file_with_runtime_dependencies(/home/tariq/sherlock_ros/install/mecanum_nodes/share/colcon-core/packages/mecanum_nodes)
[3.652s] Level 1:colcon.colcon_core.shell:create_environment_hook('my_bot', 'pythonpath_develop')
[3.652s] INFO:colcon.colcon_core.shell:Creating environment hook '/home/tariq/sherlock_ros/build/my_bot/share/my_bot/hook/pythonpath_develop.ps1'
[3.654s] DEBUG:colcon.colcon_core.event_handler.log_command:Invoked command in '/home/tariq/sherlock_ros/build/my_bot' returned '0': PYTHONPATH=/home/tariq/sherlock_ros/build/my_bot/prefix_override:/usr/lib/python3/dist-packages/colcon_core/task/python/colcon_distutils_commands:/home/tariq/sherlock_ros/install/my_bot/lib/python3.10/site-packages:${PYTHONPATH} /usr/bin/python3 -W ignore:setup.py install is deprecated -W ignore:easy_install command is deprecated setup.py develop --editable --build-directory /home/tariq/sherlock_ros/build/my_bot/build --no-deps symlink_data
[3.654s] INFO:colcon.colcon_core.shell:Creating environment descriptor '/home/tariq/sherlock_ros/build/my_bot/share/my_bot/hook/pythonpath_develop.dsv'
[3.655s] INFO:colcon.colcon_core.shell:Creating environment hook '/home/tariq/sherlock_ros/build/my_bot/share/my_bot/hook/pythonpath_develop.sh'
[3.656s] Level 1:colcon.colcon_core.environment:checking '/home/tariq/sherlock_ros/install/my_bot' for CMake module files
[3.657s] Level 1:colcon.colcon_core.environment:checking '/home/tariq/sherlock_ros/install/my_bot' for CMake config files
[3.658s] Level 1:colcon.colcon_core.environment:checking '/home/tariq/sherlock_ros/install/my_bot/lib'
[3.658s] Level 1:colcon.colcon_core.environment:checking '/home/tariq/sherlock_ros/install/my_bot/bin'
[3.659s] Level 1:colcon.colcon_core.environment:checking '/home/tariq/sherlock_ros/install/my_bot/lib/pkgconfig/my_bot.pc'
[3.659s] Level 1:colcon.colcon_core.environment:checking '/home/tariq/sherlock_ros/install/my_bot/lib/python3.10/site-packages'
[3.659s] Level 1:colcon.colcon_core.shell:create_environment_hook('my_bot', 'pythonpath')
[3.660s] INFO:colcon.colcon_core.shell:Creating environment hook '/home/tariq/sherlock_ros/install/my_bot/share/my_bot/hook/pythonpath.ps1'
[3.661s] INFO:colcon.colcon_core.shell:Creating environment descriptor '/home/tariq/sherlock_ros/install/my_bot/share/my_bot/hook/pythonpath.dsv'
[3.661s] INFO:colcon.colcon_core.shell:Creating environment hook '/home/tariq/sherlock_ros/install/my_bot/share/my_bot/hook/pythonpath.sh'
[3.662s] Level 1:colcon.colcon_core.environment:checking '/home/tariq/sherlock_ros/install/my_bot/bin'
[3.662s] Level 1:colcon.colcon_core.environment:create_environment_scripts_only(my_bot)
[3.663s] INFO:colcon.colcon_core.shell:Creating package script '/home/tariq/sherlock_ros/install/my_bot/share/my_bot/package.ps1'
[3.664s] INFO:colcon.colcon_core.shell:Creating package descriptor '/home/tariq/sherlock_ros/install/my_bot/share/my_bot/package.dsv'
[3.665s] INFO:colcon.colcon_core.shell:Creating package script '/home/tariq/sherlock_ros/install/my_bot/share/my_bot/package.sh'
[3.666s] INFO:colcon.colcon_core.shell:Creating package script '/home/tariq/sherlock_ros/install/my_bot/share/my_bot/package.bash'
[3.667s] INFO:colcon.colcon_core.shell:Creating package script '/home/tariq/sherlock_ros/install/my_bot/share/my_bot/package.zsh'
[3.667s] Level 1:colcon.colcon_core.environment:create_file_with_runtime_dependencies(/home/tariq/sherlock_ros/install/my_bot/share/colcon-core/packages/my_bot)
[3.668s] DEBUG:colcon.colcon_parallel_executor.executor.parallel:closing loop
[3.668s] DEBUG:colcon.colcon_parallel_executor.executor.parallel:loop closed
[3.668s] DEBUG:colcon.colcon_parallel_executor.executor.parallel:run_until_complete finished with '0'
[3.669s] DEBUG:colcon.colcon_core.event_reactor:joining thread
[3.682s] INFO:colcon.colcon_core.plugin_system:Skipping extension 'colcon_notification.desktop_notification.terminal_notifier': Not used on non-Darwin systems
[3.683s] INFO:colcon.colcon_core.plugin_system:Skipping extension 'colcon_notification.desktop_notification.win32': Not used on non-Windows systems
[3.683s] INFO:colcon.colcon_notification.desktop_notification:Sending desktop notification using 'notify2'
[3.706s] DEBUG:colcon.colcon_core.event_reactor:joined thread
[3.707s] INFO:colcon.colcon_core.shell:Creating prefix script '/home/tariq/sherlock_ros/install/local_setup.ps1'
[3.709s] INFO:colcon.colcon_core.shell:Creating prefix util module '/home/tariq/sherlock_ros/install/_local_setup_util_ps1.py'
[3.712s] INFO:colcon.colcon_core.shell:Creating prefix chain script '/home/tariq/sherlock_ros/install/setup.ps1'
[3.717s] INFO:colcon.colcon_core.shell:Creating prefix script '/home/tariq/sherlock_ros/install/local_setup.sh'
[3.718s] INFO:colcon.colcon_core.shell:Creating prefix util module '/home/tariq/sherlock_ros/install/_local_setup_util_sh.py'
[3.720s] INFO:colcon.colcon_core.shell:Creating prefix chain script '/home/tariq/sherlock_ros/install/setup.sh'
[3.725s] INFO:colcon.colcon_core.shell:Creating prefix script '/home/tariq/sherlock_ros/install/local_setup.bash'
[3.727s] INFO:colcon.colcon_core.shell:Creating prefix chain script '/home/tariq/sherlock_ros/install/setup.bash'
[3.731s] INFO:colcon.colcon_core.shell:Creating prefix script '/home/tariq/sherlock_ros/install/local_setup.zsh'
[3.732s] INFO:colcon.colcon_core.shell:Creating prefix chain script '/home/tariq/sherlock_ros/install/setup.zsh'
