[0.327s] Invoking command in '/home/sheitej/sherlock_ros/sherlock_ros-main_Cpp/src/mecanum_nodes': PYTHONPATH=/home/sheitej/sherlock_ros/sherlock_ros-main_Cpp/build/mecanum_nodes/prefix_override:/usr/lib/python3/dist-packages/colcon_core/task/python/colcon_distutils_commands:/home/sheitej/sherlock_ros/sherlock_ros-main_Cpp/install/mecanum_nodes/lib/python3.10/site-packages:${PYTHONPATH} /usr/bin/python3 -W ignore:setup.py install is deprecated -W ignore:easy_install command is deprecated setup.py egg_info --egg-base ../../build/mecanum_nodes build --build-base /home/sheitej/sherlock_ros/sherlock_ros-main_Cpp/build/mecanum_nodes/build install --record /home/sheitej/sherlock_ros/sherlock_ros-main_Cpp/build/mecanum_nodes/install.log --single-version-externally-managed install_data
[0.442s] running egg_info
[0.442s] writing ../../build/mecanum_nodes/mecanum_nodes.egg-info/PKG-INFO
[0.443s] writing dependency_links to ../../build/mecanum_nodes/mecanum_nodes.egg-info/dependency_links.txt
[0.443s] writing entry points to ../../build/mecanum_nodes/mecanum_nodes.egg-info/entry_points.txt
[0.443s] writing requirements to ../../build/mecanum_nodes/mecanum_nodes.egg-info/requires.txt
[0.443s] writing top-level names to ../../build/mecanum_nodes/mecanum_nodes.egg-info/top_level.txt
[0.444s] reading manifest file '../../build/mecanum_nodes/mecanum_nodes.egg-info/SOURCES.txt'
[0.445s] writing manifest file '../../build/mecanum_nodes/mecanum_nodes.egg-info/SOURCES.txt'
[0.445s] running build
[0.445s] running build_py
[0.445s] running install
[0.446s] running install_lib
[0.446s] running install_data
[0.446s] running install_egg_info
[0.446s] removing '/home/sheitej/sherlock_ros/sherlock_ros-main_Cpp/install/mecanum_nodes/lib/python3.10/site-packages/mecanum_nodes-0.0.1-py3.10.egg-info' (and everything under it)
[0.446s] Copying ../../build/mecanum_nodes/mecanum_nodes.egg-info to /home/sheitej/sherlock_ros/sherlock_ros-main_Cpp/install/mecanum_nodes/lib/python3.10/site-packages/mecanum_nodes-0.0.1-py3.10.egg-info
[0.447s] running install_scripts
[0.460s] Installing controller script to /home/sheitej/sherlock_ros/sherlock_ros-main_Cpp/install/mecanum_nodes/lib/mecanum_nodes
[0.460s] Installing planner script to /home/sheitej/sherlock_ros/sherlock_ros-main_Cpp/install/mecanum_nodes/lib/mecanum_nodes
[0.460s] Installing serial_sub script to /home/sheitej/sherlock_ros/sherlock_ros-main_Cpp/install/mecanum_nodes/lib/mecanum_nodes
[0.460s] Installing stepper_pub script to /home/sheitej/sherlock_ros/sherlock_ros-main_Cpp/install/mecanum_nodes/lib/mecanum_nodes
[0.460s] writing list of installed files to '/home/sheitej/sherlock_ros/sherlock_ros-main_Cpp/build/mecanum_nodes/install.log'
[0.478s] Invoked command in '/home/sheitej/sherlock_ros/sherlock_ros-main_Cpp/src/mecanum_nodes' returned '0': PYTHONPATH=/home/sheitej/sherlock_ros/sherlock_ros-main_Cpp/build/mecanum_nodes/prefix_override:/usr/lib/python3/dist-packages/colcon_core/task/python/colcon_distutils_commands:/home/sheitej/sherlock_ros/sherlock_ros-main_Cpp/install/mecanum_nodes/lib/python3.10/site-packages:${PYTHONPATH} /usr/bin/python3 -W ignore:setup.py install is deprecated -W ignore:easy_install command is deprecated setup.py egg_info --egg-base ../../build/mecanum_nodes build --build-base /home/sheitej/sherlock_ros/sherlock_ros-main_Cpp/build/mecanum_nodes/build install --record /home/sheitej/sherlock_ros/sherlock_ros-main_Cpp/build/mecanum_nodes/install.log --single-version-externally-managed install_data
