[1.910s] Invoking command in '/home/tariq/sherlock_ros/build/mecanum_nodes': PYTHONPATH=/home/tariq/sherlock_ros/build/mecanum_nodes/prefix_override:/usr/lib/python3/dist-packages/colcon_core/task/python/colcon_distutils_commands:/home/tariq/sherlock_ros/install/mecanum_nodes/lib/python3.10/site-packages:${PYTHONPATH} /usr/bin/python3 -W ignore:setup.py install is deprecated -W ignore:easy_install command is deprecated setup.py develop --editable --build-directory /home/tariq/sherlock_ros/build/mecanum_nodes/build --no-deps symlink_data
[2.533s] running develop
[2.991s] running egg_info
[2.991s] writing mecanum_nodes.egg-info/PKG-INFO
[2.992s] writing dependency_links to mecanum_nodes.egg-info/dependency_links.txt
[2.992s] writing entry points to mecanum_nodes.egg-info/entry_points.txt
[2.992s] writing requirements to mecanum_nodes.egg-info/requires.txt
[2.993s] writing top-level names to mecanum_nodes.egg-info/top_level.txt
[2.996s] reading manifest file 'mecanum_nodes.egg-info/SOURCES.txt'
[2.999s] writing manifest file 'mecanum_nodes.egg-info/SOURCES.txt'
[3.001s] running build_ext
[3.001s] Creating /home/tariq/sherlock_ros/install/mecanum_nodes/lib/python3.10/site-packages/mecanum-nodes.egg-link (link to .)
[3.004s] Installing controller script to /home/tariq/sherlock_ros/install/mecanum_nodes/lib/mecanum_nodes
[3.004s] Installing planner script to /home/tariq/sherlock_ros/install/mecanum_nodes/lib/mecanum_nodes
[3.005s] Installing serial_sub script to /home/tariq/sherlock_ros/install/mecanum_nodes/lib/mecanum_nodes
[3.005s] Installing stepper_pub script to /home/tariq/sherlock_ros/install/mecanum_nodes/lib/mecanum_nodes
[3.005s] 
[3.006s] Installed /home/tariq/sherlock_ros/build/mecanum_nodes
[3.006s] running symlink_data
[3.093s] Invoked command in '/home/tariq/sherlock_ros/build/mecanum_nodes' returned '0': PYTHONPATH=/home/tariq/sherlock_ros/build/mecanum_nodes/prefix_override:/usr/lib/python3/dist-packages/colcon_core/task/python/colcon_distutils_commands:/home/tariq/sherlock_ros/install/mecanum_nodes/lib/python3.10/site-packages:${PYTHONPATH} /usr/bin/python3 -W ignore:setup.py install is deprecated -W ignore:easy_install command is deprecated setup.py develop --editable --build-directory /home/tariq/sherlock_ros/build/mecanum_nodes/build --no-deps symlink_data
