[1.824s] Invoking command in '/home/tariq/sherlock_ros/build/mecanum_nodes': PYTHONPATH=/home/tariq/sherlock_ros/build/mecanum_nodes/prefix_override:/usr/lib/python3/dist-packages/colcon_core/task/python/colcon_distutils_commands:/home/tariq/sherlock_ros/install/mecanum_nodes/lib/python3.10/site-packages:${PYTHONPATH} /usr/bin/python3 -W ignore:setup.py install is deprecated -W ignore:easy_install command is deprecated setup.py develop --editable --build-directory /home/tariq/sherlock_ros/build/mecanum_nodes/build --no-deps symlink_data
[2.440s] running develop
[2.889s] running egg_info
[2.890s] writing mecanum_nodes.egg-info/PKG-INFO
[2.890s] writing dependency_links to mecanum_nodes.egg-info/dependency_links.txt
[2.891s] writing entry points to mecanum_nodes.egg-info/entry_points.txt
[2.891s] writing requirements to mecanum_nodes.egg-info/requires.txt
[2.891s] writing top-level names to mecanum_nodes.egg-info/top_level.txt
[2.895s] reading manifest file 'mecanum_nodes.egg-info/SOURCES.txt'
[2.897s] writing manifest file 'mecanum_nodes.egg-info/SOURCES.txt'
[2.900s] running build_ext
[2.901s] Creating /home/tariq/sherlock_ros/install/mecanum_nodes/lib/python3.10/site-packages/mecanum-nodes.egg-link (link to .)
[2.902s] Installing controller script to /home/tariq/sherlock_ros/install/mecanum_nodes/lib/mecanum_nodes
[2.902s] Installing planner script to /home/tariq/sherlock_ros/install/mecanum_nodes/lib/mecanum_nodes
[2.902s] Installing serial_sub script to /home/tariq/sherlock_ros/install/mecanum_nodes/lib/mecanum_nodes
[2.902s] Installing stepper_pub script to /home/tariq/sherlock_ros/install/mecanum_nodes/lib/mecanum_nodes
[2.903s] 
[2.903s] Installed /home/tariq/sherlock_ros/build/mecanum_nodes
[2.903s] running symlink_data
[2.962s] Invoked command in '/home/tariq/sherlock_ros/build/mecanum_nodes' returned '0': PYTHONPATH=/home/tariq/sherlock_ros/build/mecanum_nodes/prefix_override:/usr/lib/python3/dist-packages/colcon_core/task/python/colcon_distutils_commands:/home/tariq/sherlock_ros/install/mecanum_nodes/lib/python3.10/site-packages:${PYTHONPATH} /usr/bin/python3 -W ignore:setup.py install is deprecated -W ignore:easy_install command is deprecated setup.py develop --editable --build-directory /home/tariq/sherlock_ros/build/mecanum_nodes/build --no-deps symlink_data
