[1.858s] Invoking command in '/home/tariq/sherlock_ros/build/mecanum_nodes': PYTHONPATH=/home/tariq/sherlock_ros/build/mecanum_nodes/prefix_override:/usr/lib/python3/dist-packages/colcon_core/task/python/colcon_distutils_commands:/home/tariq/sherlock_ros/install/mecanum_nodes/lib/python3.10/site-packages:${PYTHONPATH} /usr/bin/python3 -W ignore:setup.py install is deprecated -W ignore:easy_install command is deprecated setup.py develop --editable --build-directory /home/tariq/sherlock_ros/build/mecanum_nodes/build --no-deps symlink_data
[2.492s] running develop
[2.951s] running egg_info
[2.952s] writing mecanum_nodes.egg-info/PKG-INFO
[2.952s] writing dependency_links to mecanum_nodes.egg-info/dependency_links.txt
[2.952s] writing entry points to mecanum_nodes.egg-info/entry_points.txt
[2.953s] writing requirements to mecanum_nodes.egg-info/requires.txt
[2.953s] writing top-level names to mecanum_nodes.egg-info/top_level.txt
[2.958s] reading manifest file 'mecanum_nodes.egg-info/SOURCES.txt'
[2.960s] writing manifest file 'mecanum_nodes.egg-info/SOURCES.txt'
[2.964s] running build_ext
[2.964s] Creating /home/tariq/sherlock_ros/install/mecanum_nodes/lib/python3.10/site-packages/mecanum-nodes.egg-link (link to .)
[2.965s] Installing controller script to /home/tariq/sherlock_ros/install/mecanum_nodes/lib/mecanum_nodes
[2.966s] Installing planner script to /home/tariq/sherlock_ros/install/mecanum_nodes/lib/mecanum_nodes
[2.966s] Installing serial_sub script to /home/tariq/sherlock_ros/install/mecanum_nodes/lib/mecanum_nodes
[2.967s] Installing stepper_pub script to /home/tariq/sherlock_ros/install/mecanum_nodes/lib/mecanum_nodes
[2.967s] 
[2.967s] Installed /home/tariq/sherlock_ros/build/mecanum_nodes
[2.968s] running symlink_data
[3.053s] Invoked command in '/home/tariq/sherlock_ros/build/mecanum_nodes' returned '0': PYTHONPATH=/home/tariq/sherlock_ros/build/mecanum_nodes/prefix_override:/usr/lib/python3/dist-packages/colcon_core/task/python/colcon_distutils_commands:/home/tariq/sherlock_ros/install/mecanum_nodes/lib/python3.10/site-packages:${PYTHONPATH} /usr/bin/python3 -W ignore:setup.py install is deprecated -W ignore:easy_install command is deprecated setup.py develop --editable --build-directory /home/tariq/sherlock_ros/build/mecanum_nodes/build --no-deps symlink_data
