[1.984s] Invoking command in '/home/tariq/sherlock_ros/build/mecanum_nodes': PYTHONPATH=/home/tariq/sherlock_ros/build/mecanum_nodes/prefix_override:/usr/lib/python3/dist-packages/colcon_core/task/python/colcon_distutils_commands:/home/tariq/sherlock_ros/install/mecanum_nodes/lib/python3.10/site-packages:${PYTHONPATH} /usr/bin/python3 -W ignore:setup.py install is deprecated -W ignore:easy_install command is deprecated setup.py develop --editable --build-directory /home/tariq/sherlock_ros/build/mecanum_nodes/build --no-deps symlink_data
[2.608s] running develop
[3.065s] running egg_info
[3.066s] writing mecanum_nodes.egg-info/PKG-INFO
[3.066s] writing dependency_links to mecanum_nodes.egg-info/dependency_links.txt
[3.067s] writing entry points to mecanum_nodes.egg-info/entry_points.txt
[3.067s] writing requirements to mecanum_nodes.egg-info/requires.txt
[3.067s] writing top-level names to mecanum_nodes.egg-info/top_level.txt
[3.071s] reading manifest file 'mecanum_nodes.egg-info/SOURCES.txt'
[3.073s] writing manifest file 'mecanum_nodes.egg-info/SOURCES.txt'
[3.076s] running build_ext
[3.077s] Creating /home/tariq/sherlock_ros/install/mecanum_nodes/lib/python3.10/site-packages/mecanum-nodes.egg-link (link to .)
[3.078s] Installing controller script to /home/tariq/sherlock_ros/install/mecanum_nodes/lib/mecanum_nodes
[3.079s] Installing planner script to /home/tariq/sherlock_ros/install/mecanum_nodes/lib/mecanum_nodes
[3.080s] Installing serial_sub script to /home/tariq/sherlock_ros/install/mecanum_nodes/lib/mecanum_nodes
[3.080s] Installing stepper_pub script to /home/tariq/sherlock_ros/install/mecanum_nodes/lib/mecanum_nodes
[3.080s] 
[3.081s] Installed /home/tariq/sherlock_ros/build/mecanum_nodes
[3.081s] running symlink_data
[3.136s] Invoked command in '/home/tariq/sherlock_ros/build/mecanum_nodes' returned '0': PYTHONPATH=/home/tariq/sherlock_ros/build/mecanum_nodes/prefix_override:/usr/lib/python3/dist-packages/colcon_core/task/python/colcon_distutils_commands:/home/tariq/sherlock_ros/install/mecanum_nodes/lib/python3.10/site-packages:${PYTHONPATH} /usr/bin/python3 -W ignore:setup.py install is deprecated -W ignore:easy_install command is deprecated setup.py develop --editable --build-directory /home/tariq/sherlock_ros/build/mecanum_nodes/build --no-deps symlink_data
