[1.193s] Invoking command in '/home/tariq/sherlock_ros/build/mecanum_nodes': PYTHONPATH=/home/tariq/sherlock_ros/build/mecanum_nodes/prefix_override:/usr/lib/python3/dist-packages/colcon_core/task/python/colcon_distutils_commands:/home/tariq/sherlock_ros/install/mecanum_nodes/lib/python3.10/site-packages:${PYTHONPATH} /usr/bin/python3 -W ignore:setup.py install is deprecated -W ignore:easy_install command is deprecated setup.py develop --editable --build-directory /home/tariq/sherlock_ros/build/mecanum_nodes/build --no-deps symlink_data
[1.546s] running develop
[1.741s] running egg_info
[1.741s] writing mecanum_nodes.egg-info/PKG-INFO
[1.742s] writing dependency_links to mecanum_nodes.egg-info/dependency_links.txt
[1.742s] writing entry points to mecanum_nodes.egg-info/entry_points.txt
[1.742s] writing requirements to mecanum_nodes.egg-info/requires.txt
[1.742s] writing top-level names to mecanum_nodes.egg-info/top_level.txt
[1.743s] reading manifest file 'mecanum_nodes.egg-info/SOURCES.txt'
[1.744s] writing manifest file 'mecanum_nodes.egg-info/SOURCES.txt'
[1.745s] running build_ext
[1.745s] Creating /home/tariq/sherlock_ros/install/mecanum_nodes/lib/python3.10/site-packages/mecanum-nodes.egg-link (link to .)
[1.746s] Installing controller script to /home/tariq/sherlock_ros/install/mecanum_nodes/lib/mecanum_nodes
[1.746s] Installing planner script to /home/tariq/sherlock_ros/install/mecanum_nodes/lib/mecanum_nodes
[1.746s] Installing serial_sub script to /home/tariq/sherlock_ros/install/mecanum_nodes/lib/mecanum_nodes
[1.747s] Installing stepper_pub script to /home/tariq/sherlock_ros/install/mecanum_nodes/lib/mecanum_nodes
[1.747s] 
[1.747s] Installed /home/tariq/sherlock_ros/build/mecanum_nodes
[1.747s] running symlink_data
[1.771s] Invoked command in '/home/tariq/sherlock_ros/build/mecanum_nodes' returned '0': PYTHONPATH=/home/tariq/sherlock_ros/build/mecanum_nodes/prefix_override:/usr/lib/python3/dist-packages/colcon_core/task/python/colcon_distutils_commands:/home/tariq/sherlock_ros/install/mecanum_nodes/lib/python3.10/site-packages:${PYTHONPATH} /usr/bin/python3 -W ignore:setup.py install is deprecated -W ignore:easy_install command is deprecated setup.py develop --editable --build-directory /home/tariq/sherlock_ros/build/mecanum_nodes/build --no-deps symlink_data
